{"meta": {"format": 3, "version": "7.9.2", "timestamp": "2025-10-23T21:12:51.538064", "branch_coverage": false, "show_contexts": false}, "files": {"src/__init__.py": {"executed_lines": [0], "summary": {"covered_lines": 0, "num_statements": 0, "percent_covered": 100.0, "percent_covered_display": "100", "missing_lines": 0, "excluded_lines": 0}, "missing_lines": [], "excluded_lines": [], "functions": {"": {"executed_lines": [], "summary": {"covered_lines": 0, "num_statements": 0, "percent_covered": 100.0, "percent_covered_display": "100", "missing_lines": 0, "excluded_lines": 0}, "missing_lines": [], "excluded_lines": []}}, "classes": {"": {"executed_lines": [], "summary": {"covered_lines": 0, "num_statements": 0, "percent_covered": 100.0, "percent_covered_display": "100", "missing_lines": 0, "excluded_lines": 0}, "missing_lines": [], "excluded_lines": []}}}, "src/ai/__init__.py": {"executed_lines": [0], "summary": {"covered_lines": 0, "num_statements": 0, "percent_covered": 100.0, "percent_covered_display": "100", "missing_lines": 0, "excluded_lines": 0}, "missing_lines": [], "excluded_lines": [], "functions": {"": {"executed_lines": [], "summary": {"covered_lines": 0, "num_statements": 0, "percent_covered": 100.0, "percent_covered_display": "100", "missing_lines": 0, "excluded_lines": 0}, "missing_lines": [], "excluded_lines": []}}, "classes": {"": {"executed_lines": [], "summary": {"covered_lines": 0, "num_statements": 0, "percent_covered": 100.0, "percent_covered_display": "100", "missing_lines": 0, "excluded_lines": 0}, "missing_lines": [], "excluded_lines": []}}}, "src/ai/description_generator.py": {"executed_lines": [1, 16, 17, 18, 19, 20, 22, 23, 26, 33, 34, 35, 36, 47, 50, 51, 58, 61, 77, 78, 79, 80, 83, 106, 108, 115, 120, 121, 124, 133, 134, 135, 136, 137, 142, 221, 262, 334, 346, 347, 349, 352, 353, 356, 357, 360, 361, 364, 365, 368, 374, 375], "summary": {"covered_lines": 50, "num_statements": 177, "percent_covered": 28.24858757062147, "percent_covered_display": "28", "missing_lines": 127, "excluded_lines": 0}, "missing_lines": [138, 139, 160, 161, 162, 164, 167, 169, 170, 172, 173, 176, 178, 180, 185, 186, 187, 189, 190, 191, 192, 193, 197, 198, 199, 201, 202, 203, 204, 206, 209, 210, 211, 212, 213, 214, 218, 231, 234, 237, 240, 242, 244, 245, 246, 249, 250, 251, 252, 253, 256, 257, 259, 296, 299, 302, 310, 311, 312, 314, 317, 323, 324, 327, 328, 329, 331, 366, 419, 420, 421, 426, 431, 432, 433, 434, 435, 436, 439, 440, 442, 446, 447, 448, 449, 450, 451, 452, 454, 455, 457, 459, 460, 461, 462, 467, 468, 473, 476, 479, 480, 484, 486, 490, 491, 492, 496, 499, 500, 501, 506, 507, 510, 511, 515, 516, 519, 521, 525, 527, 528, 529, 530, 531, 533, 535, 536], "excluded_lines": [], "functions": {"load_prompt_template": {"executed_lines": [77, 78, 79, 80], "summary": {"covered_lines": 4, "num_statements": 4, "percent_covered": 100.0, "percent_covered_display": "100", "missing_lines": 0, "excluded_lines": 0}, "missing_lines": [], "excluded_lines": []}, "format_prompt": {"executed_lines": [106, 108, 115, 120, 121], "summary": {"covered_lines": 5, "num_statements": 5, "percent_covered": 100.0, "percent_covered_display": "100", "missing_lines": 0, "excluded_lines": 0}, "missing_lines": [], "excluded_lines": []}, "save_debug_prompt": {"executed_lines": [133, 134, 135, 136, 137], "summary": {"covered_lines": 5, "num_statements": 7, "percent_covered": 71.42857142857143, "percent_covered_display": "71", "missing_lines": 2, "excluded_lines": 0}, "missing_lines": [138, 139], "excluded_lines": []}, "_fetch_and_select_model": {"executed_lines": [], "summary": {"covered_lines": 0, "num_statements": 35, "percent_covered": 0.0, "percent_covered_display": "0", "missing_lines": 35, "excluded_lines": 0}, "missing_lines": [160, 161, 162, 164, 167, 169, 170, 172, 173, 176, 178, 180, 185, 186, 187, 189, 190, 191, 192, 193, 197, 198, 199, 201, 202, 203, 204, 206, 209, 210, 211, 212, 213, 214, 218], "excluded_lines": []}, "_call_llm_api_with_retry": {"executed_lines": [], "summary": {"covered_lines": 0, "num_statements": 16, "percent_covered": 0.0, "percent_covered_display": "0", "missing_lines": 16, "excluded_lines": 0}, "missing_lines": [231, 234, 237, 240, 242, 244, 245, 246, 249, 250, 251, 252, 253, 256, 257, 259], "excluded_lines": []}, "_call_llm_api": {"executed_lines": [], "summary": {"covered_lines": 0, "num_statements": 14, "percent_covered": 0.0, "percent_covered_display": "0", "missing_lines": 14, "excluded_lines": 0}, "missing_lines": [296, 299, 302, 310, 311, 312, 314, 317, 323, 324, 327, 328, 329, 331], "excluded_lines": []}, "validate_description_completeness": {"executed_lines": [346, 347, 349, 352, 353, 356, 357, 360, 361, 364, 365, 368], "summary": {"covered_lines": 12, "num_statements": 13, "percent_covered": 92.3076923076923, "percent_covered_display": "92", "missing_lines": 1, "excluded_lines": 0}, "missing_lines": [366], "excluded_lines": []}, "generate_description": {"executed_lines": [], "summary": {"covered_lines": 0, "num_statements": 59, "percent_covered": 0.0, "percent_covered_display": "0", "missing_lines": 59, "excluded_lines": 0}, "missing_lines": [419, 420, 421, 426, 431, 432, 433, 434, 435, 436, 439, 440, 442, 446, 447, 448, 449, 450, 451, 452, 454, 455, 457, 459, 460, 461, 462, 467, 468, 473, 476, 479, 480, 484, 486, 490, 491, 492, 496, 499, 500, 501, 506, 507, 510, 511, 515, 516, 519, 521, 525, 527, 528, 529, 530, 531, 533, 535, 536], "excluded_lines": []}, "": {"executed_lines": [1, 16, 17, 18, 19, 20, 22, 23, 26, 33, 34, 35, 36, 47, 50, 51, 58, 61, 83, 124, 142, 221, 262, 334, 374, 375], "summary": {"covered_lines": 24, "num_statements": 24, "percent_covered": 100.0, "percent_covered_display": "100", "missing_lines": 0, "excluded_lines": 0}, "missing_lines": [], "excluded_lines": []}}, "classes": {"DescriptionGenerationError": {"executed_lines": [], "summary": {"covered_lines": 0, "num_statements": 0, "percent_covered": 100.0, "percent_covered_display": "100", "missing_lines": 0, "excluded_lines": 0}, "missing_lines": [], "excluded_lines": []}, "": {"executed_lines": [1, 16, 17, 18, 19, 20, 22, 23, 26, 33, 34, 35, 36, 47, 50, 51, 58, 61, 77, 78, 79, 80, 83, 106, 108, 115, 120, 121, 124, 133, 134, 135, 136, 137, 142, 221, 262, 334, 346, 347, 349, 352, 353, 356, 357, 360, 361, 364, 365, 368, 374, 375], "summary": {"covered_lines": 50, "num_statements": 177, "percent_covered": 28.24858757062147, "percent_covered_display": "28", "missing_lines": 127, "excluded_lines": 0}, "missing_lines": [138, 139, 160, 161, 162, 164, 167, 169, 170, 172, 173, 176, 178, 180, 185, 186, 187, 189, 190, 191, 192, 193, 197, 198, 199, 201, 202, 203, 204, 206, 209, 210, 211, 212, 213, 214, 218, 231, 234, 237, 240, 242, 244, 245, 246, 249, 250, 251, 252, 253, 256, 257, 259, 296, 299, 302, 310, 311, 312, 314, 317, 323, 324, 327, 328, 329, 331, 366, 419, 420, 421, 426, 431, 432, 433, 434, 435, 436, 439, 440, 442, 446, 447, 448, 449, 450, 451, 452, 454, 455, 457, 459, 460, 461, 462, 467, 468, 473, 476, 479, 480, 484, 486, 490, 491, 492, 496, 499, 500, 501, 506, 507, 510, 511, 515, 516, 519, 521, 525, 527, 528, 529, 530, 531, 533, 535, 536], "excluded_lines": []}}}, "src/ai/script_generator.py": {"executed_lines": [1, 17, 18, 19, 20, 21, 23, 24, 27, 34, 35, 36, 37, 48, 51, 52, 59, 65, 81, 82, 83, 84, 87, 111, 112, 118, 119, 122, 131, 132, 133, 134, 135, 140, 158, 162, 165, 167, 168, 170, 171, 174, 176, 178, 183, 184, 185, 187, 188, 189, 190, 191, 195, 196, 197, 199, 200, 201, 202, 208, 211, 212, 216, 219, 242, 252, 255, 258, 261, 263, 265, 266, 267, 270, 271, 272, 273, 274, 277, 278, 283, 317, 320, 323, 331, 332, 333, 335, 338, 344, 355, 424, 425, 469, 470, 471, 476, 481, 482, 483, 484, 485, 486, 489, 492, 494, 495, 496, 497, 498, 500, 503, 505, 506, 507, 508, 513, 514, 570, 571, 572, 573, 574, 576, 578, 579], "summary": {"covered_lines": 124, "num_statements": 183, "percent_covered": 67.75956284153006, "percent_covered_display": "68", "missing_lines": 59, "excluded_lines": 0}, "missing_lines": [136, 137, 159, 160, 204, 207, 209, 210, 221, 224, 227, 230, 232, 280, 345, 348, 349, 350, 352, 367, 368, 371, 372, 404, 405, 407, 408, 409, 410, 413, 414, 417, 418, 419, 421, 490, 501, 519, 522, 525, 526, 530, 532, 536, 537, 538, 541, 544, 545, 546, 551, 552, 555, 556, 560, 561, 562, 564, 568], "excluded_lines": [], "functions": {"load_prompt_template": {"executed_lines": [81, 82, 83, 84], "summary": {"covered_lines": 4, "num_statements": 4, "percent_covered": 100.0, "percent_covered_display": "100", "missing_lines": 0, "excluded_lines": 0}, "missing_lines": [], "excluded_lines": []}, "format_prompt": {"executed_lines": [111, 112, 118, 119], "summary": {"covered_lines": 4, "num_statements": 4, "percent_covered": 100.0, "percent_covered_display": "100", "missing_lines": 0, "excluded_lines": 0}, "missing_lines": [], "excluded_lines": []}, "save_debug_prompt": {"executed_lines": [131, 132, 133, 134, 135], "summary": {"covered_lines": 5, "num_statements": 7, "percent_covered": 71.42857142857143, "percent_covered_display": "71", "missing_lines": 2, "excluded_lines": 0}, "missing_lines": [136, 137], "excluded_lines": []}, "_fetch_and_select_model": {"executed_lines": [158, 162, 165, 167, 168, 170, 171, 174, 176, 178, 183, 184, 185, 187, 188, 189, 190, 191, 195, 196, 197, 199, 200, 201, 202, 208, 211, 212, 216], "summary": {"covered_lines": 29, "num_statements": 35, "percent_covered": 82.85714285714286, "percent_covered_display": "83", "missing_lines": 6, "excluded_lines": 0}, "missing_lines": [159, 160, 204, 207, 209, 210], "excluded_lines": []}, "_create_retry_decorator": {"executed_lines": [], "summary": {"covered_lines": 0, "num_statements": 5, "percent_covered": 0.0, "percent_covered_display": "0", "missing_lines": 5, "excluded_lines": 0}, "missing_lines": [221, 224, 227, 230, 232], "excluded_lines": []}, "_call_llm_api_with_retry": {"executed_lines": [252, 255, 258, 261, 263, 265, 266, 267, 270, 271, 272, 273, 274, 277, 278], "summary": {"covered_lines": 15, "num_statements": 16, "percent_covered": 93.75, "percent_covered_display": "94", "missing_lines": 1, "excluded_lines": 0}, "missing_lines": [280], "excluded_lines": []}, "_call_llm_api": {"executed_lines": [317, 320, 323, 331, 332, 333, 335, 338, 344], "summary": {"covered_lines": 9, "num_statements": 14, "percent_covered": 64.28571428571429, "percent_covered_display": "64", "missing_lines": 5, "excluded_lines": 0}, "missing_lines": [345, 348, 349, 350, 352], "excluded_lines": []}, "validate_script_completeness": {"executed_lines": [], "summary": {"covered_lines": 0, "num_statements": 16, "percent_covered": 0.0, "percent_covered_display": "0", "missing_lines": 16, "excluded_lines": 0}, "missing_lines": [367, 368, 371, 372, 404, 405, 407, 408, 409, 410, 413, 414, 417, 418, 419, 421], "excluded_lines": []}, "generate_script": {"executed_lines": [469, 470, 471, 476, 481, 482, 483, 484, 485, 486, 489, 492, 494, 495, 496, 497, 498, 500, 503, 505, 506, 507, 508, 513, 514, 570, 571, 572, 573, 574, 576, 578, 579], "summary": {"covered_lines": 33, "num_statements": 57, "percent_covered": 57.89473684210526, "percent_covered_display": "58", "missing_lines": 24, "excluded_lines": 0}, "missing_lines": [490, 501, 519, 522, 525, 526, 530, 532, 536, 537, 538, 541, 544, 545, 546, 551, 552, 555, 556, 560, 561, 562, 564, 568], "excluded_lines": []}, "": {"executed_lines": [1, 17, 18, 19, 20, 21, 23, 24, 27, 34, 35, 36, 37, 48, 51, 52, 59, 65, 87, 122, 140, 219, 242, 283, 355, 424, 425], "summary": {"covered_lines": 25, "num_statements": 25, "percent_covered": 100.0, "percent_covered_display": "100", "missing_lines": 0, "excluded_lines": 0}, "missing_lines": [], "excluded_lines": []}}, "classes": {"ScriptGenerationError": {"executed_lines": [], "summary": {"covered_lines": 0, "num_statements": 0, "percent_covered": 100.0, "percent_covered_display": "100", "missing_lines": 0, "excluded_lines": 0}, "missing_lines": [], "excluded_lines": []}, "": {"executed_lines": [1, 17, 18, 19, 20, 21, 23, 24, 27, 34, 35, 36, 37, 48, 51, 52, 59, 65, 81, 82, 83, 84, 87, 111, 112, 118, 119, 122, 131, 132, 133, 134, 135, 140, 158, 162, 165, 167, 168, 170, 171, 174, 176, 178, 183, 184, 185, 187, 188, 189, 190, 191, 195, 196, 197, 199, 200, 201, 202, 208, 211, 212, 216, 219, 242, 252, 255, 258, 261, 263, 265, 266, 267, 270, 271, 272, 273, 274, 277, 278, 283, 317, 320, 323, 331, 332, 333, 335, 338, 344, 355, 424, 425, 469, 470, 471, 476, 481, 482, 483, 484, 485, 486, 489, 492, 494, 495, 496, 497, 498, 500, 503, 505, 506, 507, 508, 513, 514, 570, 571, 572, 573, 574, 576, 578, 579], "summary": {"covered_lines": 124, "num_statements": 183, "percent_covered": 67.75956284153006, "percent_covered_display": "68", "missing_lines": 59, "excluded_lines": 0}, "missing_lines": [136, 137, 159, 160, 204, 207, 209, 210, 221, 224, 227, 230, 232, 280, 345, 348, 349, 350, 352, 367, 368, 371, 372, 404, 405, 407, 408, 409, 410, 413, 414, 417, 418, 419, 421, 490, 501, 519, 522, 525, 526, 530, 532, 536, 537, 538, 541, 544, 545, 546, 551, 552, 555, 556, 560, 561, 562, 564, 568], "excluded_lines": []}}}, "src/audio/freesound_client.py": {"executed_lines": [2, 3, 4, 5, 6, 7, 9, 10, 11, 13, 14, 15, 16, 23, 26, 44, 45, 46, 47, 48, 49, 50, 52, 57, 58, 59, 60, 61, 63, 64, 89, 91, 103, 104, 108, 119, 128, 136, 137, 144, 145, 146, 150, 154, 155, 157, 158, 161, 162, 172, 174, 263, 266, 272, 273, 274, 277, 278, 285, 286, 292, 293, 296, 297, 298, 300, 301, 309, 316, 317, 320, 321, 327, 328, 330, 331, 334, 336, 337, 340, 343], "summary": {"covered_lines": 81, "num_statements": 163, "percent_covered": 49.693251533742334, "percent_covered_display": "50", "missing_lines": 82, "excluded_lines": 0}, "missing_lines": [28, 29, 30, 31, 32, 36, 38, 39, 40, 41, 109, 110, 114, 115, 116, 117, 151, 152, 175, 178, 182, 184, 185, 192, 193, 194, 196, 197, 203, 204, 205, 207, 208, 209, 210, 212, 216, 220, 221, 223, 226, 227, 228, 229, 232, 233, 236, 238, 239, 244, 245, 249, 251, 252, 253, 254, 257, 260, 261, 275, 287, 290, 310, 314, 354, 357, 358, 359, 360, 361, 364, 366, 367, 372, 373, 377, 379, 380, 381, 382, 383, 386], "excluded_lines": [], "functions": {"update_env_file": {"executed_lines": [], "summary": {"covered_lines": 0, "num_statements": 10, "percent_covered": 0.0, "percent_covered_display": "0", "missing_lines": 10, "excluded_lines": 0}, "missing_lines": [28, 29, 30, 31, 32, 36, 38, 39, 40, 41], "excluded_lines": []}, "FreesoundClient.__init__": {"executed_lines": [46, 47, 48, 49, 50, 52, 57, 58, 59, 60, 61], "summary": {"covered_lines": 11, "num_statements": 11, "percent_covered": 100.0, "percent_covered_display": "100", "missing_lines": 0, "excluded_lines": 0}, "missing_lines": [], "excluded_lines": []}, "FreesoundClient.search_music": {"executed_lines": [89, 91, 103, 104, 108], "summary": {"covered_lines": 5, "num_statements": 11, "percent_covered": 45.45454545454545, "percent_covered_display": "45", "missing_lines": 6, "excluded_lines": 0}, "missing_lines": [109, 110, 114, 115, 116, 117], "excluded_lines": []}, "FreesoundClient._search_sync": {"executed_lines": [128], "summary": {"covered_lines": 1, "num_statements": 1, "percent_covered": 100.0, "percent_covered_display": "100", "missing_lines": 0, "excluded_lines": 0}, "missing_lines": [], "excluded_lines": []}, "FreesoundClient.download_sound_preview_with_api_key": {"executed_lines": [144, 145, 146, 150, 154, 155, 157, 158, 161, 162, 172], "summary": {"covered_lines": 11, "num_statements": 13, "percent_covered": 84.61538461538461, "percent_covered_display": "85", "missing_lines": 2, "excluded_lines": 0}, "missing_lines": [151, 152], "excluded_lines": []}, "FreesoundClient._refresh_oauth2_token": {"executed_lines": [], "summary": {"covered_lines": 0, "num_statements": 41, "percent_covered": 0.0, "percent_covered_display": "0", "missing_lines": 41, "excluded_lines": 0}, "missing_lines": [175, 178, 182, 184, 185, 192, 193, 194, 196, 197, 203, 204, 205, 207, 208, 209, 210, 212, 216, 220, 221, 223, 226, 227, 228, 229, 232, 233, 236, 238, 239, 244, 245, 249, 251, 252, 253, 254, 257, 260, 261], "excluded_lines": []}, "FreesoundClient._get_valid_oauth2_token": {"executed_lines": [266, 272, 273, 274], "summary": {"covered_lines": 4, "num_statements": 5, "percent_covered": 80.0, "percent_covered_display": "80", "missing_lines": 1, "excluded_lines": 0}, "missing_lines": [275], "excluded_lines": []}, "FreesoundClient.download_full_sound_oauth2": {"executed_lines": [285, 286, 292, 293, 296, 297, 298, 300, 301, 309, 316, 317, 320, 321, 327, 328, 330, 331, 334, 336, 337, 340, 343], "summary": {"covered_lines": 23, "num_statements": 45, "percent_covered": 51.111111111111114, "percent_covered_display": "51", "missing_lines": 22, "excluded_lines": 0}, "missing_lines": [287, 290, 310, 314, 354, 357, 358, 359, 360, 361, 364, 366, 367, 372, 373, 377, 379, 380, 381, 382, 383, 386], "excluded_lines": []}, "": {"executed_lines": [2, 3, 4, 5, 6, 7, 9, 10, 11, 13, 14, 15, 16, 23, 26, 44, 45, 63, 64, 119, 136, 137, 174, 263, 277, 278], "summary": {"covered_lines": 26, "num_statements": 26, "percent_covered": 100.0, "percent_covered_display": "100", "missing_lines": 0, "excluded_lines": 0}, "missing_lines": [], "excluded_lines": []}}, "classes": {"FreesoundClient": {"executed_lines": [46, 47, 48, 49, 50, 52, 57, 58, 59, 60, 61, 89, 91, 103, 104, 108, 128, 144, 145, 146, 150, 154, 155, 157, 158, 161, 162, 172, 266, 272, 273, 274, 285, 286, 292, 293, 296, 297, 298, 300, 301, 309, 316, 317, 320, 321, 327, 328, 330, 331, 334, 336, 337, 340, 343], "summary": {"covered_lines": 55, "num_statements": 127, "percent_covered": 43.30708661417323, "percent_covered_display": "43", "missing_lines": 72, "excluded_lines": 0}, "missing_lines": [109, 110, 114, 115, 116, 117, 151, 152, 175, 178, 182, 184, 185, 192, 193, 194, 196, 197, 203, 204, 205, 207, 208, 209, 210, 212, 216, 220, 221, 223, 226, 227, 228, 229, 232, 233, 236, 238, 239, 244, 245, 249, 251, 252, 253, 254, 257, 260, 261, 275, 287, 290, 310, 314, 354, 357, 358, 359, 360, 361, 364, 366, 367, 372, 373, 377, 379, 380, 381, 382, 383, 386], "excluded_lines": []}, "": {"executed_lines": [2, 3, 4, 5, 6, 7, 9, 10, 11, 13, 14, 15, 16, 23, 26, 44, 45, 63, 64, 119, 136, 137, 174, 263, 277, 278], "summary": {"covered_lines": 26, "num_statements": 36, "percent_covered": 72.22222222222223, "percent_covered_display": "72", "missing_lines": 10, "excluded_lines": 0}, "missing_lines": [28, 29, 30, 31, 32, 36, 38, 39, 40, 41], "excluded_lines": []}}}, "src/config_cli_integration.py": {"executed_lines": [], "summary": {"covered_lines": 0, "num_statements": 64, "percent_covered": 0.0, "percent_covered_display": "0", "missing_lines": 64, "excluded_lines": 13}, "missing_lines": [9, 10, 11, 13, 15, 18, 24, 25, 28, 40, 43, 44, 45, 47, 50, 62, 65, 66, 67, 69, 72, 77, 80, 101, 102, 103, 104, 106, 107, 109, 112, 120, 121, 124, 125, 127, 128, 129, 131, 134, 135, 136, 137, 138, 139, 141, 142, 143, 144, 145, 146, 149, 150, 151, 152, 153, 154, 155, 156, 158, 159, 161, 162, 163], "excluded_lines": [166, 168, 170, 173, 174, 175, 176, 177, 180, 181, 182, 183, 184], "functions": {"install_unified_config_adapters": {"executed_lines": [], "summary": {"covered_lines": 0, "num_statements": 2, "percent_covered": 0.0, "percent_covered_display": "0", "missing_lines": 2, "excluded_lines": 0}, "missing_lines": [24, 25], "excluded_lines": []}, "get_video_config_with_cli": {"executed_lines": [], "summary": {"covered_lines": 0, "num_statements": 5, "percent_covered": 0.0, "percent_covered_display": "0", "missing_lines": 5, "excluded_lines": 0}, "missing_lines": [40, 43, 44, 45, 47], "excluded_lines": []}, "get_scraper_config_with_cli": {"executed_lines": [], "summary": {"covered_lines": 0, "num_statements": 5, "percent_covered": 0.0, "percent_covered_display": "0", "missing_lines": 5, "excluded_lines": 0}, "missing_lines": [62, 65, 66, 67, 69], "excluded_lines": []}, "_normalize_cli_args": {"executed_lines": [], "summary": {"covered_lines": 0, "num_statements": 9, "percent_covered": 0.0, "percent_covered_display": "0", "missing_lines": 9, "excluded_lines": 0}, "missing_lines": [77, 80, 101, 102, 103, 104, 106, 107, 109], "excluded_lines": []}, "validate_unified_config": {"executed_lines": [], "summary": {"covered_lines": 0, "num_statements": 33, "percent_covered": 0.0, "percent_covered_display": "0", "missing_lines": 33, "excluded_lines": 0}, "missing_lines": [120, 121, 124, 125, 127, 128, 129, 131, 134, 135, 136, 137, 138, 139, 141, 142, 143, 144, 145, 146, 149, 150, 151, 152, 153, 154, 155, 156, 158, 159, 161, 162, 163], "excluded_lines": []}, "": {"executed_lines": [], "summary": {"covered_lines": 0, "num_statements": 10, "percent_covered": 0.0, "percent_covered_display": "0", "missing_lines": 10, "excluded_lines": 13}, "missing_lines": [9, 10, 11, 13, 15, 18, 28, 50, 72, 112], "excluded_lines": [166, 168, 170, 173, 174, 175, 176, 177, 180, 181, 182, 183, 184]}}, "classes": {"": {"executed_lines": [], "summary": {"covered_lines": 0, "num_statements": 64, "percent_covered": 0.0, "percent_covered_display": "0", "missing_lines": 64, "excluded_lines": 13}, "missing_lines": [9, 10, 11, 13, 15, 18, 24, 25, 28, 40, 43, 44, 45, 47, 50, 62, 65, 66, 67, 69, 72, 77, 80, 101, 102, 103, 104, 106, 107, 109, 112, 120, 121, 124, 125, 127, 128, 129, 131, 134, 135, 136, 137, 138, 139, 141, 142, 143, 144, 145, 146, 149, 150, 151, 152, 153, 154, 155, 156, 158, 159, 161, 162, 163], "excluded_lines": [166, 168, 170, 173, 174, 175, 176, 177, 180, 181, 182, 183, 184]}}}, "src/config_manager.py": {"executed_lines": [2, 9, 10, 11, 13, 14, 17, 18, 20, 22, 23, 24, 26, 42, 45, 48, 49, 51, 53, 56, 96, 97, 98, 100, 101, 103, 108, 119, 120, 121, 122, 123, 127, 128, 129, 131, 133, 134, 137, 138, 139, 140, 143, 145, 146, 147, 148, 149, 150, 151, 152, 153, 155, 157, 161, 192, 194, 198, 241, 243, 245, 246, 247, 248, 249, 250, 252, 256, 257, 258, 259, 260, 261, 263, 265, 268, 277, 278, 279, 281, 285, 288, 290, 293, 295, 296, 298, 299, 306, 307, 310], "summary": {"covered_lines": 88, "num_statements": 91, "percent_covered": 96.7032967032967, "percent_covered_display": "97", "missing_lines": 3, "excluded_lines": 5}, "missing_lines": [300, 303, 304], "excluded_lines": [310, 312, 313, 314, 315], "functions": {"UnifiedConfigManager.__init__": {"executed_lines": [22, 23, 24], "summary": {"covered_lines": 3, "num_statements": 3, "percent_covered": 100.0, "percent_covered_display": "100", "missing_lines": 0, "excluded_lines": 0}, "missing_lines": [], "excluded_lines": []}, "UnifiedConfigManager.apply_precedence_rules": {"executed_lines": [42, 45, 48, 49, 51], "summary": {"covered_lines": 5, "num_statements": 5, "percent_covered": 100.0, "percent_covered_display": "100", "missing_lines": 0, "excluded_lines": 0}, "missing_lines": [], "excluded_lines": []}, "UnifiedConfigManager._apply_env_overrides": {"executed_lines": [56, 96, 97, 98, 100, 101], "summary": {"covered_lines": 6, "num_statements": 6, "percent_covered": 100.0, "percent_covered_display": "100", "missing_lines": 0, "excluded_lines": 0}, "missing_lines": [], "excluded_lines": []}, "UnifiedConfigManager._apply_cli_overrides": {"executed_lines": [108, 119, 120, 121, 122, 123, 127, 128, 129], "summary": {"covered_lines": 9, "num_statements": 9, "percent_covered": 100.0, "percent_covered_display": "100", "missing_lines": 0, "excluded_lines": 0}, "missing_lines": [], "excluded_lines": []}, "UnifiedConfigManager._set_nested_value": {"executed_lines": [133, 134, 137, 138, 139, 140, 143, 145, 146, 147, 148, 149, 150, 151, 152, 153, 155], "summary": {"covered_lines": 17, "num_statements": 17, "percent_covered": 100.0, "percent_covered_display": "100", "missing_lines": 0, "excluded_lines": 0}, "missing_lines": [], "excluded_lines": []}, "UnifiedConfigManager._get_video_fallback_config": {"executed_lines": [161, 192], "summary": {"covered_lines": 2, "num_statements": 2, "percent_covered": 100.0, "percent_covered_display": "100", "missing_lines": 0, "excluded_lines": 0}, "missing_lines": [], "excluded_lines": []}, "UnifiedConfigManager._get_scraper_fallback_config": {"executed_lines": [198, 241], "summary": {"covered_lines": 2, "num_statements": 2, "percent_covered": 100.0, "percent_covered_display": "100", "missing_lines": 0, "excluded_lines": 0}, "missing_lines": [], "excluded_lines": []}, "UnifiedConfigManager.get_video_config": {"executed_lines": [245, 246, 247, 248, 249, 250], "summary": {"covered_lines": 6, "num_statements": 6, "percent_covered": 100.0, "percent_covered_display": "100", "missing_lines": 0, "excluded_lines": 0}, "missing_lines": [], "excluded_lines": []}, "UnifiedConfigManager.get_scraper_config": {"executed_lines": [256, 257, 258, 259, 260, 261], "summary": {"covered_lines": 6, "num_statements": 6, "percent_covered": 100.0, "percent_covered_display": "100", "missing_lines": 0, "excluded_lines": 0}, "missing_lines": [], "excluded_lines": []}, "UnifiedConfigManager.validate_config_structure": {"executed_lines": [265, 268, 277, 278, 279, 281], "summary": {"covered_lines": 6, "num_statements": 6, "percent_covered": 100.0, "percent_covered_display": "100", "missing_lines": 0, "excluded_lines": 0}, "missing_lines": [], "excluded_lines": []}, "get_unified_config_manager": {"executed_lines": [290], "summary": {"covered_lines": 1, "num_statements": 1, "percent_covered": 100.0, "percent_covered_display": "100", "missing_lines": 0, "excluded_lines": 0}, "missing_lines": [], "excluded_lines": []}, "validate_modular_config": {"executed_lines": [295, 296, 298, 299, 306, 307], "summary": {"covered_lines": 6, "num_statements": 9, "percent_covered": 66.66666666666667, "percent_covered_display": "67", "missing_lines": 3, "excluded_lines": 0}, "missing_lines": [300, 303, 304], "excluded_lines": []}, "": {"executed_lines": [2, 9, 10, 11, 13, 14, 17, 18, 20, 26, 53, 103, 131, 157, 194, 243, 252, 263, 285, 288, 293, 310], "summary": {"covered_lines": 19, "num_statements": 19, "percent_covered": 100.0, "percent_covered_display": "100", "missing_lines": 0, "excluded_lines": 5}, "missing_lines": [], "excluded_lines": [310, 312, 313, 314, 315]}}, "classes": {"UnifiedConfigManager": {"executed_lines": [22, 23, 24, 42, 45, 48, 49, 51, 56, 96, 97, 98, 100, 101, 108, 119, 120, 121, 122, 123, 127, 128, 129, 133, 134, 137, 138, 139, 140, 143, 145, 146, 147, 148, 149, 150, 151, 152, 153, 155, 161, 192, 198, 241, 245, 246, 247, 248, 249, 250, 256, 257, 258, 259, 260, 261, 265, 268, 277, 278, 279, 281], "summary": {"covered_lines": 62, "num_statements": 62, "percent_covered": 100.0, "percent_covered_display": "100", "missing_lines": 0, "excluded_lines": 0}, "missing_lines": [], "excluded_lines": []}, "": {"executed_lines": [2, 9, 10, 11, 13, 14, 17, 18, 20, 26, 53, 103, 131, 157, 194, 243, 252, 263, 285, 288, 290, 293, 295, 296, 298, 299, 306, 307, 310], "summary": {"covered_lines": 26, "num_statements": 29, "percent_covered": 89.65517241379311, "percent_covered_display": "90", "missing_lines": 3, "excluded_lines": 5}, "missing_lines": [300, 303, 304], "excluded_lines": [310, 312, 313, 314, 315]}}}, "src/scraper/__init__.py": {"executed_lines": [1, 22, 23, 24, 26, 36, 37, 44, 45, 104, 105, 122, 123, 138, 139, 166, 167, 173, 198, 217, 249, 259, 263, 270], "summary": {"covered_lines": 21, "num_statements": 75, "percent_covered": 28.0, "percent_covered_display": "28", "missing_lines": 54, "excluded_lines": 0}, "missing_lines": [70, 72, 75, 76, 77, 83, 84, 85, 91, 94, 96, 102, 116, 117, 118, 120, 135, 136, 151, 152, 153, 154, 156, 159, 160, 163, 186, 188, 190, 193, 194, 196, 210, 211, 215, 229, 231, 232, 233, 234, 235, 237, 241, 242, 245, 247, 251, 252, 253, 254, 255, 257, 261, 265], "excluded_lines": [], "functions": {"ScraperFactory.create_scraper": {"executed_lines": [], "summary": {"covered_lines": 0, "num_statements": 12, "percent_covered": 0.0, "percent_covered_display": "0", "missing_lines": 12, "excluded_lines": 0}, "missing_lines": [70, 72, 75, 76, 77, 83, 84, 85, 91, 94, 96, 102], "excluded_lines": []}, "ScraperFactory.get_available_platforms": {"executed_lines": [], "summary": {"covered_lines": 0, "num_statements": 4, "percent_covered": 0.0, "percent_covered_display": "0", "missing_lines": 4, "excluded_lines": 0}, "missing_lines": [116, 117, 118, 120], "excluded_lines": []}, "ScraperFactory.get_enabled_platforms": {"executed_lines": [], "summary": {"covered_lines": 0, "num_statements": 2, "percent_covered": 0.0, "percent_covered_display": "0", "missing_lines": 2, "excluded_lines": 0}, "missing_lines": [135, 136], "excluded_lines": []}, "ScraperFactory._auto_import_platform": {"executed_lines": [], "summary": {"covered_lines": 0, "num_statements": 8, "percent_covered": 0.0, "percent_covered_display": "0", "missing_lines": 8, "excluded_lines": 0}, "missing_lines": [151, 152, 153, 154, 156, 159, 160, 163], "excluded_lines": []}, "MultiPlatformScraper.__init__": {"executed_lines": [], "summary": {"covered_lines": 0, "num_statements": 6, "percent_covered": 0.0, "percent_covered_display": "0", "missing_lines": 6, "excluded_lines": 0}, "missing_lines": [186, 188, 190, 193, 194, 196], "excluded_lines": []}, "MultiPlatformScraper.get_scraper": {"executed_lines": [], "summary": {"covered_lines": 0, "num_statements": 3, "percent_covered": 0.0, "percent_covered_display": "0", "missing_lines": 3, "excluded_lines": 0}, "missing_lines": [210, 211, 215], "excluded_lines": []}, "MultiPlatformScraper.scrape_all_platforms": {"executed_lines": [], "summary": {"covered_lines": 0, "num_statements": 11, "percent_covered": 0.0, "percent_covered_display": "0", "missing_lines": 11, "excluded_lines": 0}, "missing_lines": [229, 231, 232, 233, 234, 235, 237, 241, 242, 245, 247], "excluded_lines": []}, "MultiPlatformScraper.cleanup": {"executed_lines": [], "summary": {"covered_lines": 0, "num_statements": 6, "percent_covered": 0.0, "percent_covered_display": "0", "missing_lines": 6, "excluded_lines": 0}, "missing_lines": [251, 252, 253, 254, 255, 257], "excluded_lines": []}, "MultiPlatformScraper.__enter__": {"executed_lines": [], "summary": {"covered_lines": 0, "num_statements": 1, "percent_covered": 0.0, "percent_covered_display": "0", "missing_lines": 1, "excluded_lines": 0}, "missing_lines": [261], "excluded_lines": []}, "MultiPlatformScraper.__exit__": {"executed_lines": [], "summary": {"covered_lines": 0, "num_statements": 1, "percent_covered": 0.0, "percent_covered_display": "0", "missing_lines": 1, "excluded_lines": 0}, "missing_lines": [265], "excluded_lines": []}, "": {"executed_lines": [1, 22, 23, 24, 26, 36, 37, 44, 45, 104, 105, 122, 123, 138, 139, 166, 167, 173, 198, 217, 249, 259, 263, 270], "summary": {"covered_lines": 21, "num_statements": 21, "percent_covered": 100.0, "percent_covered_display": "100", "missing_lines": 0, "excluded_lines": 0}, "missing_lines": [], "excluded_lines": []}}, "classes": {"ScraperFactory": {"executed_lines": [], "summary": {"covered_lines": 0, "num_statements": 26, "percent_covered": 0.0, "percent_covered_display": "0", "missing_lines": 26, "excluded_lines": 0}, "missing_lines": [70, 72, 75, 76, 77, 83, 84, 85, 91, 94, 96, 102, 116, 117, 118, 120, 135, 136, 151, 152, 153, 154, 156, 159, 160, 163], "excluded_lines": []}, "MultiPlatformScraper": {"executed_lines": [], "summary": {"covered_lines": 0, "num_statements": 28, "percent_covered": 0.0, "percent_covered_display": "0", "missing_lines": 28, "excluded_lines": 0}, "missing_lines": [186, 188, 190, 193, 194, 196, 210, 211, 215, 229, 231, 232, 233, 234, 235, 237, 241, 242, 245, 247, 251, 252, 253, 254, 255, 257, 261, 265], "excluded_lines": []}, "": {"executed_lines": [1, 22, 23, 24, 26, 36, 37, 44, 45, 104, 105, 122, 123, 138, 139, 166, 167, 173, 198, 217, 249, 259, 263, 270], "summary": {"covered_lines": 21, "num_statements": 21, "percent_covered": 100.0, "percent_covered_display": "100", "missing_lines": 0, "excluded_lines": 0}, "missing_lines": [], "excluded_lines": []}}}, "src/scraper/amazon/__init__.py": {"executed_lines": [1, 23, 30, 37, 40, 49, 50, 53, 54, 63, 91, 92, 93], "summary": {"covered_lines": 12, "num_statements": 12, "percent_covered": 100.0, "percent_covered_display": "100", "missing_lines": 0, "excluded_lines": 0}, "missing_lines": [], "excluded_lines": [], "functions": {"": {"executed_lines": [1, 23, 30, 37, 40, 49, 50, 53, 54, 63, 91, 92, 93], "summary": {"covered_lines": 12, "num_statements": 12, "percent_covered": 100.0, "percent_covered_display": "100", "missing_lines": 0, "excluded_lines": 0}, "missing_lines": [], "excluded_lines": []}}, "classes": {"": {"executed_lines": [1, 23, 30, 37, 40, 49, 50, 53, 54, 63, 91, 92, 93], "summary": {"covered_lines": 12, "num_statements": 12, "percent_covered": 100.0, "percent_covered_display": "100", "missing_lines": 0, "excluded_lines": 0}, "missing_lines": [], "excluded_lines": []}}}, "src/scraper/amazon/botasaurus_output.py": {"executed_lines": [1, 8, 9, 10, 12, 14, 22, 30, 38, 98, 141, 145, 147, 148, 149, 155, 169, 177, 184], "summary": {"covered_lines": 18, "num_statements": 69, "percent_covered": 26.08695652173913, "percent_covered_display": "26", "missing_lines": 51, "excluded_lines": 0}, "missing_lines": [27, 35, 48, 52, 53, 54, 57, 58, 59, 61, 63, 65, 66, 69, 70, 72, 75, 76, 77, 78, 79, 80, 83, 84, 86, 87, 89, 90, 91, 92, 93, 94, 95, 108, 109, 112, 117, 119, 120, 123, 125, 128, 132, 133, 134, 135, 136, 138, 151, 152, 163], "excluded_lines": [], "functions": {"get_product_output_dir": {"executed_lines": [], "summary": {"covered_lines": 0, "num_statements": 1, "percent_covered": 0.0, "percent_covered_display": "0", "missing_lines": 1, "excluded_lines": 0}, "missing_lines": [27], "excluded_lines": []}, "get_global_botasaurus_dir": {"executed_lines": [], "summary": {"covered_lines": 0, "num_statements": 1, "percent_covered": 0.0, "percent_covered_display": "0", "missing_lines": 1, "excluded_lines": 0}, "missing_lines": [35], "excluded_lines": []}, "write_scraped_data_output": {"executed_lines": [], "summary": {"covered_lines": 0, "num_statements": 31, "percent_covered": 0.0, "percent_covered_display": "0", "missing_lines": 31, "excluded_lines": 0}, "missing_lines": [48, 52, 53, 54, 57, 58, 59, 61, 63, 65, 66, 69, 70, 72, 75, 76, 77, 78, 79, 80, 83, 84, 86, 87, 89, 90, 91, 92, 93, 94, 95], "excluded_lines": []}, "write_download_cache_output": {"executed_lines": [], "summary": {"covered_lines": 0, "num_statements": 15, "percent_covered": 0.0, "percent_covered_display": "0", "missing_lines": 15, "excluded_lines": 0}, "missing_lines": [108, 109, 112, 117, 119, 120, 123, 125, 128, 132, 133, 134, 135, 136, 138], "excluded_lines": []}, "configure_botasaurus_outputs": {"executed_lines": [145, 147, 148, 149], "summary": {"covered_lines": 4, "num_statements": 6, "percent_covered": 66.66666666666667, "percent_covered_display": "67", "missing_lines": 2, "excluded_lines": 0}, "missing_lines": [151, 152], "excluded_lines": []}, "get_browser_config_for_outputs": {"executed_lines": [], "summary": {"covered_lines": 0, "num_statements": 1, "percent_covered": 0.0, "percent_covered_display": "0", "missing_lines": 1, "excluded_lines": 0}, "missing_lines": [163], "excluded_lines": []}, "get_task_config_for_outputs": {"executed_lines": [177], "summary": {"covered_lines": 1, "num_statements": 1, "percent_covered": 100.0, "percent_covered_display": "100", "missing_lines": 0, "excluded_lines": 0}, "missing_lines": [], "excluded_lines": []}, "": {"executed_lines": [1, 8, 9, 10, 12, 14, 22, 30, 38, 98, 141, 155, 169, 184], "summary": {"covered_lines": 13, "num_statements": 13, "percent_covered": 100.0, "percent_covered_display": "100", "missing_lines": 0, "excluded_lines": 0}, "missing_lines": [], "excluded_lines": []}}, "classes": {"": {"executed_lines": [1, 8, 9, 10, 12, 14, 22, 30, 38, 98, 141, 145, 147, 148, 149, 155, 169, 177, 184], "summary": {"covered_lines": 18, "num_statements": 69, "percent_covered": 26.08695652173913, "percent_covered_display": "26", "missing_lines": 51, "excluded_lines": 0}, "missing_lines": [27, 35, 48, 52, 53, 54, 57, 58, 59, 61, 63, 65, 66, 69, 70, 72, 75, 76, 77, 78, 79, 80, 83, 84, 86, 87, 89, 90, 91, 92, 93, 94, 95, 108, 109, 112, 117, 119, 120, 123, 125, 128, 132, 133, 134, 135, 136, 138, 151, 152, 163], "excluded_lines": []}}}, "src/scraper/amazon/browser_functions.py": {"executed_lines": [1, 7, 8, 9, 10, 12, 14, 15, 16, 20, 21, 24, 27, 606, 777, 978, 1153], "summary": {"covered_lines": 16, "num_statements": 640, "percent_covered": 2.5, "percent_covered_display": "2", "missing_lines": 624, "excluded_lines": 0}, "missing_lines": [31, 33, 37, 38, 39, 40, 44, 50, 52, 53, 56, 57, 60, 63, 69, 70, 73, 76, 77, 80, 81, 82, 83, 85, 86, 90, 91, 93, 96, 98, 99, 100, 105, 112, 113, 115, 116, 117, 118, 119, 122, 125, 126, 128, 129, 130, 132, 133, 138, 139, 140, 141, 142, 145, 146, 148, 149, 151, 152, 153, 155, 159, 161, 163, 166, 168, 171, 172, 175, 178, 179, 180, 181, 182, 184, 185, 187, 188, 190, 191, 192, 195, 196, 199, 200, 201, 202, 204, 205, 209, 210, 212, 213, 214, 216, 217, 218, 221, 222, 223, 224, 225, 228, 229, 230, 234, 236, 237, 238, 241, 242, 243, 244, 246, 247, 252, 253, 254, 256, 257, 258, 259, 260, 264, 267, 268, 270, 272, 273, 274, 281, 297, 298, 302, 303, 304, 306, 308, 309, 310, 311, 313, 314, 315, 317, 318, 322, 324, 325, 330, 331, 332, 333, 334, 335, 336, 338, 340, 341, 342, 343, 346, 347, 348, 349, 352, 355, 356, 357, 361, 363, 365, 370, 371, 372, 373, 374, 375, 376, 377, 381, 382, 383, 384, 388, 389, 390, 391, 393, 394, 395, 396, 397, 398, 400, 401, 402, 404, 405, 410, 411, 412, 413, 414, 417, 418, 419, 420, 423, 426, 429, 431, 432, 433, 435, 438, 439, 440, 446, 448, 449, 450, 453, 454, 457, 459, 464, 465, 467, 475, 476, 477, 480, 481, 483, 491, 492, 493, 494, 495, 496, 497, 505, 506, 507, 511, 513, 514, 520, 521, 522, 523, 527, 530, 535, 536, 537, 538, 539, 540, 542, 543, 544, 545, 546, 547, 551, 552, 553, 554, 555, 556, 557, 559, 560, 563, 565, 566, 567, 568, 569, 572, 573, 576, 577, 578, 579, 582, 583, 584, 585, 586, 587, 589, 591, 592, 594, 596, 597, 599, 601, 603, 615, 617, 619, 620, 628, 629, 630, 631, 632, 633, 635, 636, 639, 640, 641, 644, 646, 647, 657, 658, 659, 660, 661, 664, 672, 673, 674, 675, 676, 679, 685, 686, 687, 688, 689, 692, 693, 696, 703, 704, 705, 710, 711, 712, 713, 714, 715, 716, 719, 722, 724, 725, 726, 732, 735, 736, 738, 740, 742, 745, 761, 762, 767, 769, 770, 771, 774, 779, 780, 782, 783, 787, 788, 797, 798, 799, 800, 801, 804, 805, 821, 822, 823, 825, 826, 827, 828, 829, 830, 832, 835, 838, 841, 842, 843, 845, 846, 848, 849, 850, 851, 854, 856, 858, 861, 864, 865, 866, 867, 868, 869, 871, 872, 873, 874, 876, 877, 878, 880, 885, 888, 889, 890, 891, 892, 895, 897, 898, 899, 901, 903, 904, 905, 906, 908, 909, 910, 911, 914, 915, 922, 923, 924, 925, 931, 932, 933, 935, 937, 938, 939, 940, 941, 944, 945, 952, 953, 954, 955, 957, 960, 961, 962, 964, 972, 973, 974, 975, 980, 983, 984, 985, 986, 989, 991, 993, 994, 997, 998, 999, 1004, 1005, 1006, 1007, 1011, 1013, 1017, 1020, 1021, 1046, 1049, 1061, 1063, 1066, 1067, 1068, 1074, 1075, 1076, 1078, 1079, 1080, 1081, 1082, 1083, 1084, 1087, 1101, 1102, 1108, 1109, 1111, 1112, 1113, 1114, 1116, 1122, 1125, 1126, 1129, 1134, 1135, 1140, 1141, 1142, 1143, 1144, 1146, 1148, 1150, 1160, 1162, 1163, 1168, 1169, 1171, 1172, 1173, 1174, 1175, 1176, 1179, 1180, 1184, 1188, 1190, 1191, 1192, 1195, 1196, 1197, 1198, 1199, 1200, 1202, 1204, 1207, 1213, 1216, 1220, 1221, 1223, 1225, 1226, 1227, 1229, 1230, 1232, 1233, 1235, 1240, 1241, 1242, 1246, 1248, 1251, 1253, 1254, 1255, 1260, 1262, 1263, 1273, 1274, 1275, 1276, 1277, 1278, 1279, 1282, 1283, 1292, 1293, 1294, 1295, 1296, 1297, 1298, 1301, 1302, 1309, 1310, 1311, 1312, 1313, 1314, 1317, 1320, 1322, 1323, 1324, 1327, 1330, 1331, 1333, 1335, 1336, 1337, 1339, 1341, 1342, 1345], "excluded_lines": [], "functions": {"scrape_amazon_products_browser_impl": {"executed_lines": [], "summary": {"covered_lines": 0, "num_statements": 302, "percent_covered": 0.0, "percent_covered_display": "0", "missing_lines": 302, "excluded_lines": 0}, "missing_lines": [31, 33, 37, 38, 39, 40, 44, 50, 52, 53, 56, 57, 60, 63, 69, 70, 73, 76, 77, 80, 81, 82, 83, 85, 86, 90, 91, 93, 96, 98, 99, 100, 105, 112, 113, 115, 116, 117, 118, 119, 122, 125, 126, 128, 129, 130, 132, 133, 138, 139, 140, 141, 142, 145, 146, 148, 149, 151, 152, 153, 155, 159, 161, 163, 166, 168, 171, 172, 175, 178, 179, 180, 181, 182, 184, 185, 187, 188, 190, 191, 192, 195, 196, 199, 200, 201, 202, 204, 205, 209, 210, 212, 213, 214, 216, 217, 218, 221, 222, 223, 224, 225, 228, 229, 230, 234, 236, 237, 238, 241, 242, 243, 244, 246, 247, 252, 253, 254, 256, 257, 258, 259, 260, 264, 267, 268, 270, 272, 273, 274, 281, 297, 298, 302, 303, 304, 306, 308, 309, 310, 311, 313, 314, 315, 317, 318, 322, 324, 325, 330, 331, 332, 333, 334, 335, 336, 338, 340, 341, 342, 343, 346, 347, 348, 349, 352, 355, 356, 357, 361, 363, 365, 370, 371, 372, 373, 374, 375, 376, 377, 381, 382, 383, 384, 388, 389, 390, 391, 393, 394, 395, 396, 397, 398, 400, 401, 402, 404, 405, 410, 411, 412, 413, 414, 417, 418, 419, 420, 423, 426, 429, 431, 432, 433, 435, 438, 439, 440, 446, 448, 449, 450, 453, 454, 457, 459, 464, 465, 467, 475, 476, 477, 480, 481, 483, 491, 492, 493, 494, 495, 496, 497, 505, 506, 507, 511, 513, 514, 520, 521, 522, 523, 527, 530, 535, 536, 537, 538, 539, 540, 542, 543, 544, 545, 546, 547, 551, 552, 553, 554, 555, 556, 557, 559, 560, 563, 565, 566, 567, 568, 569, 572, 573, 576, 577, 578, 579, 582, 583, 584, 585, 586, 587, 589, 591, 592, 594, 596, 597, 599, 601, 603], "excluded_lines": []}, "extract_product_data_from_page": {"executed_lines": [], "summary": {"covered_lines": 0, "num_statements": 67, "percent_covered": 0.0, "percent_covered_display": "0", "missing_lines": 67, "excluded_lines": 0}, "missing_lines": [615, 617, 619, 620, 628, 629, 630, 631, 632, 633, 635, 636, 639, 640, 641, 644, 646, 647, 657, 658, 659, 660, 661, 664, 672, 673, 674, 675, 676, 679, 685, 686, 687, 688, 689, 692, 693, 696, 703, 704, 705, 710, 711, 712, 713, 714, 715, 716, 719, 722, 724, 725, 726, 732, 735, 736, 738, 740, 742, 745, 761, 762, 767, 769, 770, 771, 774], "excluded_lines": []}, "extract_serp_product_info": {"executed_lines": [], "summary": {"covered_lines": 0, "num_statements": 101, "percent_covered": 0.0, "percent_covered_display": "0", "missing_lines": 101, "excluded_lines": 0}, "missing_lines": [779, 780, 782, 783, 787, 788, 797, 798, 799, 800, 801, 804, 805, 821, 822, 823, 825, 826, 827, 828, 829, 830, 832, 835, 838, 841, 842, 843, 845, 846, 848, 849, 850, 851, 854, 856, 858, 861, 864, 865, 866, 867, 868, 869, 871, 872, 873, 874, 876, 877, 878, 880, 885, 888, 889, 890, 891, 892, 895, 897, 898, 899, 901, 903, 904, 905, 906, 908, 909, 910, 911, 914, 915, 922, 923, 924, 925, 931, 932, 933, 935, 937, 938, 939, 940, 941, 944, 945, 952, 953, 954, 955, 957, 960, 961, 962, 964, 972, 973, 974, 975], "excluded_lines": []}, "create_dynamic_browser_function": {"executed_lines": [], "summary": {"covered_lines": 0, "num_statements": 52, "percent_covered": 0.0, "percent_covered_display": "0", "missing_lines": 52, "excluded_lines": 0}, "missing_lines": [980, 983, 984, 985, 986, 989, 991, 993, 994, 997, 998, 999, 1004, 1005, 1006, 1007, 1011, 1013, 1017, 1020, 1021, 1046, 1049, 1061, 1063, 1066, 1067, 1068, 1074, 1075, 1076, 1078, 1079, 1080, 1081, 1082, 1083, 1084, 1087, 1101, 1102, 1108, 1109, 1111, 1112, 1113, 1114, 1116, 1122, 1125, 1126, 1150], "excluded_lines": []}, "create_dynamic_browser_function.scrape_amazon_products_browser": {"executed_lines": [], "summary": {"covered_lines": 0, "num_statements": 10, "percent_covered": 0.0, "percent_covered_display": "0", "missing_lines": 10, "excluded_lines": 0}, "missing_lines": [1129, 1134, 1135, 1140, 1141, 1142, 1143, 1144, 1146, 1148], "excluded_lines": []}, "scrape_single_product": {"executed_lines": [], "summary": {"covered_lines": 0, "num_statements": 92, "percent_covered": 0.0, "percent_covered_display": "0", "missing_lines": 92, "excluded_lines": 0}, "missing_lines": [1160, 1162, 1163, 1168, 1169, 1171, 1172, 1173, 1174, 1175, 1176, 1179, 1180, 1184, 1188, 1190, 1191, 1192, 1195, 1196, 1197, 1198, 1199, 1200, 1202, 1204, 1207, 1213, 1216, 1220, 1221, 1223, 1225, 1226, 1227, 1229, 1230, 1232, 1233, 1235, 1240, 1241, 1242, 1246, 1248, 1251, 1253, 1254, 1255, 1260, 1262, 1263, 1273, 1274, 1275, 1276, 1277, 1278, 1279, 1282, 1283, 1292, 1293, 1294, 1295, 1296, 1297, 1298, 1301, 1302, 1309, 1310, 1311, 1312, 1313, 1314, 1317, 1320, 1322, 1323, 1324, 1327, 1330, 1331, 1333, 1335, 1336, 1337, 1339, 1341, 1342, 1345], "excluded_lines": []}, "": {"executed_lines": [1, 7, 8, 9, 10, 12, 14, 15, 16, 20, 21, 24, 27, 606, 777, 978, 1153], "summary": {"covered_lines": 16, "num_statements": 16, "percent_covered": 100.0, "percent_covered_display": "100", "missing_lines": 0, "excluded_lines": 0}, "missing_lines": [], "excluded_lines": []}}, "classes": {"": {"executed_lines": [1, 7, 8, 9, 10, 12, 14, 15, 16, 20, 21, 24, 27, 606, 777, 978, 1153], "summary": {"covered_lines": 16, "num_statements": 640, "percent_covered": 2.5, "percent_covered_display": "2", "missing_lines": 624, "excluded_lines": 0}, "missing_lines": [31, 33, 37, 38, 39, 40, 44, 50, 52, 53, 56, 57, 60, 63, 69, 70, 73, 76, 77, 80, 81, 82, 83, 85, 86, 90, 91, 93, 96, 98, 99, 100, 105, 112, 113, 115, 116, 117, 118, 119, 122, 125, 126, 128, 129, 130, 132, 133, 138, 139, 140, 141, 142, 145, 146, 148, 149, 151, 152, 153, 155, 159, 161, 163, 166, 168, 171, 172, 175, 178, 179, 180, 181, 182, 184, 185, 187, 188, 190, 191, 192, 195, 196, 199, 200, 201, 202, 204, 205, 209, 210, 212, 213, 214, 216, 217, 218, 221, 222, 223, 224, 225, 228, 229, 230, 234, 236, 237, 238, 241, 242, 243, 244, 246, 247, 252, 253, 254, 256, 257, 258, 259, 260, 264, 267, 268, 270, 272, 273, 274, 281, 297, 298, 302, 303, 304, 306, 308, 309, 310, 311, 313, 314, 315, 317, 318, 322, 324, 325, 330, 331, 332, 333, 334, 335, 336, 338, 340, 341, 342, 343, 346, 347, 348, 349, 352, 355, 356, 357, 361, 363, 365, 370, 371, 372, 373, 374, 375, 376, 377, 381, 382, 383, 384, 388, 389, 390, 391, 393, 394, 395, 396, 397, 398, 400, 401, 402, 404, 405, 410, 411, 412, 413, 414, 417, 418, 419, 420, 423, 426, 429, 431, 432, 433, 435, 438, 439, 440, 446, 448, 449, 450, 453, 454, 457, 459, 464, 465, 467, 475, 476, 477, 480, 481, 483, 491, 492, 493, 494, 495, 496, 497, 505, 506, 507, 511, 513, 514, 520, 521, 522, 523, 527, 530, 535, 536, 537, 538, 539, 540, 542, 543, 544, 545, 546, 547, 551, 552, 553, 554, 555, 556, 557, 559, 560, 563, 565, 566, 567, 568, 569, 572, 573, 576, 577, 578, 579, 582, 583, 584, 585, 586, 587, 589, 591, 592, 594, 596, 597, 599, 601, 603, 615, 617, 619, 620, 628, 629, 630, 631, 632, 633, 635, 636, 639, 640, 641, 644, 646, 647, 657, 658, 659, 660, 661, 664, 672, 673, 674, 675, 676, 679, 685, 686, 687, 688, 689, 692, 693, 696, 703, 704, 705, 710, 711, 712, 713, 714, 715, 716, 719, 722, 724, 725, 726, 732, 735, 736, 738, 740, 742, 745, 761, 762, 767, 769, 770, 771, 774, 779, 780, 782, 783, 787, 788, 797, 798, 799, 800, 801, 804, 805, 821, 822, 823, 825, 826, 827, 828, 829, 830, 832, 835, 838, 841, 842, 843, 845, 846, 848, 849, 850, 851, 854, 856, 858, 861, 864, 865, 866, 867, 868, 869, 871, 872, 873, 874, 876, 877, 878, 880, 885, 888, 889, 890, 891, 892, 895, 897, 898, 899, 901, 903, 904, 905, 906, 908, 909, 910, 911, 914, 915, 922, 923, 924, 925, 931, 932, 933, 935, 937, 938, 939, 940, 941, 944, 945, 952, 953, 954, 955, 957, 960, 961, 962, 964, 972, 973, 974, 975, 980, 983, 984, 985, 986, 989, 991, 993, 994, 997, 998, 999, 1004, 1005, 1006, 1007, 1011, 1013, 1017, 1020, 1021, 1046, 1049, 1061, 1063, 1066, 1067, 1068, 1074, 1075, 1076, 1078, 1079, 1080, 1081, 1082, 1083, 1084, 1087, 1101, 1102, 1108, 1109, 1111, 1112, 1113, 1114, 1116, 1122, 1125, 1126, 1129, 1134, 1135, 1140, 1141, 1142, 1143, 1144, 1146, 1148, 1150, 1160, 1162, 1163, 1168, 1169, 1171, 1172, 1173, 1174, 1175, 1176, 1179, 1180, 1184, 1188, 1190, 1191, 1192, 1195, 1196, 1197, 1198, 1199, 1200, 1202, 1204, 1207, 1213, 1216, 1220, 1221, 1223, 1225, 1226, 1227, 1229, 1230, 1232, 1233, 1235, 1240, 1241, 1242, 1246, 1248, 1251, 1253, 1254, 1255, 1260, 1262, 1263, 1273, 1274, 1275, 1276, 1277, 1278, 1279, 1282, 1283, 1292, 1293, 1294, 1295, 1296, 1297, 1298, 1301, 1302, 1309, 1310, 1311, 1312, 1313, 1314, 1317, 1320, 1322, 1323, 1324, 1327, 1330, 1331, 1333, 1335, 1336, 1337, 1339, 1341, 1342, 1345], "excluded_lines": []}}}, "src/scraper/amazon/config.py": {"executed_lines": [1, 7, 8, 10, 13, 14, 17, 31, 32, 34, 36, 37, 38, 40, 41, 42, 43, 44, 45, 46, 48, 49, 50, 54, 58, 62, 63, 64, 67, 118, 131, 132, 133, 135, 136, 137, 138, 139, 140, 142, 144, 145, 147, 148, 153, 154, 161, 163, 165, 166, 169, 171, 173, 176, 178, 182, 185, 193, 195, 196, 201, 216, 222, 224, 226, 227, 228, 231, 232, 233, 234, 239, 240, 243, 272, 274, 320, 321], "summary": {"covered_lines": 77, "num_statements": 123, "percent_covered": 62.60162601626016, "percent_covered_display": "63", "missing_lines": 46, "excluded_lines": 0}, "missing_lines": [51, 52, 53, 55, 56, 57, 59, 60, 61, 68, 70, 71, 77, 78, 80, 89, 90, 94, 96, 98, 100, 101, 110, 111, 115, 155, 159, 170, 172, 174, 211, 213, 263, 265, 266, 276, 277, 278, 281, 307, 316, 322, 323, 324, 327, 353], "excluded_lines": [], "functions": {"get_output_path": {"executed_lines": [31, 32, 34, 36, 37, 38, 40, 41, 42, 43, 44, 45, 46, 48, 49, 50, 54, 58, 62, 63, 64, 67], "summary": {"covered_lines": 22, "num_statements": 47, "percent_covered": 46.808510638297875, "percent_covered_display": "47", "missing_lines": 25, "excluded_lines": 0}, "missing_lines": [51, 52, 53, 55, 56, 57, 59, 60, 61, 68, 70, 71, 77, 78, 80, 89, 90, 94, 96, 98, 100, 101, 110, 111, 115], "excluded_lines": []}, "get_filename_pattern": {"executed_lines": [131, 132, 133, 135, 136, 137, 138, 139, 140, 142, 144, 145, 147, 148, 153, 154, 161, 163, 165, 166, 169, 171, 173, 176, 178, 182], "summary": {"covered_lines": 26, "num_statements": 31, "percent_covered": 83.87096774193549, "percent_covered_display": "84", "missing_lines": 5, "excluded_lines": 0}, "missing_lines": [155, 159, 170, 172, 174], "excluded_lines": []}, "get_default_search_parameters": {"executed_lines": [193, 195, 196, 201], "summary": {"covered_lines": 4, "num_statements": 6, "percent_covered": 66.66666666666667, "percent_covered_display": "67", "missing_lines": 2, "excluded_lines": 0}, "missing_lines": [211, 213], "excluded_lines": []}, "load_browser_config_from_yaml": {"executed_lines": [222, 224, 226, 227, 228, 231, 232, 233, 234, 239, 240, 243, 272, 274], "summary": {"covered_lines": 14, "num_statements": 23, "percent_covered": 60.869565217391305, "percent_covered_display": "61", "missing_lines": 9, "excluded_lines": 0}, "missing_lines": [263, 265, 266, 276, 277, 278, 281, 307, 316], "excluded_lines": []}, "": {"executed_lines": [1, 7, 8, 10, 13, 14, 17, 118, 185, 216, 320, 321], "summary": {"covered_lines": 11, "num_statements": 16, "percent_covered": 68.75, "percent_covered_display": "69", "missing_lines": 5, "excluded_lines": 0}, "missing_lines": [322, 323, 324, 327, 353], "excluded_lines": []}}, "classes": {"": {"executed_lines": [1, 7, 8, 10, 13, 14, 17, 31, 32, 34, 36, 37, 38, 40, 41, 42, 43, 44, 45, 46, 48, 49, 50, 54, 58, 62, 63, 64, 67, 118, 131, 132, 133, 135, 136, 137, 138, 139, 140, 142, 144, 145, 147, 148, 153, 154, 161, 163, 165, 166, 169, 171, 173, 176, 178, 182, 185, 193, 195, 196, 201, 216, 222, 224, 226, 227, 228, 231, 232, 233, 234, 239, 240, 243, 272, 274, 320, 321], "summary": {"covered_lines": 77, "num_statements": 123, "percent_covered": 62.60162601626016, "percent_covered_display": "63", "missing_lines": 46, "excluded_lines": 0}, "missing_lines": [51, 52, 53, 55, 56, 57, 59, 60, 61, 68, 70, 71, 77, 78, 80, 89, 90, 94, 96, 98, 100, 101, 110, 111, 115, 155, 159, 170, 172, 174, 211, 213, 263, 265, 266, 276, 277, 278, 281, 307, 316, 322, 323, 324, 327, 353], "excluded_lines": []}}}, "src/scraper/amazon/downloader.py": {"executed_lines": [1, 7, 8, 9, 10, 12, 13, 14, 16, 17, 18, 25, 35, 42, 52, 53, 457, 568], "summary": {"covered_lines": 17, "num_statements": 312, "percent_covered": 5.448717948717949, "percent_covered_display": "5", "missing_lines": 295, "excluded_lines": 0}, "missing_lines": [70, 72, 73, 74, 75, 78, 80, 81, 82, 83, 84, 86, 87, 88, 89, 90, 91, 93, 94, 95, 96, 97, 98, 102, 108, 109, 110, 112, 113, 114, 115, 116, 118, 120, 121, 122, 123, 124, 125, 134, 135, 138, 139, 145, 151, 152, 153, 154, 155, 158, 161, 162, 167, 170, 171, 174, 177, 182, 189, 190, 191, 192, 193, 195, 196, 198, 199, 203, 204, 207, 208, 210, 211, 215, 217, 219, 221, 222, 223, 225, 226, 229, 233, 239, 240, 242, 243, 246, 248, 249, 251, 252, 256, 257, 259, 260, 263, 264, 266, 267, 268, 269, 270, 274, 276, 277, 278, 279, 284, 285, 286, 287, 288, 291, 294, 295, 297, 298, 302, 303, 305, 306, 308, 309, 313, 315, 317, 319, 320, 321, 323, 324, 327, 328, 332, 338, 339, 341, 342, 345, 349, 350, 352, 353, 357, 358, 360, 361, 364, 367, 368, 369, 374, 375, 377, 378, 380, 382, 384, 385, 386, 387, 388, 390, 392, 394, 397, 398, 402, 405, 408, 412, 416, 418, 419, 422, 433, 434, 435, 439, 443, 444, 448, 449, 454, 470, 472, 473, 475, 476, 477, 480, 481, 484, 485, 489, 495, 496, 498, 503, 508, 527, 528, 530, 533, 536, 538, 539, 540, 541, 544, 545, 546, 547, 550, 552, 553, 556, 558, 559, 560, 562, 563, 564, 565, 591, 593, 594, 597, 598, 602, 608, 610, 611, 613, 619, 623, 624, 625, 630, 637, 655, 656, 660, 661, 662, 665, 669, 682, 687, 688, 689, 693, 696, 703, 704, 705, 708, 709, 710, 711, 713, 714, 718, 720, 721, 723, 726, 728, 731, 734, 741, 745, 746, 747, 751, 753, 754, 755, 760, 765, 768, 769, 774, 776, 777, 781, 783, 784, 785, 788, 789, 790, 791, 792], "excluded_lines": [], "functions": {"download_media_files": {"executed_lines": [], "summary": {"covered_lines": 0, "num_statements": 185, "percent_covered": 0.0, "percent_covered_display": "0", "missing_lines": 185, "excluded_lines": 0}, "missing_lines": [70, 72, 73, 74, 75, 78, 80, 81, 82, 83, 84, 86, 87, 88, 89, 90, 91, 93, 94, 95, 96, 97, 98, 102, 108, 109, 110, 112, 113, 114, 115, 116, 118, 120, 121, 122, 123, 124, 125, 134, 135, 138, 139, 145, 151, 152, 153, 154, 155, 158, 161, 162, 167, 170, 171, 174, 177, 182, 189, 190, 191, 192, 193, 195, 196, 198, 199, 203, 204, 207, 208, 210, 211, 215, 217, 219, 221, 222, 223, 225, 226, 229, 233, 239, 240, 242, 243, 246, 248, 249, 251, 252, 256, 257, 259, 260, 263, 264, 266, 267, 268, 269, 270, 274, 276, 277, 278, 279, 284, 285, 286, 287, 288, 291, 294, 295, 297, 298, 302, 303, 305, 306, 308, 309, 313, 315, 317, 319, 320, 321, 323, 324, 327, 328, 332, 338, 339, 341, 342, 345, 349, 350, 352, 353, 357, 358, 360, 361, 364, 367, 368, 369, 374, 375, 377, 378, 380, 382, 384, 385, 386, 387, 388, 390, 392, 394, 397, 398, 402, 405, 408, 412, 416, 418, 419, 422, 433, 434, 435, 439, 443, 444, 448, 449, 454], "excluded_lines": []}, "download_file_sync": {"executed_lines": [], "summary": {"covered_lines": 0, "num_statements": 40, "percent_covered": 0.0, "percent_covered_display": "0", "missing_lines": 40, "excluded_lines": 0}, "missing_lines": [470, 472, 473, 475, 476, 477, 480, 481, 484, 485, 489, 495, 496, 498, 503, 508, 527, 528, 530, 533, 536, 538, 539, 540, 541, 544, 545, 546, 547, 550, 552, 553, 556, 558, 559, 560, 562, 563, 564, 565], "excluded_lines": []}, "_validate_image_size_before_download": {"executed_lines": [], "summary": {"covered_lines": 0, "num_statements": 70, "percent_covered": 0.0, "percent_covered_display": "0", "missing_lines": 70, "excluded_lines": 0}, "missing_lines": [591, 593, 594, 597, 598, 602, 608, 610, 611, 613, 619, 623, 624, 625, 630, 637, 655, 656, 660, 661, 662, 665, 669, 682, 687, 688, 689, 693, 696, 703, 704, 705, 708, 709, 710, 711, 713, 714, 718, 720, 721, 723, 726, 728, 731, 734, 741, 745, 746, 747, 751, 753, 754, 755, 760, 765, 768, 769, 774, 776, 777, 781, 783, 784, 785, 788, 789, 790, 791, 792], "excluded_lines": []}, "": {"executed_lines": [1, 7, 8, 9, 10, 12, 13, 14, 16, 17, 18, 25, 35, 42, 52, 53, 457, 568], "summary": {"covered_lines": 17, "num_statements": 17, "percent_covered": 100.0, "percent_covered_display": "100", "missing_lines": 0, "excluded_lines": 0}, "missing_lines": [], "excluded_lines": []}}, "classes": {"": {"executed_lines": [1, 7, 8, 9, 10, 12, 13, 14, 16, 17, 18, 25, 35, 42, 52, 53, 457, 568], "summary": {"covered_lines": 17, "num_statements": 312, "percent_covered": 5.448717948717949, "percent_covered_display": "5", "missing_lines": 295, "excluded_lines": 0}, "missing_lines": [70, 72, 73, 74, 75, 78, 80, 81, 82, 83, 84, 86, 87, 88, 89, 90, 91, 93, 94, 95, 96, 97, 98, 102, 108, 109, 110, 112, 113, 114, 115, 116, 118, 120, 121, 122, 123, 124, 125, 134, 135, 138, 139, 145, 151, 152, 153, 154, 155, 158, 161, 162, 167, 170, 171, 174, 177, 182, 189, 190, 191, 192, 193, 195, 196, 198, 199, 203, 204, 207, 208, 210, 211, 215, 217, 219, 221, 222, 223, 225, 226, 229, 233, 239, 240, 242, 243, 246, 248, 249, 251, 252, 256, 257, 259, 260, 263, 264, 266, 267, 268, 269, 270, 274, 276, 277, 278, 279, 284, 285, 286, 287, 288, 291, 294, 295, 297, 298, 302, 303, 305, 306, 308, 309, 313, 315, 317, 319, 320, 321, 323, 324, 327, 328, 332, 338, 339, 341, 342, 345, 349, 350, 352, 353, 357, 358, 360, 361, 364, 367, 368, 369, 374, 375, 377, 378, 380, 382, 384, 385, 386, 387, 388, 390, 392, 394, 397, 398, 402, 405, 408, 412, 416, 418, 419, 422, 433, 434, 435, 439, 443, 444, 448, 449, 454, 470, 472, 473, 475, 476, 477, 480, 481, 484, 485, 489, 495, 496, 498, 503, 508, 527, 528, 530, 533, 536, 538, 539, 540, 541, 544, 545, 546, 547, 550, 552, 553, 556, 558, 559, 560, 562, 563, 564, 565, 591, 593, 594, 597, 598, 602, 608, 610, 611, 613, 619, 623, 624, 625, 630, 637, 655, 656, 660, 661, 662, 665, 669, 682, 687, 688, 689, 693, 696, 703, 704, 705, 708, 709, 710, 711, 713, 714, 718, 720, 721, 723, 726, 728, 731, 734, 741, 745, 746, 747, 751, 753, 754, 755, 760, 765, 768, 769, 774, 776, 777, 781, 783, 784, 785, 788, 789, 790, 791, 792], "excluded_lines": []}}}, "src/scraper/amazon/media_extractor.py": {"executed_lines": [1, 7, 8, 9, 10, 12, 14, 17, 362, 1169, 1214, 1231, 1261, 1289, 1419, 1458, 1534, 1576, 1700, 1750, 1777, 1871, 1930, 2011], "summary": {"covered_lines": 23, "num_statements": 652, "percent_covered": 3.5276073619631902, "percent_covered_display": "4", "missing_lines": 629, "excluded_lines": 0}, "missing_lines": [41, 42, 45, 46, 47, 52, 53, 56, 57, 62, 63, 66, 67, 69, 70, 71, 73, 74, 80, 81, 82, 83, 84, 85, 88, 89, 91, 92, 94, 96, 98, 99, 103, 104, 208, 209, 210, 212, 213, 216, 221, 222, 223, 224, 225, 226, 227, 231, 232, 233, 236, 237, 238, 242, 244, 247, 248, 250, 251, 252, 254, 256, 257, 260, 261, 264, 280, 282, 285, 288, 289, 290, 295, 296, 297, 298, 300, 301, 302, 305, 306, 307, 309, 311, 312, 322, 323, 324, 325, 326, 327, 330, 331, 332, 337, 338, 339, 341, 342, 343, 346, 347, 348, 349, 350, 351, 353, 354, 359, 381, 384, 385, 387, 388, 389, 392, 393, 398, 399, 401, 402, 404, 406, 408, 450, 451, 452, 453, 455, 456, 457, 458, 460, 461, 462, 463, 465, 466, 467, 468, 469, 472, 473, 475, 476, 663, 664, 665, 666, 668, 669, 676, 677, 678, 679, 684, 685, 686, 691, 692, 693, 694, 695, 696, 697, 699, 700, 701, 704, 705, 706, 708, 710, 715, 716, 720, 721, 722, 724, 725, 726, 732, 739, 742, 743, 762, 763, 767, 768, 769, 770, 775, 904, 907, 910, 914, 915, 916, 919, 925, 926, 931, 932, 933, 937, 938, 942, 943, 944, 947, 948, 952, 953, 954, 955, 956, 963, 964, 965, 966, 972, 973, 974, 975, 976, 977, 978, 981, 982, 983, 984, 985, 988, 989, 997, 1067, 1068, 1069, 1074, 1075, 1076, 1080, 1081, 1083, 1084, 1085, 1088, 1090, 1091, 1092, 1095, 1096, 1097, 1099, 1101, 1102, 1103, 1104, 1106, 1107, 1114, 1115, 1116, 1121, 1124, 1125, 1126, 1128, 1131, 1137, 1138, 1139, 1144, 1145, 1146, 1148, 1149, 1150, 1153, 1154, 1155, 1156, 1157, 1158, 1160, 1161, 1166, 1171, 1172, 1176, 1177, 1179, 1181, 1182, 1187, 1188, 1190, 1193, 1197, 1202, 1208, 1209, 1211, 1216, 1217, 1221, 1228, 1233, 1234, 1237, 1238, 1241, 1242, 1247, 1248, 1252, 1253, 1254, 1255, 1258, 1263, 1264, 1267, 1268, 1272, 1273, 1276, 1286, 1293, 1294, 1297, 1298, 1300, 1301, 1302, 1305, 1306, 1307, 1310, 1312, 1313, 1314, 1316, 1319, 1320, 1321, 1324, 1325, 1329, 1330, 1336, 1337, 1339, 1340, 1345, 1347, 1371, 1372, 1375, 1376, 1381, 1384, 1386, 1387, 1388, 1389, 1390, 1395, 1399, 1401, 1402, 1403, 1404, 1405, 1406, 1407, 1410, 1411, 1412, 1413, 1416, 1421, 1422, 1425, 1426, 1427, 1432, 1433, 1436, 1437, 1438, 1439, 1440, 1441, 1443, 1444, 1446, 1447, 1448, 1450, 1451, 1454, 1455, 1471, 1472, 1475, 1476, 1477, 1482, 1483, 1485, 1486, 1488, 1489, 1492, 1494, 1495, 1497, 1498, 1499, 1501, 1502, 1503, 1506, 1508, 1509, 1511, 1512, 1513, 1515, 1516, 1519, 1522, 1523, 1525, 1526, 1527, 1529, 1530, 1531, 1546, 1547, 1549, 1552, 1562, 1563, 1565, 1566, 1569, 1570, 1573, 1596, 1597, 1599, 1600, 1602, 1604, 1605, 1606, 1608, 1609, 1614, 1615, 1617, 1618, 1619, 1623, 1626, 1627, 1630, 1646, 1653, 1654, 1656, 1657, 1658, 1660, 1661, 1662, 1664, 1665, 1666, 1671, 1673, 1676, 1677, 1678, 1679, 1680, 1684, 1686, 1687, 1688, 1690, 1691, 1692, 1694, 1695, 1696, 1697, 1702, 1703, 1705, 1708, 1747, 1752, 1753, 1755, 1758, 1759, 1760, 1761, 1763, 1764, 1765, 1769, 1774, 1779, 1780, 1782, 1785, 1786, 1789, 1790, 1794, 1795, 1798, 1842, 1843, 1846, 1853, 1856, 1863, 1868, 1873, 1875, 1877, 1878, 1880, 1881, 1887, 1890, 1891, 1892, 1893, 1894, 1895, 1896, 1897, 1898, 1901, 1902, 1907, 1908, 1910, 1911, 1912, 1913, 1914, 1915, 1916, 1919, 1920, 1923, 1924, 1926, 1927, 1932, 1933, 1936, 1937, 1939, 1940, 1941, 1954, 1955, 1959, 1960, 1967, 1969, 1971, 1972, 1975, 1976, 1977, 1980, 1981, 1987, 1988, 1991, 1994, 1997, 1998, 1999, 2002, 2007, 2008, 2013, 2014, 2016, 2019, 2020, 2021, 2022, 2023, 2026, 2027, 2028, 2029, 2032, 2034, 2051, 2052, 2053, 2055, 2056, 2059, 2060, 2061, 2062, 2064, 2065, 2067, 2070, 2079, 2082, 2083, 2085, 2086], "excluded_lines": [], "functions": {"extract_high_res_images_botasaurus": {"executed_lines": [], "summary": {"covered_lines": 0, "num_statements": 109, "percent_covered": 0.0, "percent_covered_display": "0", "missing_lines": 109, "excluded_lines": 0}, "missing_lines": [41, 42, 45, 46, 47, 52, 53, 56, 57, 62, 63, 66, 67, 69, 70, 71, 73, 74, 80, 81, 82, 83, 84, 85, 88, 89, 91, 92, 94, 96, 98, 99, 103, 104, 208, 209, 210, 212, 213, 216, 221, 222, 223, 224, 225, 226, 227, 231, 232, 233, 236, 237, 238, 242, 244, 247, 248, 250, 251, 252, 254, 256, 257, 260, 261, 264, 280, 282, 285, 288, 289, 290, 295, 296, 297, 298, 300, 301, 302, 305, 306, 307, 309, 311, 312, 322, 323, 324, 325, 326, 327, 330, 331, 332, 337, 338, 339, 341, 342, 343, 346, 347, 348, 349, 350, 351, 353, 354, 359], "excluded_lines": []}, "extract_functional_videos_with_validation": {"executed_lines": [], "summary": {"covered_lines": 0, "num_statements": 178, "percent_covered": 0.0, "percent_covered_display": "0", "missing_lines": 178, "excluded_lines": 0}, "missing_lines": [381, 384, 385, 387, 388, 389, 392, 393, 398, 399, 401, 402, 404, 406, 408, 450, 451, 452, 453, 455, 456, 457, 458, 460, 461, 462, 463, 465, 466, 467, 468, 469, 472, 473, 475, 476, 663, 664, 665, 666, 668, 669, 676, 677, 678, 679, 684, 685, 686, 691, 692, 693, 694, 695, 696, 697, 699, 700, 701, 704, 705, 706, 708, 710, 715, 716, 720, 721, 722, 724, 725, 726, 732, 739, 742, 743, 762, 763, 767, 768, 769, 770, 775, 904, 907, 910, 914, 915, 916, 919, 925, 926, 931, 932, 933, 937, 938, 942, 943, 944, 947, 948, 952, 953, 954, 955, 956, 963, 964, 965, 966, 972, 973, 974, 975, 976, 977, 978, 981, 982, 983, 984, 985, 988, 989, 997, 1067, 1068, 1069, 1074, 1075, 1076, 1080, 1081, 1083, 1084, 1085, 1088, 1090, 1091, 1092, 1095, 1096, 1097, 1099, 1101, 1102, 1103, 1104, 1106, 1107, 1114, 1115, 1116, 1121, 1124, 1125, 1126, 1128, 1131, 1137, 1138, 1139, 1144, 1145, 1146, 1148, 1149, 1150, 1153, 1154, 1155, 1156, 1157, 1158, 1160, 1161, 1166], "excluded_lines": []}, "modify_amazon_image_for_high_res": {"executed_lines": [], "summary": {"covered_lines": 0, "num_statements": 16, "percent_covered": 0.0, "percent_covered_display": "0", "missing_lines": 16, "excluded_lines": 0}, "missing_lines": [1171, 1172, 1176, 1177, 1179, 1181, 1182, 1187, 1188, 1190, 1193, 1197, 1202, 1208, 1209, 1211], "excluded_lines": []}, "is_amazon_product_image": {"executed_lines": [], "summary": {"covered_lines": 0, "num_statements": 4, "percent_covered": 0.0, "percent_covered_display": "0", "missing_lines": 4, "excluded_lines": 0}, "missing_lines": [1216, 1217, 1221, 1228], "excluded_lines": []}, "is_valid_high_res_image": {"executed_lines": [], "summary": {"covered_lines": 0, "num_statements": 13, "percent_covered": 0.0, "percent_covered_display": "0", "missing_lines": 13, "excluded_lines": 0}, "missing_lines": [1233, 1234, 1237, 1238, 1241, 1242, 1247, 1248, 1252, 1253, 1254, 1255, 1258], "excluded_lines": []}, "is_valid_video_url": {"executed_lines": [], "summary": {"covered_lines": 0, "num_statements": 8, "percent_covered": 0.0, "percent_covered_display": "0", "missing_lines": 8, "excluded_lines": 0}, "missing_lines": [1263, 1264, 1267, 1268, 1272, 1273, 1276, 1286], "excluded_lines": []}, "validate_video_url_accessibility": {"executed_lines": [], "summary": {"covered_lines": 0, "num_statements": 53, "percent_covered": 0.0, "percent_covered_display": "0", "missing_lines": 53, "excluded_lines": 0}, "missing_lines": [1293, 1294, 1297, 1298, 1300, 1301, 1302, 1305, 1306, 1307, 1310, 1312, 1313, 1314, 1316, 1319, 1320, 1321, 1324, 1325, 1329, 1330, 1336, 1337, 1339, 1340, 1345, 1347, 1371, 1372, 1375, 1376, 1381, 1384, 1386, 1387, 1388, 1389, 1390, 1395, 1399, 1401, 1402, 1403, 1404, 1405, 1406, 1407, 1410, 1411, 1412, 1413, 1416], "excluded_lines": []}, "check_amazon_high_res_pattern": {"executed_lines": [], "summary": {"covered_lines": 0, "num_statements": 22, "percent_covered": 0.0, "percent_covered_display": "0", "missing_lines": 22, "excluded_lines": 0}, "missing_lines": [1421, 1422, 1425, 1426, 1427, 1432, 1433, 1436, 1437, 1438, 1439, 1440, 1441, 1443, 1444, 1446, 1447, 1448, 1450, 1451, 1454, 1455], "excluded_lines": []}, "filter_amazon_fallback_image": {"executed_lines": [], "summary": {"covered_lines": 0, "num_statements": 37, "percent_covered": 0.0, "percent_covered_display": "0", "missing_lines": 37, "excluded_lines": 0}, "missing_lines": [1471, 1472, 1475, 1476, 1477, 1482, 1483, 1485, 1486, 1488, 1489, 1492, 1494, 1495, 1497, 1498, 1499, 1501, 1502, 1503, 1506, 1508, 1509, 1511, 1512, 1513, 1515, 1516, 1519, 1522, 1523, 1525, 1526, 1527, 1529, 1530, 1531], "excluded_lines": []}, "is_placeholder_image": {"executed_lines": [], "summary": {"covered_lines": 0, "num_statements": 11, "percent_covered": 0.0, "percent_covered_display": "0", "missing_lines": 11, "excluded_lines": 0}, "missing_lines": [1546, 1547, 1549, 1552, 1562, 1563, 1565, 1566, 1569, 1570, 1573], "excluded_lines": []}, "_validate_image_dimensions": {"executed_lines": [], "summary": {"covered_lines": 0, "num_statements": 49, "percent_covered": 0.0, "percent_covered_display": "0", "missing_lines": 49, "excluded_lines": 0}, "missing_lines": [1596, 1597, 1599, 1600, 1602, 1604, 1605, 1606, 1608, 1609, 1614, 1615, 1617, 1618, 1619, 1623, 1626, 1627, 1630, 1646, 1653, 1654, 1656, 1657, 1658, 1660, 1661, 1662, 1664, 1665, 1666, 1671, 1673, 1676, 1677, 1678, 1679, 1680, 1684, 1686, 1687, 1688, 1690, 1691, 1692, 1694, 1695, 1696, 1697], "excluded_lines": []}, "_is_irrelevant_image": {"executed_lines": [], "summary": {"covered_lines": 0, "num_statements": 5, "percent_covered": 0.0, "percent_covered_display": "0", "missing_lines": 5, "excluded_lines": 0}, "missing_lines": [1702, 1703, 1705, 1708, 1747], "excluded_lines": []}, "_meets_dimension_requirements": {"executed_lines": [], "summary": {"covered_lines": 0, "num_statements": 12, "percent_covered": 0.0, "percent_covered_display": "0", "missing_lines": 12, "excluded_lines": 0}, "missing_lines": [1752, 1753, 1755, 1758, 1759, 1760, 1761, 1763, 1764, 1765, 1769, 1774], "excluded_lines": []}, "_is_product_related_video": {"executed_lines": [], "summary": {"covered_lines": 0, "num_statements": 17, "percent_covered": 0.0, "percent_covered_display": "0", "missing_lines": 17, "excluded_lines": 0}, "missing_lines": [1779, 1780, 1782, 1785, 1786, 1789, 1790, 1794, 1795, 1798, 1842, 1843, 1846, 1853, 1856, 1863, 1868], "excluded_lines": []}, "_perform_advanced_debug_analysis": {"executed_lines": [], "summary": {"covered_lines": 0, "num_statements": 33, "percent_covered": 0.0, "percent_covered_display": "0", "missing_lines": 33, "excluded_lines": 0}, "missing_lines": [1873, 1875, 1877, 1878, 1880, 1881, 1887, 1890, 1891, 1892, 1893, 1894, 1895, 1896, 1897, 1898, 1901, 1902, 1907, 1908, 1910, 1911, 1912, 1913, 1914, 1915, 1916, 1919, 1920, 1923, 1924, 1926, 1927], "excluded_lines": []}, "_perform_deep_image_analysis": {"executed_lines": [], "summary": {"covered_lines": 0, "num_statements": 30, "percent_covered": 0.0, "percent_covered_display": "0", "missing_lines": 30, "excluded_lines": 0}, "missing_lines": [1932, 1933, 1936, 1937, 1939, 1940, 1941, 1954, 1955, 1959, 1960, 1967, 1969, 1971, 1972, 1975, 1976, 1977, 1980, 1981, 1987, 1988, 1991, 1994, 1997, 1998, 1999, 2002, 2007, 2008], "excluded_lines": []}, "_dump_all_image_urls": {"executed_lines": [], "summary": {"covered_lines": 0, "num_statements": 32, "percent_covered": 0.0, "percent_covered_display": "0", "missing_lines": 32, "excluded_lines": 0}, "missing_lines": [2013, 2014, 2016, 2019, 2020, 2021, 2022, 2023, 2026, 2027, 2028, 2029, 2032, 2034, 2051, 2052, 2053, 2055, 2056, 2059, 2060, 2061, 2062, 2064, 2065, 2067, 2070, 2079, 2082, 2083, 2085, 2086], "excluded_lines": []}, "": {"executed_lines": [1, 7, 8, 9, 10, 12, 14, 17, 362, 1169, 1214, 1231, 1261, 1289, 1419, 1458, 1534, 1576, 1700, 1750, 1777, 1871, 1930, 2011], "summary": {"covered_lines": 23, "num_statements": 23, "percent_covered": 100.0, "percent_covered_display": "100", "missing_lines": 0, "excluded_lines": 0}, "missing_lines": [], "excluded_lines": []}}, "classes": {"": {"executed_lines": [1, 7, 8, 9, 10, 12, 14, 17, 362, 1169, 1214, 1231, 1261, 1289, 1419, 1458, 1534, 1576, 1700, 1750, 1777, 1871, 1930, 2011], "summary": {"covered_lines": 23, "num_statements": 652, "percent_covered": 3.5276073619631902, "percent_covered_display": "4", "missing_lines": 629, "excluded_lines": 0}, "missing_lines": [41, 42, 45, 46, 47, 52, 53, 56, 57, 62, 63, 66, 67, 69, 70, 71, 73, 74, 80, 81, 82, 83, 84, 85, 88, 89, 91, 92, 94, 96, 98, 99, 103, 104, 208, 209, 210, 212, 213, 216, 221, 222, 223, 224, 225, 226, 227, 231, 232, 233, 236, 237, 238, 242, 244, 247, 248, 250, 251, 252, 254, 256, 257, 260, 261, 264, 280, 282, 285, 288, 289, 290, 295, 296, 297, 298, 300, 301, 302, 305, 306, 307, 309, 311, 312, 322, 323, 324, 325, 326, 327, 330, 331, 332, 337, 338, 339, 341, 342, 343, 346, 347, 348, 349, 350, 351, 353, 354, 359, 381, 384, 385, 387, 388, 389, 392, 393, 398, 399, 401, 402, 404, 406, 408, 450, 451, 452, 453, 455, 456, 457, 458, 460, 461, 462, 463, 465, 466, 467, 468, 469, 472, 473, 475, 476, 663, 664, 665, 666, 668, 669, 676, 677, 678, 679, 684, 685, 686, 691, 692, 693, 694, 695, 696, 697, 699, 700, 701, 704, 705, 706, 708, 710, 715, 716, 720, 721, 722, 724, 725, 726, 732, 739, 742, 743, 762, 763, 767, 768, 769, 770, 775, 904, 907, 910, 914, 915, 916, 919, 925, 926, 931, 932, 933, 937, 938, 942, 943, 944, 947, 948, 952, 953, 954, 955, 956, 963, 964, 965, 966, 972, 973, 974, 975, 976, 977, 978, 981, 982, 983, 984, 985, 988, 989, 997, 1067, 1068, 1069, 1074, 1075, 1076, 1080, 1081, 1083, 1084, 1085, 1088, 1090, 1091, 1092, 1095, 1096, 1097, 1099, 1101, 1102, 1103, 1104, 1106, 1107, 1114, 1115, 1116, 1121, 1124, 1125, 1126, 1128, 1131, 1137, 1138, 1139, 1144, 1145, 1146, 1148, 1149, 1150, 1153, 1154, 1155, 1156, 1157, 1158, 1160, 1161, 1166, 1171, 1172, 1176, 1177, 1179, 1181, 1182, 1187, 1188, 1190, 1193, 1197, 1202, 1208, 1209, 1211, 1216, 1217, 1221, 1228, 1233, 1234, 1237, 1238, 1241, 1242, 1247, 1248, 1252, 1253, 1254, 1255, 1258, 1263, 1264, 1267, 1268, 1272, 1273, 1276, 1286, 1293, 1294, 1297, 1298, 1300, 1301, 1302, 1305, 1306, 1307, 1310, 1312, 1313, 1314, 1316, 1319, 1320, 1321, 1324, 1325, 1329, 1330, 1336, 1337, 1339, 1340, 1345, 1347, 1371, 1372, 1375, 1376, 1381, 1384, 1386, 1387, 1388, 1389, 1390, 1395, 1399, 1401, 1402, 1403, 1404, 1405, 1406, 1407, 1410, 1411, 1412, 1413, 1416, 1421, 1422, 1425, 1426, 1427, 1432, 1433, 1436, 1437, 1438, 1439, 1440, 1441, 1443, 1444, 1446, 1447, 1448, 1450, 1451, 1454, 1455, 1471, 1472, 1475, 1476, 1477, 1482, 1483, 1485, 1486, 1488, 1489, 1492, 1494, 1495, 1497, 1498, 1499, 1501, 1502, 1503, 1506, 1508, 1509, 1511, 1512, 1513, 1515, 1516, 1519, 1522, 1523, 1525, 1526, 1527, 1529, 1530, 1531, 1546, 1547, 1549, 1552, 1562, 1563, 1565, 1566, 1569, 1570, 1573, 1596, 1597, 1599, 1600, 1602, 1604, 1605, 1606, 1608, 1609, 1614, 1615, 1617, 1618, 1619, 1623, 1626, 1627, 1630, 1646, 1653, 1654, 1656, 1657, 1658, 1660, 1661, 1662, 1664, 1665, 1666, 1671, 1673, 1676, 1677, 1678, 1679, 1680, 1684, 1686, 1687, 1688, 1690, 1691, 1692, 1694, 1695, 1696, 1697, 1702, 1703, 1705, 1708, 1747, 1752, 1753, 1755, 1758, 1759, 1760, 1761, 1763, 1764, 1765, 1769, 1774, 1779, 1780, 1782, 1785, 1786, 1789, 1790, 1794, 1795, 1798, 1842, 1843, 1846, 1853, 1856, 1863, 1868, 1873, 1875, 1877, 1878, 1880, 1881, 1887, 1890, 1891, 1892, 1893, 1894, 1895, 1896, 1897, 1898, 1901, 1902, 1907, 1908, 1910, 1911, 1912, 1913, 1914, 1915, 1916, 1919, 1920, 1923, 1924, 1926, 1927, 1932, 1933, 1936, 1937, 1939, 1940, 1941, 1954, 1955, 1959, 1960, 1967, 1969, 1971, 1972, 1975, 1976, 1977, 1980, 1981, 1987, 1988, 1991, 1994, 1997, 1998, 1999, 2002, 2007, 2008, 2013, 2014, 2016, 2019, 2020, 2021, 2022, 2023, 2026, 2027, 2028, 2029, 2032, 2034, 2051, 2052, 2053, 2055, 2056, 2059, 2060, 2061, 2062, 2064, 2065, 2067, 2070, 2079, 2082, 2083, 2085, 2086], "excluded_lines": []}}}, "src/scraper/amazon/media_validator.py": {"executed_lines": [1, 7, 8, 9, 10, 11, 12, 14, 15, 17, 19, 22, 23, 25, 32, 33, 34, 35, 37, 39, 47, 64, 65, 71, 72, 78, 83, 85, 87, 88, 89, 92, 93, 95, 96, 100, 105, 106, 108, 109, 110, 112, 123, 124, 131, 135, 136, 138, 140, 141, 146, 147, 148, 151, 157, 158, 159, 169, 170, 173, 190, 191, 197, 198, 204, 209, 211, 213, 214, 215, 218, 219, 221, 222, 223, 226, 227, 240, 242, 243, 244, 245, 247, 248, 254, 255, 257, 260, 261, 263, 264, 266, 271, 274, 275, 277, 278, 279, 280, 282, 292, 295, 296, 297, 300, 304, 305, 307, 316, 317, 319, 323, 324, 325, 338, 339, 343, 345, 346, 349, 356, 359, 361, 392, 393, 396, 411, 413, 414, 416, 417, 418, 419, 426, 435, 438, 439, 441, 443, 455, 458, 473, 474, 475, 478, 481, 486, 487, 488, 490, 491, 492, 494, 522, 525, 526, 529, 532, 536, 539, 542, 545, 559, 560, 561, 562, 563, 564, 568, 571, 586, 588, 590, 607, 611, 621, 624, 625, 626, 627, 630, 632, 633, 634], "summary": {"covered_lines": 182, "num_statements": 247, "percent_covered": 73.6842105263158, "percent_covered_display": "74", "missing_lines": 65, "excluded_lines": 0}, "missing_lines": [101, 102, 132, 142, 143, 144, 163, 165, 166, 167, 249, 250, 251, 267, 268, 283, 289, 301, 302, 308, 313, 320, 327, 330, 331, 332, 333, 334, 335, 340, 363, 364, 365, 369, 372, 373, 377, 380, 381, 385, 386, 388, 389, 390, 429, 430, 431, 432, 433, 445, 447, 453, 546, 549, 551, 554, 565, 566, 628, 635, 636, 637, 638, 639, 640], "excluded_lines": [], "functions": {"MediaValidationResult.__init__": {"executed_lines": [32, 33, 34, 35], "summary": {"covered_lines": 4, "num_statements": 4, "percent_covered": 100.0, "percent_covered_display": "100", "missing_lines": 0, "excluded_lines": 0}, "missing_lines": [], "excluded_lines": []}, "MediaValidationResult.to_dict": {"executed_lines": [39], "summary": {"covered_lines": 1, "num_statements": 1, "percent_covered": 100.0, "percent_covered_display": "100", "missing_lines": 0, "excluded_lines": 0}, "missing_lines": [], "excluded_lines": []}, "verify_image_file": {"executed_lines": [64, 65, 71, 72, 78, 83, 85, 87, 88, 89, 92, 93, 95, 96, 100, 105, 106, 108, 109, 110, 112, 123, 124, 131, 135, 136, 138, 140, 141, 146, 147, 148, 151, 157, 158, 159, 169, 170], "summary": {"covered_lines": 38, "num_statements": 48, "percent_covered": 79.16666666666667, "percent_covered_display": "79", "missing_lines": 10, "excluded_lines": 0}, "missing_lines": [101, 102, 132, 142, 143, 144, 163, 165, 166, 167], "excluded_lines": []}, "verify_video_file": {"executed_lines": [190, 191, 197, 198, 204, 209, 211, 213, 214, 215, 218, 219, 221, 222, 223, 226, 227, 240, 242, 243, 244, 245, 247, 248, 254, 255, 257, 260, 261, 263, 264, 266, 271, 274, 275, 277, 278, 279, 280, 282, 292, 295, 296, 297, 300, 304, 305, 307, 316, 317, 319, 323, 324, 325, 338, 339, 343, 345, 346, 349, 356, 359, 361, 392, 393], "summary": {"covered_lines": 65, "num_statements": 99, "percent_covered": 65.65656565656566, "percent_covered_display": "66", "missing_lines": 34, "excluded_lines": 0}, "missing_lines": [249, 250, 251, 267, 268, 283, 289, 301, 302, 308, 313, 320, 327, 330, 331, 332, 333, 334, 335, 340, 363, 364, 365, 369, 372, 373, 377, 380, 381, 385, 386, 388, 389, 390], "excluded_lines": []}, "validate_media_batch": {"executed_lines": [411, 413, 414, 416, 417, 418, 419, 426, 435, 438, 439, 441, 443, 455], "summary": {"covered_lines": 14, "num_statements": 22, "percent_covered": 63.63636363636363, "percent_covered_display": "64", "missing_lines": 8, "excluded_lines": 0}, "missing_lines": [429, 430, 431, 432, 433, 445, 447, 453], "excluded_lines": []}, "generate_validation_report": {"executed_lines": [473, 474, 475, 478, 481, 486, 487, 488, 490, 491, 492, 494, 522, 525, 526, 529, 532, 536, 539, 542, 545, 559, 560, 561, 562, 563, 564, 568], "summary": {"covered_lines": 28, "num_statements": 34, "percent_covered": 82.3529411764706, "percent_covered_display": "82", "missing_lines": 6, "excluded_lines": 0}, "missing_lines": [546, 549, 551, 554, 565, 566], "excluded_lines": []}, "validate_url_accessibility": {"executed_lines": [586, 588, 590, 607, 611, 621, 624, 625, 626, 627, 630, 632, 633, 634], "summary": {"covered_lines": 14, "num_statements": 21, "percent_covered": 66.66666666666667, "percent_covered_display": "67", "missing_lines": 7, "excluded_lines": 0}, "missing_lines": [628, 635, 636, 637, 638, 639, 640], "excluded_lines": []}, "": {"executed_lines": [1, 7, 8, 9, 10, 11, 12, 14, 15, 17, 19, 22, 23, 25, 37, 47, 173, 396, 458, 571], "summary": {"covered_lines": 18, "num_statements": 18, "percent_covered": 100.0, "percent_covered_display": "100", "missing_lines": 0, "excluded_lines": 0}, "missing_lines": [], "excluded_lines": []}}, "classes": {"MediaValidationResult": {"executed_lines": [32, 33, 34, 35, 39], "summary": {"covered_lines": 5, "num_statements": 5, "percent_covered": 100.0, "percent_covered_display": "100", "missing_lines": 0, "excluded_lines": 0}, "missing_lines": [], "excluded_lines": []}, "": {"executed_lines": [1, 7, 8, 9, 10, 11, 12, 14, 15, 17, 19, 22, 23, 25, 37, 47, 64, 65, 71, 72, 78, 83, 85, 87, 88, 89, 92, 93, 95, 96, 100, 105, 106, 108, 109, 110, 112, 123, 124, 131, 135, 136, 138, 140, 141, 146, 147, 148, 151, 157, 158, 159, 169, 170, 173, 190, 191, 197, 198, 204, 209, 211, 213, 214, 215, 218, 219, 221, 222, 223, 226, 227, 240, 242, 243, 244, 245, 247, 248, 254, 255, 257, 260, 261, 263, 264, 266, 271, 274, 275, 277, 278, 279, 280, 282, 292, 295, 296, 297, 300, 304, 305, 307, 316, 317, 319, 323, 324, 325, 338, 339, 343, 345, 346, 349, 356, 359, 361, 392, 393, 396, 411, 413, 414, 416, 417, 418, 419, 426, 435, 438, 439, 441, 443, 455, 458, 473, 474, 475, 478, 481, 486, 487, 488, 490, 491, 492, 494, 522, 525, 526, 529, 532, 536, 539, 542, 545, 559, 560, 561, 562, 563, 564, 568, 571, 586, 588, 590, 607, 611, 621, 624, 625, 626, 627, 630, 632, 633, 634], "summary": {"covered_lines": 177, "num_statements": 242, "percent_covered": 73.14049586776859, "percent_covered_display": "73", "missing_lines": 65, "excluded_lines": 0}, "missing_lines": [101, 102, 132, 142, 143, 144, 163, 165, 166, 167, 249, 250, 
[...]
d_lines": []}, "VideoConfig._is_path_expected": {"executed_lines": [], "summary": {"covered_lines": 0, "num_statements": 12, "percent_covered": 0.0, "percent_covered_display": "0", "missing_lines": 12, "excluded_lines": 0}, "missing_lines": [1714, 1715, 1718, 1719, 1720, 1721, 1722, 1723, 1726, 1729, 1734, 1737], "excluded_lines": []}, "VideoConfig._should_preserve": {"executed_lines": [], "summary": {"covered_lines": 0, "num_statements": 6, "percent_covered": 0.0, "percent_covered_display": "0", "missing_lines": 6, "excluded_lines": 0}, "missing_lines": [1745, 1746, 1748, 1749, 1750, 1751], "excluded_lines": []}, "VideoConfig._should_force_cleanup": {"executed_lines": [], "summary": {"covered_lines": 0, "num_statements": 6, "percent_covered": 0.0, "percent_covered_display": "0", "missing_lines": 6, "excluded_lines": 0}, "missing_lines": [1755, 1756, 1758, 1759, 1760, 1761], "excluded_lines": []}, "VideoConfig._cleanup_item": {"executed_lines": [], "summary": {"covered_lines": 0, "num_statements": 21, "percent_covered": 0.0, "percent_covered_display": "0", "missing_lines": 21, "excluded_lines": 0}, "missing_lines": [1765, 1770, 1771, 1772, 1773, 1782, 1783, 1784, 1786, 1788, 1789, 1792, 1798, 1799, 1800, 1802, 1804, 1806, 1807, 1808, 1814], "excluded_lines": []}, "VideoConfig._cleanup_empty_directories": {"executed_lines": [], "summary": {"covered_lines": 0, "num_statements": 15, "percent_covered": 0.0, "percent_covered_display": "0", "missing_lines": 15, "excluded_lines": 0}, "missing_lines": [1819, 1824, 1825, 1827, 1830, 1835, 1838, 1844, 1845, 1846, 1847, 1849, 1851, 1853, 1855], "excluded_lines": []}, "VideoConfig._is_expected_base_directory": {"executed_lines": [], "summary": {"covered_lines": 0, "num_statements": 2, "percent_covered": 0.0, "percent_covered_display": "0", "missing_lines": 2, "excluded_lines": 0}, "missing_lines": [1862, 1869], "excluded_lines": []}, "VideoConfig._save_cleanup_report": {"executed_lines": [], "summary": {"covered_lines": 0, "num_statements": 8, "percent_covered": 0.0, "percent_covered_display": "0", "missing_lines": 8, "excluded_lines": 0}, "missing_lines": [1873, 1874, 1877, 1879, 1880, 1882, 1884, 1885], "excluded_lines": []}, "load_video_config": {"executed_lines": [1889, 1890, 1891, 1892, 1893, 1894, 1895, 1897, 1898, 1901, 1902, 1903], "summary": {"covered_lines": 12, "num_statements": 15, "percent_covered": 80.0, "percent_covered_display": "80", "missing_lines": 3, "excluded_lines": 0}, "missing_lines": [1896, 1899, 1900], "excluded_lines": []}, "": {"executed_lines": [2, 3, 4, 5, 6, 7, 8, 10, 11, 19, 21, 23, 24, 25, 26, 27, 28, 29, 30, 31, 32, 33, 34, 35, 36, 37, 38, 39, 40, 41, 42, 43, 44, 45, 46, 47, 48, 49, 50, 51, 52, 53, 54, 55, 56, 57, 58, 59, 60, 61, 62, 63, 64, 67, 68, 69, 70, 71, 72, 75, 76, 77, 78, 79, 80, 81, 82, 83, 86, 97, 98, 101, 102, 103, 104, 105, 106, 107, 108, 109, 110, 111, 112, 113, 114, 115, 116, 117, 118, 119, 120, 121, 124, 125, 126, 130, 131, 138, 139, 140, 141, 142, 143, 146, 147, 148, 149, 150, 151, 152, 153, 154, 155, 156, 157, 158, 159, 160, 161, 162, 163, 164, 165, 166, 167, 168, 171, 172, 173, 174, 177, 178, 180, 181, 182, 183, 184, 185, 186, 187, 188, 189, 190, 192, 193, 201, 202, 204, 205, 208, 209, 210, 211, 213, 214, 244, 245, 246, 247, 248, 249, 250, 251, 252, 253, 254, 257, 258, 263, 264, 268, 272, 273, 276, 279, 282, 287, 288, 289, 292, 293, 294, 295, 296, 297, 300, 301, 302, 303, 306, 307, 308, 309, 310, 311, 312, 313, 314, 317, 323, 326, 329, 335, 342, 346, 349, 353, 356, 361, 364, 367, 370, 373, 376, 379, 384, 387, 393, 399, 402, 407, 410, 416, 419, 422, 429, 432, 435, 438, 441, 444, 447, 450, 453, 456, 461, 462, 464, 465, 466, 467, 468, 469, 470, 471, 472, 473, 474, 475, 476, 477, 478, 481, 482, 483, 484, 485, 486, 489, 490, 491, 492, 493, 494, 495, 496, 497, 498, 499, 502, 503, 505, 506, 507, 508, 509, 510, 511, 512, 513, 514, 515, 516, 517, 518, 519, 522, 523, 525, 526, 527, 528, 529, 530, 531, 532, 533, 536, 537, 539, 540, 541, 542, 545, 546, 548, 549, 550, 551, 552, 553, 554, 557, 558, 560, 561, 562, 563, 566, 569, 572, 573, 576, 579, 584, 587, 590, 593, 598, 601, 604, 609, 612, 617, 622, 625, 628, 633, 636, 641, 646, 647, 650, 653, 656, 661, 664, 667, 670, 673, 678, 681, 684, 685, 688, 693, 696, 697, 700, 701, 704, 707, 710, 715, 720, 721, 724, 725, 726, 729, 732, 733, 736, 737, 742, 743, 748, 751, 756, 757, 760, 763, 768, 769, 772, 777, 780, 783, 788, 789, 791, 792, 793, 798, 799, 800, 801, 806, 809, 812, 817, 820, 825, 830, 833, 836, 839, 842, 847, 848, 850, 851, 852, 853, 854, 855, 856, 857, 860, 861, 863, 864, 865, 866, 867, 868, 869, 872, 873, 875, 876, 877, 878, 879, 880, 881, 882, 883, 884, 887, 888, 890, 891, 892, 893, 896, 897, 899, 900, 901, 902, 905, 906, 908, 909, 910, 911, 912, 915, 916, 918, 919, 920, 921, 931, 932, 934, 935, 938, 939, 940, 946, 947, 948, 949, 950, 953, 956, 957, 958, 961, 963, 964, 965, 966, 967, 968, 969, 970, 971, 972, 973, 974, 975, 978, 979, 980, 981, 982, 983, 984, 985, 988, 989, 990, 991, 992, 993, 994, 995, 996, 997, 1000, 1001, 1002, 1003, 1006, 1007, 1008, 1009, 1010, 1013, 1014, 1015, 1018, 1019, 1020, 1023, 1026, 1029, 1032, 1035, 1036, 1037, 1038, 1039, 1040, 1041, 1042, 1043, 1044, 1045, 1046, 1047, 1050, 1051, 1052, 1053, 1054, 1055, 1056, 1059, 1060, 1061, 1062, 1063, 1064, 1065, 1067, 1071, 1072, 1073, 1074, 1075, 1077, 1078, 1111, 1116, 1493, 1557, 1563, 1574, 1583, 1594, 1600, 1711, 1743, 1753, 1763, 1816, 1857, 1871, 1888, 1907, 1908, 1910, 1911], "summary": {"covered_lines": 566, "num_statements": 570, "percent_covered": 99.29824561403508, "percent_covered_display": "99", "missing_lines": 4, "excluded_lines": 0}, "missing_lines": [1912, 1913, 1914, 2121], "excluded_lines": []}}, "classes": {"VideoSettings": {"executed_lines": [132, 133, 134, 135], "summary": {"covered_lines": 4, "num_statements": 4, "percent_covered": 100.0, "percent_covered_display": "100", "missing_lines": 0, "excluded_lines": 0}, "missing_lines": [], "excluded_lines": []}, "MediaSettings": {"executed_lines": [], "summary": {"covered_lines": 0, "num_statements": 0, "percent_covered": 100.0, "percent_covered_display": "100", "missing_lines": 0, "excluded_lines": 0}, "missing_lines": [], "excluded_lines": []}, "AudioSettings": {"executed_lines": [], "summary": {"covered_lines": 0, "num_statements": 0, "percent_covered": 100.0, "percent_covered_display": "100", "missing_lines": 0, "excluded_lines": 0}, "missing_lines": [], "excluded_lines": []}, "GoogleCloudVoiceCriteria": {"executed_lines": [], "summary": {"covered_lines": 0, "num_statements": 0, "percent_covered": 100.0, "percent_covered_display": "100", "missing_lines": 0, "excluded_lines": 0}, "missing_lines": [], "excluded_lines": []}, "GoogleCloudTTSSettings": {"executed_lines": [194, 196, 198], "summary": {"covered_lines": 3, "num_statements": 5, "percent_covered": 60.0, "percent_covered_display": "60", "missing_lines": 2, "excluded_lines": 0}, "missing_lines": [195, 197], "excluded_lines": []}, "CoquiTTSSettings": {"executed_lines": [], "summary": {"covered_lines": 0, "num_statements": 0, "percent_covered": 100.0, "percent_covered_display": "100", "missing_lines": 0, "excluded_lines": 0}, "missing_lines": [], "excluded_lines": []}, "TTSConfig": {"executed_lines": [215, 216, 217, 221, 222, 225, 227, 230, 233, 238, 240, 241], "summary": {"covered_lines": 12, "num_statements": 14, "percent_covered": 85.71428571428571, "percent_covered_display": "86", "missing_lines": 2, "excluded_lines": 0}, "missing_lines": [218, 219], "excluded_lines": []}, "LLMSettings": {"executed_lines": [], "summary": {"covered_lines": 0, "num_statements": 0, "percent_covered": 100.0, "percent_covered_display": "100", "missing_lines": 0, "excluded_lines": 0}, "missing_lines": [], "excluded_lines": []}, "DescriptionSettings": {"executed_lines": [], "summary": {"covered_lines": 0, "num_statements": 0, "percent_covered": 100.0, "percent_covered_display": "100", "missing_lines": 0, "excluded_lines": 0}, "missing_lines": [], "excluded_lines": []}, "StockMediaSettings": {"executed_lines": [], "summary": {"covered_lines": 0, "num_statements": 0, "percent_covered": 100.0, "percent_covered_display": "100", "missing_lines": 0, "excluded_lines": 0}, "missing_lines": [], "excluded_lines": []}, "FFmpegSettings": {"executed_lines": [], "summary": {"covered_lines": 0, "num_statements": 0, "percent_covered": 100.0, "percent_covered_display": "100", "missing_lines": 0, "excluded_lines": 0}, "missing_lines": [], "excluded_lines": []}, "AttributionSettings": {"executed_lines": [], "summary": {"covered_lines": 0, "num_statements": 0, "percent_covered": 100.0, "percent_covered_display": "100", "missing_lines": 0, "excluded_lines": 0}, "missing_lines": [], "excluded_lines": []}, "VideoProfile": {"executed_lines": [], "summary": {"covered_lines": 0, "num_statements": 0, "percent_covered": 100.0, "percent_covered_display": "100", "missing_lines": 0, "excluded_lines": 0}, "missing_lines": [], "excluded_lines": []}, "WhisperSettings": {"executed_lines": [], "summary": {"covered_lines": 0, "num_statements": 0, "percent_covered": 100.0, "percent_covered_display": "100", "missing_lines": 0, "excluded_lines": 0}, "missing_lines": [], "excluded_lines": []}, "GoogleCloudSTTSettings": {"executed_lines": [], "summary": {"covered_lines": 0, "num_statements": 0, "percent_covered": 100.0, "percent_covered_display": "100", "missing_lines": 0, "excluded_lines": 0}, "missing_lines": [], "excluded_lines": []}, "ApiSettings": {"executed_lines": [], "summary": {"covered_lines": 0, "num_statements": 0, "percent_covered": 100.0, "percent_covered_display": "100", "missing_lines": 0, "excluded_lines": 0}, "missing_lines": [], "excluded_lines": []}, "TextProcessingSettings": {"executed_lines": [], "summary": {"covered_lines": 0, "num_statements": 0, "percent_covered": 100.0, "percent_covered_display": "100", "missing_lines": 0, "excluded_lines": 0}, "missing_lines": [], "excluded_lines": []}, "AudioProcessingSettings": {"executed_lines": [], "summary": {"covered_lines": 0, "num_statements": 0, "percent_covered": 100.0, "percent_covered_display": "100", "missing_lines": 0, "excluded_lines": 0}, "missing_lines": [], "excluded_lines": []}, "VideoProcessingSettings": {"executed_lines": [], "summary": {"covered_lines": 0, "num_statements": 0, "percent_covered": 100.0, "percent_covered_display": "100", "missing_lines": 0, "excluded_lines": 0}, "missing_lines": [], "excluded_lines": []}, "FilesystemSettings": {"executed_lines": [], "summary": {"covered_lines": 0, "num_statements": 0, "percent_covered": 100.0, "percent_covered_display": "100", "missing_lines": 0, "excluded_lines": 0}, "missing_lines": [], "excluded_lines": []}, "SubtitleEffectsSettings": {"executed_lines": [], "summary": {"covered_lines": 0, "num_statements": 0, "percent_covered": 100.0, "percent_covered_display": "100", "missing_lines": 0, "excluded_lines": 0}, "missing_lines": [], "excluded_lines": []}, "TextRenderingSettings": {"executed_lines": [], "summary": {"covered_lines": 0, "num_statements": 0, "percent_covered": 100.0, "percent_covered_display": "100", "missing_lines": 0, "excluded_lines": 0}, "missing_lines": [], "excluded_lines": []}, "SubtitleSegmentationSettings": {"executed_lines": [], "summary": {"covered_lines": 0, "num_statements": 0, "percent_covered": 100.0, "percent_covered_display": "100", "missing_lines": 0, "excluded_lines": 0}, "missing_lines": [], "excluded_lines": []}, "ScraperTimingSettings": {"executed_lines": [], "summary": {"covered_lines": 0, "num_statements": 0, "percent_covered": 100.0, "percent_covered_display": "100", "missing_lines": 0, "excluded_lines": 0}, "missing_lines": [], "excluded_lines": []}, "MediaValidationSettings": {"executed_lines": [], "summary": {"covered_lines": 0, "num_statements": 0, "percent_covered": 100.0, "percent_covered_display": "100", "missing_lines": 0, "excluded_lines": 0}, "missing_lines": [], "excluded_lines": []}, "LLMValidationSettings": {"executed_lines": [], "summary": {"covered_lines": 0, "num_statements": 0, "percent_covered": 100.0, "percent_covered_display": "100", "missing_lines": 0, "excluded_lines": 0}, "missing_lines": [], "excluded_lines": []}, "URLShortenerSettings": {"executed_lines": [], "summary": {"covered_lines": 0, "num_statements": 0, "percent_covered": 100.0, "percent_covered_display": "100", "missing_lines": 0, "excluded_lines": 0}, "missing_lines": [], "excluded_lines": []}, "DebugSettings": {"executed_lines": [], "summary": {"covered_lines": 0, "num_statements": 0, "percent_covered": 100.0, "percent_covered_display": "100", "missing_lines": 0, "excluded_lines": 0}, "missing_lines": [], "excluded_lines": []}, "ProductFiles": {"executed_lines": [], "summary": {"covered_lines": 0, "num_statements": 0, "percent_covered": 100.0, "percent_covered_display": "100", "missing_lines": 0, "excluded_lines": 0}, "missing_lines": [], "excluded_lines": []}, "ProductTempFiles": {"executed_lines": [], "summary": {"covered_lines": 0, "num_statements": 0, "percent_covered": 100.0, "percent_covered_display": "100", "missing_lines": 0, "excluded_lines": 0}, "missing_lines": [], "excluded_lines": []}, "ProductSubdirs": {"executed_lines": [], "summary": {"covered_lines": 0, "num_statements": 0, "percent_covered": 100.0, "percent_covered_display": "100", "missing_lines": 0, "excluded_lines": 0}, "missing_lines": [], "excluded_lines": []}, "GlobalDirs": {"executed_lines": [], "summary": {"covered_lines": 0, "num_statements": 0, "percent_covered": 100.0, "percent_covered_display": "100", "missing_lines": 0, "excluded_lines": 0}, "missing_lines": [], "excluded_lines": []}, "OutputStructure": {"executed_lines": [], "summary": {"covered_lines": 0, "num_statements": 0, "percent_covered": 100.0, "percent_covered_display": "100", "missing_lines": 0, "excluded_lines": 0}, "missing_lines": [], "excluded_lines": []}, "CleanupConfig": {"executed_lines": [], "summary": {"covered_lines": 0, "num_statements": 0, "percent_covered": 100.0, "percent_covered_display": "100", "missing_lines": 0, "excluded_lines": 0}, "missing_lines": [], "excluded_lines": []}, "PathConfig": {"executed_lines": [], "summary": {"covered_lines": 0, "num_statements": 0, "percent_covered": 100.0, "percent_covered_display": "100", "missing_lines": 0, "excluded_lines": 0}, "missing_lines": [], "excluded_lines": []}, "CleanupSettings": {"executed_lines": [], "summary": {"covered_lines": 0, "num_statements": 0, "percent_covered": 100.0, "percent_covered_display": "100", "missing_lines": 0, "excluded_lines": 0}, "missing_lines": [], "excluded_lines": []}, "OptimizationSettings": {"executed_lines": [], "summary": {"covered_lines": 0, "num_statements": 0, "percent_covered": 100.0, "percent_covered_display": "100", "missing_lines": 0, "excluded_lines": 0}, "missing_lines": [], "excluded_lines": []}, "VideoConfig": {"executed_lines": [1079, 1082, 1083, 1086, 1088, 1089, 1090, 1091, 1094, 1096, 1097, 1103, 1104, 1109, 1112, 1113, 1114], "summary": {"covered_lines": 17, "num_statements": 240, "percent_covered": 7.083333333333333, "percent_covered_display": "7", "missing_lines": 223, "excluded_lines": 0}, "missing_lines": [1139, 1142, 1326, 1327, 1330, 1331, 1334, 1335, 1340, 1341, 1342, 1343, 1344, 1345, 1348, 1349, 1352, 1353, 1356, 1357, 1362, 1363, 1366, 1367, 1370, 1371, 1374, 1375, 1378, 1379, 1382, 1383, 1386, 1387, 1392, 1393, 1396, 1397, 1400, 1401, 1404, 1405, 1408, 1409, 1414, 1415, 1418, 1419, 1424, 1425, 1428, 1429, 1432, 1433, 1436, 1437, 1440, 1441, 1444, 1445, 1448, 1449, 1452, 1453, 1456, 1457, 1460, 1461, 1464, 1465, 1468, 1469, 1472, 1473, 1478, 1479, 1482, 1483, 1485, 1486, 1487, 1488, 1489, 1491, 1498, 1500, 1501, 1504, 1507, 1508, 1509, 1510, 1513, 1514, 1516, 1559, 1560, 1561, 1565, 1567, 1576, 1578, 1579, 1581, 1585, 1586, 1588, 1589, 1591, 1598, 1613, 1614, 1615, 1618, 1620, 1622, 1639, 1640, 1643, 1646, 1647, 1652, 1653, 1655, 1656, 1659, 1660, 1661, 1662, 1665, 1666, 1669, 1670, 1671, 1672, 1673, 1674, 1677, 1678, 1680, 1681, 1682, 1683, 1691, 1694, 1695, 1698, 1699, 1701, 1702, 1703, 1704, 1709, 1714, 1715, 1718, 1719, 1720, 1721, 1722, 1723, 1726, 1729, 1734, 1737, 1745, 1746, 1748, 1749, 1750, 1751, 1755, 1756, 1758, 1759, 1760, 1761, 1765, 1770, 1771, 1772, 1773, 1782, 1783, 1784, 1786, 1788, 1789, 1792, 1798, 1799, 1800, 1802, 1804, 1806, 1807, 1808, 1814, 1819, 1824, 1825, 1827, 1830, 1835, 1838, 1844, 1845, 1846, 1847, 1849, 1851, 1853, 1855, 1862, 1869, 1873, 1874, 1877, 1879, 1880, 1882, 1884, 1885], "excluded_lines": []}, "": {"executed_lines": [2, 3, 4, 5, 6, 7, 8, 10, 11, 19, 21, 23, 24, 25, 26, 27, 28, 29, 30, 31, 32, 33, 34, 35, 36, 37, 38, 39, 40, 41, 42, 43, 44, 45, 46, 47, 48, 49, 50, 51, 52, 53, 54, 55, 56, 57, 58, 59, 60, 61, 62, 63, 64, 67, 68, 69, 70, 71, 72, 75, 76, 77, 78, 79, 80, 81, 82, 83, 86, 97, 98, 101, 102, 103, 104, 105, 106, 107, 108, 109, 110, 111, 112, 113, 114, 115, 116, 117, 118, 119, 120, 121, 124, 125, 126, 130, 131, 138, 139, 140, 141, 142, 143, 146, 147, 148, 149, 150, 151, 152, 153, 154, 155, 156, 157, 158, 159, 160, 161, 162, 163, 164, 165, 166, 167, 168, 171, 172, 173, 174, 177, 178, 180, 181, 182, 183, 184, 185, 186, 187, 188, 189, 190, 192, 193, 201, 202, 204, 205, 208, 209, 210, 211, 213, 214, 244, 245, 246, 247, 248, 249, 250, 251, 252, 253, 254, 257, 258, 263, 264, 268, 272, 273, 276, 279, 282, 287, 288, 289, 292, 293, 294, 295, 296, 297, 300, 301, 302, 303, 306, 307, 308, 309, 310, 311, 312, 313, 314, 317, 323, 326, 329, 335, 342, 346, 349, 353, 356, 361, 364, 367, 370, 373, 376, 379, 384, 387, 393, 399, 402, 407, 410, 416, 419, 422, 429, 432, 435, 438, 441, 444, 447, 450, 453, 456, 461, 462, 464, 465, 466, 467, 468, 469, 470, 471, 472, 473, 474, 475, 476, 477, 478, 481, 482, 483, 484, 485, 486, 489, 490, 491, 492, 493, 494, 495, 496, 497, 498, 499, 502, 503, 505, 506, 507, 508, 509, 510, 511, 512, 513, 514, 515, 516, 517, 518, 519, 522, 523, 525, 526, 527, 528, 529, 530, 531, 532, 533, 536, 537, 539, 540, 541, 542, 545, 546, 548, 549, 550, 551, 552, 553, 554, 557, 558, 560, 561, 562, 563, 566, 569, 572, 573, 576, 579, 584, 587, 590, 593, 598, 601, 604, 609, 612, 617, 622, 625, 628, 633, 636, 641, 646, 647, 650, 653, 656, 661, 664, 667, 670, 673, 678, 681, 684, 685, 688, 693, 696, 697, 700, 701, 704, 707, 710, 715, 720, 721, 724, 725, 726, 729, 732, 733, 736, 737, 742, 743, 748, 751, 756, 757, 760, 763, 768, 769, 772, 777, 780, 783, 788, 789, 791, 792, 793, 798, 799, 800, 801, 806, 809, 812, 817, 820, 825, 830, 833, 836, 839, 842, 847, 848, 850, 851, 852, 853, 854, 855, 856, 857, 860, 861, 863, 864, 865, 866, 867, 868, 869, 872, 873, 875, 876, 877, 878, 879, 880, 881, 882, 883, 884, 887, 888, 890, 891, 892, 893, 896, 897, 899, 900, 901, 902, 905, 906, 908, 909, 910, 911, 912, 915, 916, 918, 919, 920, 921, 931, 932, 934, 935, 938, 939, 940, 946, 947, 948, 949, 950, 953, 956, 957, 958, 961, 963, 964, 965, 966, 967, 968, 969, 970, 971, 972, 973, 974, 975, 978, 979, 980, 981, 982, 983, 984, 985, 988, 989, 990, 991, 992, 993, 994, 995, 996, 997, 1000, 1001, 1002, 1003, 1006, 1007, 1008, 1009, 1010, 1013, 1014, 1015, 1018, 1019, 1020, 1023, 1026, 1029, 1032, 1035, 1036, 1037, 1038, 1039, 1040, 1041, 1042, 1043, 1044, 1045, 1046, 1047, 1050, 1051, 1052, 1053, 1054, 1055, 1056, 1059, 1060, 1061, 1062, 1063, 1064, 1065, 1067, 1071, 1072, 1073, 1074, 1075, 1077, 1078, 1111, 1116, 1493, 1557, 1563, 1574, 1583, 1594, 1600, 1711, 1743, 1753, 1763, 1816, 1857, 1871, 1888, 1889, 1890, 1891, 1892, 1893, 1894, 1895, 1897, 1898, 1901, 1902, 1903, 1907, 1908, 1910, 1911], "summary": {"covered_lines": 578, "num_statements": 585, "percent_covered": 98.80341880341881, "percent_covered_display": "99", "missing_lines": 7, "excluded_lines": 0}, "missing_lines": [1896, 1899, 1900, 1912, 1913, 1914, 2121], "excluded_lines": []}}}}, "totals": {"covered_lines": 4465, "num_statements": 10628, "percent_covered": 42.01166729394053, "percent_covered_display": "42", "missing_lines": 6163, "excluded_lines": 129}}