{"meta": {"format": 3, "version": "7.9.2", "timestamp": "2025-12-22T11:15:16.731224", "branch_coverage": false, "show_contexts": false}, "files": {"src/__init__.py": {"executed_lines": [0], "summary": {"covered_lines": 0, "num_statements": 0, "percent_covered": 100.0, "percent_covered_display": "100", "missing_lines": 0, "excluded_lines": 0}, "missing_lines": [], "excluded_lines": [], "functions": {"": {"executed_lines": [], "summary": {"covered_lines": 0, "num_statements": 0, "percent_covered": 100.0, "percent_covered_display": "100", "missing_lines": 0, "excluded_lines": 0}, "missing_lines": [], "excluded_lines": []}}, "classes": {"": {"executed_lines": [], "summary": {"covered_lines": 0, "num_statements": 0, "percent_covered": 100.0, "percent_covered_display": "100", "missing_lines": 0, "excluded_lines": 0}, "missing_lines": [], "excluded_lines": []}}}, "src/ai/__init__.py": {"executed_lines": [0], "summary": {"covered_lines": 0, "num_statements": 0, "percent_covered": 100.0, "percent_covered_display": "100", "missing_lines": 0, "excluded_lines": 0}, "missing_lines": [], "excluded_lines": [], "functions": {"": {"executed_lines": [], "summary": {"covered_lines": 0, "num_statements": 0, "percent_covered": 100.0, "percent_covered_display": "100", "missing_lines": 0, "excluded_lines": 0}, "missing_lines": [], "excluded_lines": []}}, "classes": {"": {"executed_lines": [], "summary": {"covered_lines": 0, "num_statements": 0, "percent_covered": 100.0, "percent_covered_display": "100", "missing_lines": 0, "excluded_lines": 0}, "missing_lines": [], "excluded_lines": []}}}, "src/ai/description_generator.py": {"executed_lines": [1, 16, 17, 18, 19, 20, 22, 23, 26, 33, 34, 35, 36, 43, 46, 49, 50, 57, 60, 76, 77, 78, 79, 82, 104, 105, 109, 110, 113, 122, 123, 124, 125, 126, 131, 210, 251, 323, 335, 336, 338, 341, 342, 345, 346, 349, 350, 353, 354, 357, 363, 364], "summary": {"covered_lines": 50, "num_statements": 177, "percent_covered": 28.24858757062147, "percent_covered_display": "28", "missing_lines": 127, "excluded_lines": 0}, "missing_lines": [127, 128, 149, 150, 151, 153, 156, 158, 159, 161, 162, 165, 167, 169, 174, 175, 176, 178, 179, 180, 181, 182, 186, 187, 188, 190, 191, 192, 193, 195, 198, 199, 200, 201, 202, 203, 207, 220, 223, 226, 229, 231, 233, 234, 235, 238, 239, 240, 241, 242, 245, 246, 248, 285, 288, 291, 299, 300, 301, 303, 306, 312, 313, 316, 317, 318, 320, 355, 408, 409, 410, 415, 420, 421, 422, 423, 424, 425, 428, 429, 431, 435, 436, 437, 438, 439, 440, 441, 443, 444, 446, 448, 449, 450, 451, 456, 457, 462, 465, 468, 469, 473, 475, 479, 480, 481, 485, 488, 489, 490, 495, 496, 499, 500, 504, 505, 508, 510, 514, 516, 517, 518, 519, 520, 522, 524, 525], "excluded_lines": [], "functions": {"load_prompt_template": {"executed_lines": [76, 77, 78, 79], "summary": {"covered_lines": 4, "num_statements": 4, "percent_covered": 100.0, "percent_covered_display": "100", "missing_lines": 0, "excluded_lines": 0}, "missing_lines": [], "excluded_lines": []}, "format_prompt": {"executed_lines": [104, 105, 109, 110], "summary": {"covered_lines": 4, "num_statements": 4, "percent_covered": 100.0, "percent_covered_display": "100", "missing_lines": 0, "excluded_lines": 0}, "missing_lines": [], "excluded_lines": []}, "save_debug_prompt": {"executed_lines": [122, 123, 124, 125, 126], "summary": {"covered_lines": 5, "num_statements": 7, "percent_covered": 71.42857142857143, "percent_covered_display": "71", "missing_lines": 2, "excluded_lines": 0}, "missing_lines": [127, 128], "excluded_lines": []}, "_fetch_and_select_model": {"executed_lines": [], "summary": {"covered_lines": 0, "num_statements": 35, "percent_covered": 0.0, "percent_covered_display": "0", "missing_lines": 35, "excluded_lines": 0}, "missing_lines": [149, 150, 151, 153, 156, 158, 159, 161, 162, 165, 167, 169, 174, 175, 176, 178, 179, 180, 181, 182, 186, 187, 188, 190, 191, 192, 193, 195, 198, 199, 200, 201, 202, 203, 207], "excluded_lines": []}, "_call_llm_api_with_retry": {"executed_lines": [], "summary": {"covered_lines": 0, "num_statements": 16, "percent_covered": 0.0, "percent_covered_display": "0", "missing_lines": 16, "excluded_lines": 0}, "missing_lines": [220, 223, 226, 229, 231, 233, 234, 235, 238, 239, 240, 241, 242, 245, 246, 248], "excluded_lines": []}, "_call_llm_api": {"executed_lines": [], "summary": {"covered_lines": 0, "num_statements": 14, "percent_covered": 0.0, "percent_covered_display": "0", "missing_lines": 14, "excluded_lines": 0}, "missing_lines": [285, 288, 291, 299, 300, 301, 303, 306, 312, 313, 316, 317, 318, 320], "excluded_lines": []}, "validate_description_completeness": {"executed_lines": [335, 336, 338, 341, 342, 345, 346, 349, 350, 353, 354, 357], "summary": {"covered_lines": 12, "num_statements": 13, "percent_covered": 92.3076923076923, "percent_covered_display": "92", "missing_lines": 1, "excluded_lines": 0}, "missing_lines": [355], "excluded_lines": []}, "generate_description": {"executed_lines": [], "summary": {"covered_lines": 0, "num_statements": 59, "percent_covered": 0.0, "percent_covered_display": "0", "missing_lines": 59, "excluded_lines": 0}, "missing_lines": [408, 409, 410, 415, 420, 421, 422, 423, 424, 425, 428, 429, 431, 435, 436, 437, 438, 439, 440, 441, 443, 444, 446, 448, 449, 450, 451, 456, 457, 462, 465, 468, 469, 473, 475, 479, 480, 481, 485, 488, 489, 490, 495, 496, 499, 500, 504, 505, 508, 510, 514, 516, 517, 518, 519, 520, 522, 524, 525], "excluded_lines": []}, "": {"executed_lines": [1, 16, 17, 18, 19, 20, 22, 23, 26, 33, 34, 35, 36, 43, 46, 49, 50, 57, 60, 82, 113, 131, 210, 251, 323, 363, 364], "summary": {"covered_lines": 25, "num_statements": 25, "percent_covered": 100.0, "percent_covered_display": "100", "missing_lines": 0, "excluded_lines": 0}, "missing_lines": [], "excluded_lines": []}}, "classes": {"DescriptionGenerationError": {"executed_lines": [], "summary": {"covered_lines": 0, "num_statements": 0, "percent_covered": 100.0, "percent_covered_display": "100", "missing_lines": 0, "excluded_lines": 0}, "missing_lines": [], "excluded_lines": []}, "": {"executed_lines": [1, 16, 17, 18, 19, 20, 22, 23, 26, 33, 34, 35, 36, 43, 46, 49, 50, 57, 60, 76, 77, 78, 79, 82, 104, 105, 109, 110, 113, 122, 123, 124, 125, 126, 131, 210, 251, 323, 335, 336, 338, 341, 342, 345, 346, 349, 350, 353, 354, 357, 363, 364], "summary": {"covered_lines": 50, "num_statements": 177, "percent_covered": 28.24858757062147, "percent_covered_display": "28", "missing_lines": 127, "excluded_lines": 0}, "missing_lines": [127, 128, 149, 150, 151, 153, 156, 158, 159, 161, 162, 165, 167, 169, 174, 175, 176, 178, 179, 180, 181, 182, 186, 187, 188, 190, 191, 192, 193, 195, 198, 199, 200, 201, 202, 203, 207, 220, 223, 226, 229, 231, 233, 234, 235, 238, 239, 240, 241, 242, 245, 246, 248, 285, 288, 291, 299, 300, 301, 303, 306, 312, 313, 316, 317, 318, 320, 355, 408, 409, 410, 415, 420, 421, 422, 423, 424, 425, 428, 429, 431, 435, 436, 437, 438, 439, 440, 441, 443, 444, 446, 448, 449, 450, 451, 456, 457, 462, 465, 468, 469, 473, 475, 479, 480, 481, 485, 488, 489, 490, 495, 496, 499, 500, 504, 505, 508, 510, 514, 516, 517, 518, 519, 520, 522, 524, 525], "excluded_lines": []}}}, "src/ai/platform_metadata/__init__.py": {"executed_lines": [1, 8, 9, 10, 12, 14, 15, 16, 23, 24, 33, 34, 35, 37, 40, 41, 63, 69, 70, 106, 107, 224], "summary": {"covered_lines": 20, "num_statements": 53, "percent_covered": 37.735849056603776, "percent_covered_display": "38", "missing_lines": 33, "excluded_lines": 0}, "missing_lines": [94, 95, 98, 103, 104, 166, 169, 170, 171, 172, 175, 176, 177, 178, 181, 182, 183, 184, 193, 194, 198, 201, 202, 203, 204, 208, 210, 211, 212, 214, 215, 216, 221], "excluded_lines": [], "functions": {"PlatformMetadataFactory.create": {"executed_lines": [], "summary": {"covered_lines": 0, "num_statements": 5, "percent_covered": 0.0, "percent_covered_display": "0", "missing_lines": 5, "excluded_lines": 0}, "missing_lines": [94, 95, 98, 103, 104], "excluded_lines": []}, "PlatformMetadataFactory.generate_multi_platform": {"executed_lines": [], "summary": {"covered_lines": 0, "num_statements": 28, "percent_covered": 0.0, "percent_covered_display": "0", "missing_lines": 28, "excluded_lines": 0}, "missing_lines": [166, 169, 170, 171, 172, 175, 176, 177, 178, 181, 182, 183, 184, 193, 194, 198, 201, 202, 203, 204, 208, 210, 211, 212, 214, 215, 216, 221], "excluded_lines": []}, "": {"executed_lines": [1, 8, 9, 10, 12, 14, 15, 16, 23, 24, 33, 34, 35, 37, 40, 41, 63, 69, 70, 106, 107, 224], "summary": {"covered_lines": 20, "num_statements": 20, "percent_covered": 100.0, "percent_covered_display": "100", "missing_lines": 0, "excluded_lines": 0}, "missing_lines": [], "excluded_lines": []}}, "classes": {"PlatformMetadataFactory": {"executed_lines": [], "summary": {"covered_lines": 0, "num_statements": 33, "percent_covered": 0.0, "percent_covered_display": "0", "missing_lines": 33, "excluded_lines": 0}, "missing_lines": [94, 95, 98, 103, 104, 166, 169, 170, 171, 172, 175, 176, 177, 178, 181, 182, 183, 184, 193, 194, 198, 201, 202, 203, 204, 208, 210, 211, 212, 214, 215, 216, 221], "excluded_lines": []}, "": {"executed_lines": [1, 8, 9, 10, 12, 14, 15, 16, 23, 24, 33, 34, 35, 37, 40, 41, 63, 69, 70, 106, 107, 224], "summary": {"covered_lines": 20, "num_statements": 20, "percent_covered": 100.0, "percent_covered_display": "100", "missing_lines": 0, "excluded_lines": 0}, "missing_lines": [], "excluded_lines": []}}}, "src/ai/platform_metadata/base.py": {"executed_lines": [1, 9, 10, 11, 13, 15, 16, 17, 18, 20, 23, 24, 44, 45, 87, 88, 116, 117, 118, 137, 167, 195, 227, 252, 253, 255, 256, 260], "summary": {"covered_lines": 19, "num_statements": 27, "percent_covered": 70.37037037037037, "percent_covered_display": "70", "missing_lines": 8, "excluded_lines": 87}, "missing_lines": [162, 165, 192, 193, 222, 223, 224, 225], "excluded_lines": [44, 45, 46, 47, 48, 49, 50, 51, 52, 53, 54, 55, 56, 57, 58, 59, 60, 61, 62, 63, 64, 65, 66, 67, 68, 69, 70, 71, 72, 73, 74, 75, 76, 77, 78, 79, 80, 81, 82, 83, 84, 85, 87, 88, 89, 90, 91, 92, 93, 94, 95, 96, 97, 98, 99, 100, 101, 102, 103, 104, 105, 106, 107, 108, 109, 110, 111, 112, 113, 114, 116, 117, 118, 119, 120, 121, 122, 123, 124, 125, 126, 127, 128, 129, 130, 131, 132], "functions": {"BasePlatformMetadataGenerator.generate": {"executed_lines": [], "summary": {"covered_lines": 0, "num_statements": 0, "percent_covered": 100.0, "percent_covered_display": "100", "missing_lines": 0, "excluded_lines": 31}, "missing_lines": [], "excluded_lines": [55, 56, 57, 58, 59, 60, 61, 62, 63, 64, 65, 66, 67, 68, 69, 70, 71, 72, 73, 74, 75, 76, 77, 78, 79, 80, 81, 82, 83, 84, 85]}, "BasePlatformMetadataGenerator.validate": {"executed_lines": [], "summary": {"covered_lines": 0, "num_statements": 0, "percent_covered": 100.0, "percent_covered_display": "100", "missing_lines": 0, "excluded_lines": 26}, "missing_lines": [], "excluded_lines": [89, 90, 91, 92, 93, 94, 95, 96, 97, 98, 99, 100, 101, 102, 103, 104, 105, 106, 107, 108, 109, 110, 111, 112, 113, 114]}, "BasePlatformMetadataGenerator.platform_name": {"executed_lines": [], "summary": {"covered_lines": 0, "num_statements": 0, "percent_covered": 100.0, "percent_covered_display": "100", "missing_lines": 0, "excluded_lines": 14}, "missing_lines": [], "excluded_lines": [119, 120, 121, 122, 123, 124, 125, 126, 127, 128, 129, 130, 131, 132]}, "BasePlatformMetadataGenerator._load_prompt_template": {"executed_lines": [], "summary": {"covered_lines": 0, "num_statements": 2, "percent_covered": 0.0, "percent_covered_display": "0", "missing_lines": 2, "excluded_lines": 0}, "missing_lines": [162, 165], "excluded_lines": []}, "BasePlatformMetadataGenerator._format_product_prompt": {"executed_lines": [], "summary": {"covered_lines": 0, "num_statements": 2, "percent_covered": 0.0, "percent_covered_display": "0", "missing_lines": 2, "excluded_lines": 0}, "missing_lines": [192, 193], "excluded_lines": []}, "BasePlatformMetadataGenerator._calculate_character_counts": {"executed_lines": [], "summary": {"covered_lines": 0, "num_statements": 4, "percent_covered": 0.0, "percent_covered_display": "0", "missing_lines": 4, "excluded_lines": 0}, "missing_lines": [222, 223, 224, 225], "excluded_lines": []}, "BasePlatformMetadataGenerator._truncate_if_needed": {"executed_lines": [252, 253, 255, 256, 260], "summary": {"covered_lines": 5, "num_statements": 5, "percent_covered": 100.0, "percent_covered_display": "100", "missing_lines": 0, "excluded_lines": 0}, "missing_lines": [], "excluded_lines": []}, "": {"executed_lines": [1, 9, 10, 11, 13, 15, 16, 17, 18, 20, 23, 24, 44, 45, 87, 88, 116, 117, 118, 137, 167, 195, 227], "summary": {"covered_lines": 14, "num_statements": 14, "percent_covered": 100.0, "percent_covered_display": "100", "missing_lines": 0, "excluded_lines": 16}, "missing_lines": [], "excluded_lines": [44, 45, 46, 47, 48, 49, 50, 51, 52, 53, 54, 87, 88, 116, 117, 118]}}, "classes": {"BasePlatformMetadataGenerator": {"executed_lines": [252, 253, 255, 256, 260], "summary": {"covered_lines": 5, "num_statements": 13, "percent_covered": 38.46153846153846, "percent_covered_display": "38", "missing_lines": 8, "excluded_lines": 71}, "missing_lines": [162, 165, 192, 193, 222, 223, 224, 225], "excluded_lines": [55, 56, 57, 58, 59, 60, 61, 62, 63, 64, 65, 66, 67, 68, 69, 70, 71, 72, 73, 74, 75, 76, 77, 78, 79, 80, 81, 82, 83, 84, 85, 89, 90, 91, 92, 93, 94, 95, 96, 97, 98, 99, 100, 101, 102, 103, 104, 105, 106, 107, 108, 109, 110, 111, 112, 113, 114, 119, 120, 121, 122, 123, 124, 125, 126, 127, 128, 129, 130, 131, 132]}, "": {"executed_lines": [1, 9, 10, 11, 13, 15, 16, 17, 18, 20, 23, 24, 44, 45, 87, 88, 116, 117, 118, 137, 167, 195, 227], "summary": {"covered_lines": 14, "num_statements": 14, "percent_covered": 100.0, "percent_covered_display": "100", "missing_lines": 0, "excluded_lines": 16}, "missing_lines": [], "excluded_lines": [44, 45, 46, 47, 48, 49, 50, 51, 52, 53, 54, 87, 88, 116, 117, 118]}}}, "src/ai/platform_metadata/instagram.py": {"executed_lines": [1, 7, 8, 9, 11, 13, 14, 15, 20, 21, 23, 26, 27, 41, 49, 51, 52, 60, 62, 103, 105, 106, 107, 108, 109, 112, 115, 116, 119, 124, 125, 128, 130, 134, 140, 145, 146, 150, 153, 154, 155, 156, 157, 160, 164, 165, 166, 167, 169, 170, 171, 174, 175, 176, 177, 179, 182, 185, 186, 187, 190, 195, 205, 206, 221, 222, 228, 248, 251, 252, 257, 258, 260, 262, 263, 264, 269, 270, 278, 279, 280, 281, 282, 286, 287, 290, 291, 292, 295, 296, 297, 299, 311, 312, 313, 316, 317, 319, 332, 334, 335, 337, 338, 342, 343, 347, 349, 368, 370, 375, 380, 384, 385, 386, 389, 392, 393, 394, 396, 398, 403, 404, 405, 407, 409], "summary": {"covered_lines": 123, "num_statements": 139, "percent_covered": 88.48920863309353, "percent_covered_display": "88", "missing_lines": 16, "excluded_lines": 0}, "missing_lines": [131, 147, 148, 149, 191, 192, 207, 209, 219, 224, 225, 226, 272, 411, 412, 413], "excluded_lines": [], "functions": {"InstagramMetadataGenerator.__init__": {"executed_lines": [49], "summary": {"covered_lines": 1, "num_statements": 1, "percent_covered": 100.0, "percent_covered_display": "100", "missing_lines": 0, "excluded_lines": 0}, "missing_lines": [], "excluded_lines": []}, "InstagramMetadataGenerator.platform_name": {"executed_lines": [60], "summary": {"covered_lines": 1, "num_statements": 1, "percent_covered": 100.0, "percent_covered_display": "100", "missing_lines": 0, "excluded_lines": 0}, "missing_lines": [], "excluded_lines": []}, "InstagramMetadataGenerator.generate": {"executed_lines": [103, 105, 106, 107, 108, 109, 112, 115, 116, 119, 124, 125, 128, 130, 134, 140, 145, 146, 150, 153, 154, 155, 156, 157, 160, 164, 165, 166, 167, 169, 170, 171, 174, 175, 176, 177, 179, 182, 185, 186, 187, 190, 195, 205, 206, 221, 222], "summary": {"covered_lines": 47, "num_statements": 59, "percent_covered": 79.66101694915254, "percent_covered_display": "80", "missing_lines": 12, "excluded_lines": 0}, "missing_lines": [131, 147, 148, 149, 191, 192, 207, 209, 219, 224, 225, 226], "excluded_lines": []}, "InstagramMetadataGenerator.validate": {"executed_lines": [248, 251, 252, 257, 258, 260, 262, 263, 264, 269, 270, 278, 279, 280, 281, 282, 286, 287, 290, 291, 292, 295, 296, 297], "summary": {"covered_lines": 24, "num_statements": 25, "percent_covered": 96.0, "percent_covered_display": "96", "missing_lines": 1, "excluded_lines": 0}, "missing_lines": [272], "excluded_lines": []}, "InstagramMetadataGenerator._determine_caption_style": {"executed_lines": [311, 312, 313, 316, 317], "summary": {"covered_lines": 5, "num_statements": 5, "percent_covered": 100.0, "percent_covered_display": "100", "missing_lines": 0, "excluded_lines": 0}, "missing_lines": [], "excluded_lines": []}, "InstagramMetadataGenerator._validate_caption_style": {"executed_lines": [332, 334, 335, 337, 338, 342, 343, 347], "summary": {"covered_lines": 8, "num_statements": 8, "percent_covered": 100.0, "percent_covered_display": "100", "missing_lines": 0, "excluded_lines": 0}, "missing_lines": [], "excluded_lines": []}, "InstagramMetadataGenerator._parse_llm_response": {"executed_lines": [368, 370, 375, 380, 384, 385, 386, 389, 392, 393, 394, 396, 398, 403, 404, 405, 407, 409], "summary": {"covered_lines": 18, "num_statements": 21, "percent_covered": 85.71428571428571, "percent_covered_display": "86", "missing_lines": 3, "excluded_lines": 0}, "missing_lines": [411, 412, 413], "excluded_lines": []}, "": {"executed_lines": [1, 7, 8, 9, 11, 13, 14, 15, 20, 21, 23, 26, 27, 41, 51, 52, 62, 228, 299, 319, 349], "summary": {"covered_lines": 19, "num_statements": 19, "percent_covered": 100.0, "percent_covered_display": "100", "missing_lines": 0, "excluded_lines": 0}, "missing_lines": [], "excluded_lines": []}}, "classes": {"InstagramMetadataGenerator": {"executed_lines": [49, 60, 103, 105, 106, 107, 108, 109, 112, 115, 116, 119, 124, 125, 128, 130, 134, 140, 145, 146, 150, 153, 154, 155, 156, 157, 160, 164, 165, 166, 167, 169, 170, 171, 174, 175, 176, 177, 179, 182, 185, 186, 187, 190, 195, 205, 206, 221, 222, 248, 251, 252, 257, 258, 260, 262, 263, 264, 269, 270, 278, 279, 280, 281, 282, 286, 287, 290, 291, 292, 295, 296, 297, 311, 312, 313, 316, 317, 332, 334, 335, 337, 338, 342, 343, 347, 368, 370, 375, 380, 384, 385, 386, 389, 392, 393, 394, 396, 398, 403, 404, 405, 407, 409], "summary": {"covered_lines": 104, "num_statements": 120, "percent_covered": 86.66666666666667, "percent_covered_display": "87", "missing_lines": 16, "excluded_lines": 0}, "missing_lines": [131, 147, 148, 149, 191, 192, 207, 209, 219, 224, 225, 226, 272, 411, 412, 413], "excluded_lines": []}, "": {"executed_lines": [1, 7, 8, 9, 11, 13, 14, 15, 20, 21, 23, 26, 27, 41, 51, 52, 62, 228, 299, 319, 349], "summary": {"covered_lines": 19, "num_statements": 19, "percent_covered": 100.0, "percent_covered_display": "100", "missing_lines": 0, "excluded_lines": 0}, "missing_lines": [], "excluded_lines": []}}}, "src/ai/platform_metadata/models.py": {"executed_lines": [1, 7, 8, 10, 13, 14, 15, 36, 37, 38, 39, 40, 41, 42, 43, 44, 45, 47, 55, 68, 69, 99, 100, 101, 103, 117, 118, 124, 125, 131, 134, 137, 140, 143, 148, 149, 155, 156, 162, 165, 168, 171, 175, 181, 182, 188, 189, 194, 197, 203, 206, 209, 214, 215, 231, 234, 241, 245, 249], "summary": {"covered_lines": 53, "num_statements": 53, "percent_covered": 100.0, "percent_covered_display": "100", "missing_lines": 0, "excluded_lines": 0}, "missing_lines": [], "excluded_lines": [], "functions": {"PlatformMetadata.to_dict": {"executed_lines": [55], "summary": {"covered_lines": 1, "num_statements": 1, "percent_covered": 100.0, "percent_covered_display": "100", "missing_lines": 0, "excluded_lines": 0}, "missing_lines": [], "excluded_lines": []}, "PlatformMetadata.create": {"executed_lines": [99, 100, 101, 103], "summary": {"covered_lines": 4, "num_statements": 4, "percent_covered": 100.0, "percent_covered_display": "100", "missing_lines": 0, "excluded_lines": 0}, "missing_lines": [], "excluded_lines": []}, "": {"executed_lines": [1, 7, 8, 10, 13, 14, 15, 36, 37, 38, 39, 40, 41, 42, 43, 44, 45, 47, 68, 69, 117, 118, 124, 125, 131, 134, 137, 140, 143, 148, 149, 155, 156, 162, 165, 168, 171, 175, 181, 182, 188, 189, 194, 197, 203, 206, 209, 214, 215, 231, 234, 241, 245, 249], "summary": {"covered_lines": 48, "num_statements": 48, "percent_covered": 100.0, "percent_covered_display": "100", "missing_lines": 0, "excluded_lines": 0}, "missing_lines": [], "excluded_lines": []}}, "classes": {"PlatformMetadata": {"executed_lines": [55, 99, 100, 101, 103], "summary": {"covered_lines": 5, "num_statements": 5, "percent_covered": 100.0, "percent_covered_display": "100", "missing_lines": 0, "excluded_lines": 0}, "missing_lines": [], "excluded_lines": []}, "YouTubePlatformSettings": {"executed_lines": [], "summary": {"covered_lines": 0, "num_statements": 0, "percent_covered": 100.0, "percent_covered_display": "100", "missing_lines": 0, "excluded_lines": 0}, "missing_lines": [], "excluded_lines": []}, "TikTokPlatformSettings": {"executed_lines": [], "summary": {"covered_lines": 0, "num_statements": 0, "percent_covered": 100.0, "percent_covered_display": "100", "missing_lines": 0, "excluded_lines": 0}, "missing_lines": [], "excluded_lines": []}, "InstagramPlatformSettings": {"executed_lines": [], "summary": {"covered_lines": 0, "num_statements": 0, "percent_covered": 100.0, "percent_covered_display": "100", "missing_lines": 0, "excluded_lines": 0}, "missing_lines": [], "excluded_lines": []}, "PlatformMetadataSettings": {"executed_lines": [], "summary": {"covered_lines": 0, "num_statements": 0, "percent_covered": 100.0, "percent_covered_display": "100", "missing_lines": 0, "excluded_lines": 0}, "missing_lines": [], "excluded_lines": []}, "": {"executed_lines": [1, 7, 8, 10, 13, 14, 15, 36, 37, 38, 39, 40, 41, 42, 43, 44, 45, 47, 68, 69, 117, 118, 124, 125, 131, 134, 137, 140, 143, 148, 149, 155, 156, 162, 165, 168, 171, 175, 181, 182, 188, 189, 194, 197, 203, 206, 209, 214, 215, 231, 234, 241, 245, 249], "summary": {"covered_lines": 48, "num_statements": 48, "percent_covered": 100.0, "percent_covered_display": "100", "missing_lines": 0, "excluded_lines": 0}, "missing_lines": [], "excluded_lines": []}}}, "src/ai/platform_metadata/text_formatter.py": {"executed_lines": [1, 3, 5, 8, 30, 36, 37, 38, 41, 42, 43, 62, 63, 64, 77, 78, 79, 94, 102], "summary": {"covered_lines": 18, "num_statements": 18, "percent_covered": 100.0, "percent_covered_display": "100", "missing_lines": 0, "excluded_lines": 0}, "missing_lines": [], "excluded_lines": [], "functions": {"format_upload_instructions": {"executed_lines": [30, 36, 37, 38, 41, 42, 43, 62, 63, 64, 77, 78, 79, 94, 102], "summary": {"covered_lines": 15, "num_statements": 15, "percent_covered": 100.0, "percent_covered_display": "100", "missing_lines": 0, "excluded_lines": 0}, "missing_lines": [], "excluded_lines": []}, "": {"executed_lines": [1, 3, 5, 8], "summary": {"covered_lines": 3, "num_statements": 3, "percent_covered": 100.0, "percent_covered_display": "100", "missing_lines": 0, "excluded_lines": 0}, "missing_lines": [], "excluded_lines": []}}, "classes": {"": {"executed_lines": [1, 3, 5, 8, 30, 36, 37, 38, 41, 42, 43, 62, 63, 64, 77, 78, 79, 94, 102], "summary": {"covered_lines": 18, "num_statements": 18, "percent_covered": 100.0, "percent_covered_display": "100", "missing_lines": 0, "excluded_lines": 0}, "missing_lines": [], "excluded_lines": []}}}, "src/ai/platform_metadata/tiktok.py": {"executed_lines": [1, 7, 8, 9, 11, 13, 14, 15, 16, 17, 19, 22, 23, 37, 45, 47, 48, 56, 58, 98, 100, 101, 102, 103, 104, 107, 108, 118, 119, 120, 123, 124, 125, 126, 128, 131, 136, 137, 138, 141, 146, 156, 157, 158, 160, 170, 172, 173, 179, 199, 200, 203, 204, 209, 210, 211, 213, 214, 215, 217, 221, 222, 225, 226, 227, 228, 229, 230, 231, 234, 235, 236, 237, 239, 240, 241, 243, 244, 250, 251, 252, 255, 256, 257, 259, 278, 280, 285, 288, 292, 293, 294, 297, 300, 301, 302, 304, 306, 311, 312, 313, 315, 317], "summary": {"covered_lines": 101, "num_statements": 109, "percent_covered": 92.66055045871559, "percent_covered_display": "93", "missing_lines": 8, "excluded_lines": 0}, "missing_lines": [142, 143, 175, 176, 177, 319, 320, 321], "excluded_lines": [], "functions": {"TikTokMetadataGenerator.__init__": {"executed_lines": [45], "summary": {"covered_lines": 1, "num_statements": 1, "percent_covered": 100.0, "percent_covered_display": "100", "missing_lines": 0, "excluded_lines": 0}, "missing_lines": [], "excluded_lines": []}, "TikTokMetadataGenerator.platform_name": {"executed_lines": [56], "summary": {"covered_lines": 1, "num_statements": 1, "percent_covered": 100.0, "percent_covered_display": "100", "missing_lines": 0, "excluded_lines": 0}, "missing_lines": [], "excluded_lines": []}, "TikTokMetadataGenerator.generate": {"executed_lines": [98, 100, 101, 102, 103, 104, 107, 108, 118, 119, 120, 123, 124, 125, 126, 128, 131, 136, 137, 138, 141, 146, 156, 157, 158, 160, 170, 172, 173], "summary": {"covered_lines": 29, "num_statements": 34, "percent_covered": 85.29411764705883, "percent_covered_display": "85", "missing_lines": 5, "excluded_lines": 0}, "missing_lines": [142, 143, 175, 176, 177], "excluded_lines": []}, "TikTokMetadataGenerator.validate": {"executed_lines": [199, 200, 203, 204, 209, 210, 211, 213, 214, 215, 217, 221, 222, 225, 226, 227, 228, 229, 230, 231, 234, 235, 236, 237, 239, 240, 241, 243, 244, 250, 251, 252, 255, 256, 257], "summary": {"covered_lines": 35, "num_statements": 35, "percent_covered": 100.0, "percent_covered_display": "100", "missing_lines": 0, "excluded_lines": 0}, "missing_lines": [], "excluded_lines": []}, "TikTokMetadataGenerator._parse_llm_response": {"executed_lines": [278, 280, 285, 288, 292, 293, 294, 297, 300, 301, 302, 304, 306, 311, 312, 313, 315, 317], "summary": {"covered_lines": 18, "num_statements": 21, "percent_covered": 85.71428571428571, "percent_covered_display": "86", "missing_lines": 3, "excluded_lines": 0}, "missing_lines": [319, 320, 321], "excluded_lines": []}, "": {"executed_lines": [1, 7, 8, 9, 11, 13, 14, 15, 16, 17, 19, 22, 23, 37, 47, 48, 58, 179, 259], "summary": {"covered_lines": 17, "num_statements": 17, "percent_covered": 100.0, "percent_covered_display": "100", "missing_lines": 0, "excluded_lines": 0}, "missing_lines": [], "excluded_lines": []}}, "classes": {"TikTokMetadataGenerator": {"executed_lines": [45, 56, 98, 100, 101, 102, 103, 104, 107, 108, 118, 119, 120, 123, 124, 125, 126, 128, 131, 136, 137, 138, 141, 146, 156, 157, 158, 160, 170, 172, 173, 199, 200, 203, 204, 209, 210, 211, 213, 214, 215, 217, 221, 222, 225, 226, 227, 228, 229, 230, 231, 234, 235, 236, 237, 239, 240, 241, 243, 244, 250, 251, 252, 255, 256, 257, 278, 280, 285, 288, 292, 293, 294, 297, 300, 301, 302, 304, 306, 311, 312, 313, 315, 317], "summary": {"covered_lines": 84, "num_statements": 92, "percent_covered": 91.30434782608695, "percent_covered_display": "91", "missing_lines": 8, "excluded_lines": 0}, "missing_lines": [142, 143, 175, 176, 177, 319, 320, 321], "excluded_lines": []}, "": {"executed_lines": [1, 7, 8, 9, 11, 13, 14, 15, 16, 17, 19, 22, 23, 37, 47, 48, 58, 179, 259], "summary": {"covered_lines": 17, "num_statements": 17, "percent_covered": 100.0, "percent_covered_display": "100", "missing_lines": 0, "excluded_lines": 0}, "missing_lines": [], "excluded_lines": []}}}, "src/ai/platform_metadata/utilities.py": {"executed_lines": [1, 8, 9, 10, 12, 14, 20, 21, 22, 24, 27, 37, 63, 99, 196, 242], "summary": {"covered_lines": 15, "num_statements": 71, "percent_covered": 21.12676056338028, "percent_covered_display": "21", "missing_lines": 56, "excluded_lines": 0}, "missing_lines": [60, 94, 143, 145, 146, 147, 150, 151, 152, 155, 160, 161, 162, 163, 164, 165, 168, 169, 170, 171, 174, 178, 180, 181, 182, 185, 186, 188, 189, 190, 191, 192, 193, 223, 225, 228, 229, 230, 232, 233, 235, 237, 238, 239, 262, 263, 264, 268, 281, 282, 284, 285, 286, 287, 288, 289], "excluded_lines": [], "functions": {"fetch_and_select_model": {"executed_lines": [], "summary": {"covered_lines": 0, "num_statements": 1, "percent_covered": 0.0, "percent_covered_display": "0", "missing_lines": 1, "excluded_lines": 0}, "missing_lines": [60], "excluded_lines": []}, "call_llm_api_with_retry": {"executed_lines": [], "summary": {"covered_lines": 0, "num_statements": 1, "percent_covered": 0.0, "percent_covered_display": "0", "missing_lines": 1, "excluded_lines": 0}, "missing_lines": [94], "excluded_lines": []}, "generate_with_llm": {"executed_lines": [], "summary": {"covered_lines": 0, "num_statements": 31, "percent_covered": 0.0, "percent_covered_display": "0", "missing_lines": 31, "excluded_lines": 0}, "missing_lines": [143, 145, 146, 147, 150, 151, 152, 155, 160, 161, 162, 163, 164, 165, 168, 169, 170, 171, 174, 178, 180, 181, 182, 185, 186, 188, 189, 190, 191, 192, 193], "excluded_lines": []}, "save_metadata_to_file": {"executed_lines": [], "summary": {"covered_lines": 0, "num_statements": 11, "percent_covered": 0.0, "percent_covered_display": "0", "missing_lines": 11, "excluded_lines": 0}, "missing_lines": [223, 225, 228, 229, 230, 232, 233, 235, 237, 238, 239], "excluded_lines": []}, "load_metadata_from_file": {"executed_lines": [], "summary": {"covered_lines": 0, "num_statements": 12, "percent_covered": 0.0, "percent_covered_display": "0", "missing_lines": 12, "excluded_lines": 0}, "missing_lines": [262, 263, 264, 268, 281, 282, 284, 285, 286, 287, 288, 289], "excluded_lines": []}, "": {"executed_lines": [1, 8, 9, 10, 12, 14, 20, 21, 22, 24, 27, 37, 63, 99, 196, 242], "summary": {"covered_lines": 15, "num_statements": 15, "percent_covered": 100.0, "percent_covered_display": "100", "missing_lines": 0, "excluded_lines": 0}, "missing_lines": [], "excluded_lines": []}}, "classes": {"": {"executed_lines": [1, 8, 9, 10, 12, 14, 20, 21, 22, 24, 27, 37, 63, 99, 196, 242], "summary": {"covered_lines": 15, "num_statements": 71, "percent_covered": 21.12676056338028, "percent_covered_display": "21", "missing_lines": 56, "excluded_lines": 0}, "missing_lines": [60, 94, 143, 145, 146, 147, 150, 151, 152, 155, 160, 161, 162, 163, 164, 165, 168, 169, 170, 171, 174, 178, 180, 181, 182, 185, 186, 188, 189, 190, 191, 192, 193, 223, 225, 228, 229, 230, 232, 233, 235, 237, 238, 239, 262, 263, 264, 268, 281, 282, 284, 285, 286, 287, 288, 289], "excluded_lines": []}}}, "src/ai/platform_metadata/youtube.py": {"executed_lines": [1, 7, 8, 9, 11, 13, 14, 15, 16, 17, 19, 22, 23, 38, 46, 48, 49, 57, 59, 99, 101, 102, 103, 104, 105, 108, 109, 119, 120, 121, 124, 125, 126, 127, 129, 132, 137, 144, 147, 148, 151, 152, 153, 156, 161, 167, 174, 181, 191, 192, 207, 208, 214, 235, 238, 239, 244, 245, 246, 247, 248, 249, 251, 256, 257, 258, 259, 262, 263, 264, 265, 266, 267, 268, 271, 272, 273, 274, 277, 278, 279, 282, 283, 284, 286, 307, 309, 310, 315, 318, 322, 323, 324, 327, 330, 333, 334, 335, 337, 339, 344, 345, 346, 348, 350], "summary": {"covered_lines": 103, "num_statements": 116, "percent_covered": 88.79310344827586, "percent_covered_display": "89", "missing_lines": 13, "excluded_lines": 0}, "missing_lines": [157, 158, 162, 168, 193, 195, 205, 210, 211, 212, 352, 353, 354], "excluded_lines": [], "functions": {"YouTubeMetadataGenerator.__init__": {"executed_lines": [46], "summary": {"covered_lines": 1, "num_statements": 1, "percent_covered": 100.0, "percent_covered_display": "100", "missing_lines": 0, "excluded_lines": 0}, "missing_lines": [], "excluded_lines": []}, "YouTubeMetadataGenerator.platform_name": {"executed_lines": [57], "summary": {"covered_lines": 1, "num_statements": 1, "percent_covered": 100.0, "percent_covered_display": "100", "missing_lines": 0, "excluded_lines": 0}, "missing_lines": [], "excluded_lines": []}, "YouTubeMetadataGenerator.generate": {"executed_lines": [99, 101, 102, 103, 104, 105, 108, 109, 119, 120, 121, 124, 125, 126, 127, 129, 132, 137, 144, 147, 148, 151, 152, 153, 156, 161, 167, 174, 181, 191, 192, 207, 208], "summary": {"covered_lines": 33, "num_statements": 43, "percent_covered": 76.74418604651163, "percent_covered_display": "77", "missing_lines": 10, "excluded_lines": 0}, "missing_lines": [157, 158, 162, 168, 193, 195, 205, 210, 211, 212], "excluded_lines": []}, "YouTubeMetadataGenerator.validate": {"executed_lines": [235, 238, 239, 244, 245, 246, 247, 248, 249, 251, 256, 257, 258, 259, 262, 263, 264, 265, 266, 267, 268, 271, 272, 273, 274, 277, 278, 279, 282, 283, 284], "summary": {"covered_lines": 31, "num_statements": 31, "percent_covered": 100.0, "percent_covered_display": "100", "missing_lines": 0, "excluded_lines": 0}, "missing_lines": [], "excluded_lines": []}, "YouTubeMetadataGenerator._parse_llm_response": {"executed_lines": [307, 309, 310, 315, 318, 322, 323, 324, 327, 330, 333, 334, 335, 337, 339, 344, 345, 346, 348, 350], "summary": {"covered_lines": 20, "num_statements": 23, "percent_covered": 86.95652173913044, "percent_covered_display": "87", "missing_lines": 3, "excluded_lines": 0}, "missing_lines": [352, 353, 354], "excluded_lines": []}, "": {"executed_lines": [1, 7, 8, 9, 11, 13, 14, 15, 16, 17, 19, 22, 23, 38, 48, 49, 59, 214, 286], "summary": {"covered_lines": 17, "num_statements": 17, "percent_covered": 100.0, "percent_covered_display": "100", "missing_lines": 0, "excluded_lines": 0}, "missing_lines": [], "excluded_lines": []}}, "classes": {"YouTubeMetadataGenerator": {"executed_lines": [46, 57, 99, 101, 102, 103, 104, 105, 108, 109, 119, 120, 121, 124, 125, 126, 127, 129, 132, 137, 144, 147, 148, 151, 152, 153, 156, 161, 167, 174, 181, 191, 192, 207, 208, 235, 238, 239, 244, 245, 246, 247, 248, 249, 251, 256, 257, 258, 259, 262, 263, 264, 265, 266, 267, 268, 271, 272, 273, 274, 277, 278, 279, 282, 283, 284, 307, 309, 310, 315, 318, 322, 323, 324, 327, 330, 333, 334, 335, 337, 339, 344, 345, 346, 348, 350], "summary": {"covered_lines": 86, "num_statements": 99, "percent_covered": 86.86868686868686, "percent_covered_display": "87", "missing_lines": 13, "excluded_lines": 0}, "missing_lines": [157, 158, 162, 168, 193, 195, 205, 210, 211, 212, 352, 353, 354], "excluded_lines": []}, "": {"executed_lines": [1, 7, 8, 9, 11, 13, 14, 15, 16, 17, 19, 22, 23, 38, 48, 49, 59, 214, 286], "summary": {"covered_lines": 17, "num_statements": 17, "percent_covered": 100.0, "percent_covered_display": "100", "missing_lines": 0, "excluded_lines": 0}, "missing_lines": [], "excluded_lines": []}}}, "src/ai/script_generator.py": {"executed_lines": [1, 17, 18, 19, 20, 21, 23, 24, 27, 34, 35, 36, 37, 48, 51, 52, 59, 65, 81, 82, 83, 84, 87, 111, 112, 118, 119, 122, 131, 132, 133, 134, 135, 140, 158, 162, 165, 167, 168, 170, 171, 174, 176, 178, 183, 184, 185, 187, 188, 189, 190, 191, 195, 196, 197, 199, 200, 201, 202, 208, 211, 212, 216, 219, 242, 252, 255, 258, 261, 263, 265, 266, 267, 270, 271, 272, 273, 274, 277, 278, 283, 317, 320, 323, 331, 332, 333, 335, 338, 344, 355, 424, 425, 469, 470, 471, 476, 481, 482, 483, 484, 485, 486, 489, 492, 494, 495, 496, 497, 498, 500, 503, 505, 506, 507, 508, 513, 514, 570, 571, 572, 573, 574, 576, 578, 579], "summary": {"covered_lines": 124, "num_statements": 183, "percent_covered": 67.75956284153006, "percent_covered_display": "68", "missing_lines": 59, "excluded_lines": 0}, "missing_lines": [136, 137, 159, 160, 204, 207, 209, 210, 221, 224, 227, 230, 232, 280, 345, 348, 349, 350, 352, 367, 368, 371, 372, 404, 405, 407, 408, 409, 410, 413, 414, 417, 418, 419, 421, 490, 501, 519, 522, 525, 526, 530, 532, 536, 537, 538, 541, 544, 545, 546, 551, 552, 555, 556, 560, 561, 562, 564, 568], "excluded_lines": [], "functions": {"load_prompt_template": {"executed_lines": [81, 82, 83, 84], "summary": {"covered_lines": 4, "num_statements": 4, "percent_covered": 100.0, "percent_covered_display": "100", "missing_lines": 0, "excluded_lines": 0}, "missing_lines": [], "excluded_lines": []}, "format_prompt": {"executed_lines": [111, 112, 118, 119], "summary": {"covered_lines": 4, "num_statements": 4, "percent_covered": 100.0, "percent_covered_display": "100", "missing_lines": 0, "excluded_lines": 0}, "missing_lines": [], "excluded_lines": []}, "save_debug_prompt": {"executed_lines": [131, 132, 133, 134, 135], "summary": {"covered_lines": 5, "num_statements": 7, "percent_covered": 71.42857142857143, "percent_covered_display": "71", "missing_lines": 2, "excluded_lines": 0}, "missing_lines": [136, 137], "excluded_lines": []}, "_fetch_and_select_model": {"executed_lines": [158, 162, 165, 167, 168, 170, 171, 174, 176, 178, 183, 184, 185, 187, 188, 189, 190, 191, 195, 196, 197, 199, 200, 201, 202, 208, 211, 212, 216], "summary": {"covered_lines": 29, "num_statements": 35, "percent_covered": 82.85714285714286, "percent_covered_display": "83", "missing_lines": 6, "excluded_lines": 0}, "missing_lines": [159, 160, 204, 207, 209, 210], "excluded_lines": []}, "_create_retry_decorator": {"executed_lines": [], "summary": {"covered_lines": 0, "num_statements": 5, "percent_covered": 0.0, "percent_covered_display": "0", "missing_lines": 5, "excluded_lines": 0}, "missing_lines": [221, 224, 227, 230, 232], "excluded_lines": []}, "_call_llm_api_with_retry": {"executed_lines": [252, 255, 258, 261, 263, 265, 266, 267, 270, 271, 272, 273, 274, 277, 278], "summary": {"covered_lines": 15, "num_statements": 16, "percent_covered": 93.75, "percent_covered_display": "94", "missing_lines": 1, "excluded_lines": 0}, "missing_lines": [280], "excluded_lines": []}, "_call_llm_api": {"executed_lines": [317, 320, 323, 331, 332, 333, 335, 338, 344], "summary": {"covered_lines": 9, "num_statements": 14, "percent_covered": 64.28571428571429, "percent_covered_display": "64", "missing_lines": 5, "excluded_lines": 0}, "missing_lines": [345, 348, 349, 350, 352], "excluded_lines": []}, "validate_script_completeness": {"executed_lines": [], "summary": {"covered_lines": 0, "num_statements": 16, "percent_covered": 0.0, "percent_covered_display": "0", "missing_lines": 16, "excluded_lines": 0}, "missing_lines": [367, 368, 371, 372, 404, 405, 407, 408, 409, 410, 413, 414, 417, 418, 419, 421], "excluded_lines": []}, "generate_script": {"executed_lines": [469, 470, 471, 476, 481, 482, 483, 484, 485, 486, 489, 492, 494, 495, 496, 497, 498, 500, 503, 505, 506, 507, 508, 513, 514, 570, 571, 572, 573, 574, 576, 578, 579], "summary": {"covered_lines": 33, "num_statements": 57, "percent_covered": 57.89473684210526, "percent_covered_display": "58", "missing_lines": 24, "excluded_lines": 0}, "missing_lines": [490, 501, 519, 522, 525, 526, 530, 532, 536, 537, 538, 541, 544, 545, 546, 551, 552, 555, 556, 560, 561, 562, 564, 568], "excluded_lines": []}, "": {"executed_lines": [1, 17, 18, 19, 20, 21, 23, 24, 27, 34, 35, 36, 37, 48, 51, 52, 59, 65, 87, 122, 140, 219, 242, 283, 355, 424, 425], "summary": {"covered_lines": 25, "num_statements": 25, "percent_covered": 100.0, "percent_covered_display": "100", "missing_lines": 0, "excluded_lines": 0}, "missing_lines": [], "excluded_lines": []}}, "classes": {"ScriptGenerationError": {"executed_lines": [], "summary": {"covered_lines": 0, "num_statements": 0, "percent_covered": 100.0, "percent_covered_display": "100", "missing_lines": 0, "excluded_lines": 0}, "missing_lines": [], "excluded_lines": []}, "": {"executed_lines": [1, 17, 18, 19, 20, 21, 23, 24, 27, 34, 35, 36, 37, 48, 51, 52, 59, 65, 81, 82, 83, 84, 87, 111, 112, 118, 119, 122, 131, 132, 133, 134, 135, 140, 158, 162, 165, 167, 168, 170, 171, 174, 176, 178, 183, 184, 185, 187, 188, 189, 190, 191, 195, 196, 197, 199, 200, 201, 202, 208, 211, 212, 216, 219, 242, 252, 255, 258, 261, 263, 265, 266, 267, 270, 271, 272, 273, 274, 277, 278, 283, 317, 320, 323, 331, 332, 333, 335, 338, 344, 355, 424, 425, 469, 470, 471, 476, 481, 482, 483, 484, 485, 486, 489, 492, 494, 495, 496, 497, 498, 500, 503, 505, 506, 507, 508, 513, 514, 570, 571, 572, 573, 574, 576, 578, 579], "summary": {"covered_lines": 124, "num_statements": 183, "percent_covered": 67.75956284153006, "percent_covered_display": "68", "missing_lines": 59, "excluded_lines": 0}, "missing_lines": [136, 137, 159, 160, 204, 207, 209, 210, 221, 224, 227, 230, 232, 280, 345, 348, 349, 350, 352, 367, 368, 371, 372, 404, 405, 407, 408, 409, 410, 413, 414, 417, 418, 419, 421, 490, 501, 519, 522, 525, 526, 530, 532, 536, 537, 538, 541, 544, 545, 546, 551, 552, 555, 556, 560, 561, 562, 564, 568], "excluded_lines": []}}}, "src/audio/freesound_client.py": {"executed_lines": [2, 3, 4, 5, 6, 7, 9, 10, 11, 13, 14, 15, 16, 23, 26, 28, 29, 30, 31, 38, 39, 44, 45, 71, 87, 88, 89, 91, 92, 93, 95, 100, 101, 102, 103, 104, 106, 109, 110, 112, 116, 117, 148, 153, 154, 166, 167, 171, 173, 180, 181, 182, 187, 189, 198, 206, 207, 235, 236, 240, 242, 243, 244, 245, 246, 247, 249, 250, 251, 253, 254, 255, 256, 260, 262, 263, 264, 266, 267, 272, 275, 276, 281, 294, 303, 305, 309, 311, 334, 337, 341, 343, 344, 352, 359, 360, 361, 362, 364, 365, 366, 367, 372, 373, 377, 379, 380, 382, 383, 387, 389, 390, 392, 396, 399, 400, 401, 404, 405, 410, 413, 416, 420, 422, 423, 427, 428, 432, 433, 435, 436, 440, 441, 442, 483, 486, 492, 493, 494, 495, 497, 498, 525, 530, 531, 532, 536, 538, 539, 542, 548, 549, 550, 552, 553, 554, 555, 561, 562, 566, 568, 570, 573, 574, 580, 581, 583, 584, 585, 590, 591, 592, 595, 596, 598, 599, 604, 605, 608, 621, 622, 627, 651, 664, 677, 678, 682, 683, 684], "summary": {"covered_lines": 188, "num_statements": 252, "percent_covered": 74.60317460317461, "percent_covered_display": "75", "missing_lines": 64, "excluded_lines": 0}, "missing_lines": [32, 36, 40, 41, 174, 178, 298, 353, 354, 355, 356, 357, 444, 445, 449, 450, 451, 452, 454, 455, 456, 460, 462, 463, 465, 469, 470, 471, 473, 474, 478, 480, 481, 543, 544, 545, 546, 629, 630, 634, 645, 649, 652, 656, 657, 661, 662, 665, 669, 670, 674, 675, 686, 687, 688, 692, 694, 695, 697, 701, 702, 703, 705, 709], "excluded_lines": [], "functions": {"update_env_file": {"executed_lines": [28, 29, 30, 31, 38, 39], "summary": {"covered_lines": 6, "num_statements": 10, "percent_covered": 60.0, "percent_covered_display": "60", "missing_lines": 4, "excluded_lines": 0}, "missing_lines": [32, 36, 40, 41], "excluded_lines": []}, "FreesoundClient.__init__": {"executed_lines": [87, 88, 89, 91, 92, 93, 95, 100, 101, 102, 103, 104, 106, 109, 110, 112], "summary": {"covered_lines": 16, "num_statements": 16, "percent_covered": 100.0, "percent_covered_display": "100", "missing_lines": 0, "excluded_lines": 0}, "missing_lines": [], "excluded_lines": []}, "FreesoundClient.search_music": {"executed_lines": [148, 153, 154, 166, 167, 171, 173, 180, 181, 182, 187], "summary": {"covered_lines": 11, "num_statements": 13, "percent_covered": 84.61538461538461, "percent_covered_display": "85", "missing_lines": 2, "excluded_lines": 0}, "missing_lines": [174, 178], "excluded_lines": []}, "FreesoundClient._search_sync": {"executed_lines": [198], "summary": {"covered_lines": 1, "num_statements": 1, "percent_covered": 100.0, "percent_covered_display": "100", "missing_lines": 0, "excluded_lines": 0}, "missing_lines": [], "excluded_lines": []}, "FreesoundClient.download_sound_preview_with_api_key": {"executed_lines": [235, 236, 240, 242, 243, 244, 245, 246, 247, 249, 250, 251, 253, 254, 255, 256, 260, 262, 263, 264, 266, 267, 272, 275, 276, 281, 294, 303, 305, 309], "summary": {"covered_lines": 30, "num_statements": 31, "percent_covered": 96.7741935483871, "percent_covered_display": "97", "missing_lines": 1, "excluded_lines": 0}, "missing_lines": [298], "excluded_lines": []}, "FreesoundClient._refresh_oauth2_token": {"executed_lines": [334, 337, 341, 343, 344, 352, 359, 360, 361, 362, 364, 365, 366, 367, 372, 373, 377, 379, 380, 382, 383, 387, 389, 390, 392, 396, 399, 400, 401, 404, 405, 410, 413, 416, 420, 422, 423, 427, 428, 432, 433, 435, 436, 440, 441, 442], "summary": {"covered_lines": 46, "num_statements": 72, "percent_covered": 63.888888888888886, "percent_covered_display": "64", "missing_lines": 26, "excluded_lines": 0}, "missing_lines": [353, 354, 355, 356, 357, 444, 445, 449, 450, 451, 452, 454, 455, 456, 460, 462, 463, 465, 469, 470, 471, 473, 474, 478, 480, 481], "excluded_lines": []}, "FreesoundClient._get_valid_oauth2_token": {"executed_lines": [486, 492, 493, 494, 495], "summary": {"covered_lines": 5, "num_statements": 5, "percent_covered": 100.0, "percent_covered_display": "100", "missing_lines": 0, "excluded_lines": 0}, "missing_lines": [], "excluded_lines": []}, "FreesoundClient.download_full_sound_oauth2": {"executed_lines": [525, 530, 531, 532, 536, 538, 539, 542, 548, 549, 550, 552, 553, 554, 555, 561, 562, 566, 568, 570, 573, 574, 580, 581, 583, 584, 585, 590, 591, 592, 595, 596, 598, 599, 604, 605, 608, 621, 622, 627, 651, 664, 677, 678, 682, 683, 684], "summary": {"covered_lines": 47, "num_statements": 78, "percent_covered": 60.256410256410255, "percent_covered_display": "60", "missing_lines": 31, "excluded_lines": 0}, "missing_lines": [543, 544, 545, 546, 629, 630, 634, 645, 649, 652, 656, 657, 661, 662, 665, 669, 670, 674, 675, 686, 687, 688, 692, 694, 695, 697, 701, 702, 703, 705, 709], "excluded_lines": []}, "": {"executed_lines": [2, 3, 4, 5, 6, 7, 9, 10, 11, 13, 14, 15, 16, 23, 26, 44, 45, 71, 116, 117, 189, 206, 207, 311, 483, 497, 498], "summary": {"covered_lines": 26, "num_statements": 26, "percent_covered": 100.0, "percent_covered_display": "100", "missing_lines": 0, "excluded_lines": 0}, "missing_lines": [], "excluded_lines": []}}, "classes": {"FreesoundClient": {"executed_lines": [87, 88, 89, 91, 92, 93, 95, 100, 101, 102, 103, 104, 106, 109, 110, 112, 148, 153, 154, 166, 167, 171, 173, 180, 181, 182, 187, 198, 235, 236, 240, 242, 243, 244, 245, 246, 247, 249, 250, 251, 253, 254, 255, 256, 260, 262, 263, 264, 266, 267, 272, 275, 276, 281, 294, 303, 305, 309, 334, 337, 341, 343, 344, 352, 359, 360, 361, 362, 364, 365, 366, 367, 372, 373, 377, 379, 380, 382, 383, 387, 389, 390, 392, 396, 399, 400, 401, 404, 405, 410, 413, 416, 420, 422, 423, 427, 428, 432, 433, 435, 436, 440, 441, 442, 486, 492, 493, 494, 495, 525, 530, 531, 532, 536, 538, 539, 542, 548, 549, 550, 552, 553, 554, 555, 561, 562, 566, 568, 570, 573, 574, 580, 581, 583, 584, 585, 590, 591, 592, 595, 596, 598, 599, 604, 605, 608, 621, 622, 627, 651, 664, 677, 678, 682, 683, 684], "summary": {"covered_lines": 156, "num_statements": 216, "percent_covered": 72.22222222222223, "percent_covered_display": "72", "missing_lines": 60, "excluded_lines": 0}, "missing_lines": [174, 178, 298, 353, 354, 355, 356, 357, 444, 445, 449, 450, 451, 452, 454, 455, 456, 460, 462, 463, 465, 469, 470, 471, 473, 474, 478, 480, 481, 543, 544, 545, 546, 629, 630, 634, 645, 649, 652, 656, 657, 661, 662, 665, 669, 670, 674, 675, 686, 687, 688, 692, 694, 695, 697, 701, 702, 703, 705, 709], "excluded_lines": []}, "": {"executed_lines": [2, 3, 4, 5, 6, 7, 9, 10, 11, 13, 14, 15, 16, 23, 26, 28, 29, 30, 31, 38, 39, 44, 45, 71, 116, 117, 189, 206, 207, 311, 483, 497, 498], "summary": {"covered_lines": 32, "num_statements": 36, "percent_covered": 88.88888888888889, "percent_covered_display": "89", "missing_lines": 4, "excluded_lines": 0}, "missing_lines": [32, 36, 40, 41], "excluded_lines": []}}}, "src/config_manager.py": {"executed_lines": [2, 9, 10, 11, 13, 14, 17, 18, 20, 22, 23, 24, 26, 42, 45, 48, 49, 51, 53, 56, 96, 97, 98, 100, 101, 103, 108, 119, 120, 121, 122, 123, 127, 128, 129, 131, 133, 134, 137, 138, 139, 140, 143, 145, 146, 147, 148, 149, 150, 151, 152, 153, 155, 157, 161, 192, 194, 198, 241, 243, 245, 246, 247, 248, 249, 250, 252, 256, 257, 258, 259, 260, 261, 263, 265, 268, 277, 278, 279, 281, 285, 288, 290, 293, 295, 296, 298, 299, 306, 307, 310, 318], "summary": {"covered_lines": 89, "num_statements": 99, "percent_covered": 89.8989898989899, "percent_covered_display": "90", "missing_lines": 10, "excluded_lines": 5}, "missing_lines": [300, 303, 304, 331, 333, 335, 336, 337, 339, 341], "excluded_lines": [310, 312, 313, 314, 315], "functions": {"UnifiedConfigManager.__init__": {"executed_lines": [22, 23, 24], "summary": {"covered_lines": 3, "num_statements": 3, "percent_covered": 100.0, "percent_covered_display": "100", "missing_lines": 0, "excluded_lines": 0}, "missing_lines": [], "excluded_lines": []}, "UnifiedConfigManager.apply_precedence_rules": {"executed_lines": [42, 45, 48, 49, 51], "summary": {"covered_lines": 5, "num_statements": 5, "percent_covered": 100.0, "percent_covered_display": "100", "missing_lines": 0, "excluded_lines": 0}, "missing_lines": [], "excluded_lines": []}, "UnifiedConfigManager._apply_env_overrides": {"executed_lines": [56, 96, 97, 98, 100, 101], "summary": {"covered_lines": 6, "num_statements": 6, "percent_covered": 100.0, "percent_covered_display": "100", "missing_lines": 0, "excluded_lines": 0}, "missing_lines": [], "excluded_lines": []}, "UnifiedConfigManager._apply_cli_overrides": {"executed_lines": [108, 119, 120, 121, 122, 123, 127, 128, 129], "summary": {"covered_lines": 9, "num_statements": 9, "percent_covered": 100.0, "percent_covered_display": "100", "missing_lines": 0, "excluded_lines": 0}, "missing_lines": [], "excluded_lines": []}, "UnifiedConfigManager._set_nested_value": {"executed_lines": [133, 134, 137, 138, 139, 140, 143, 145, 146, 147, 148, 149, 150, 151, 152, 153, 155], "summary": {"covered_lines": 17, "num_statements": 17, "percent_covered": 100.0, "percent_covered_display": "100", "missing_lines": 0, "excluded_lines": 0}, "missing_lines": [], "excluded_lines": []}, "UnifiedConfigManager._get_video_fallback_config": {"executed_lines": [161, 192], "summary": {"covered_lines": 2, "num_statements": 2, "percent_covered": 100.0, "percent_covered_display": "100", "missing_lines": 0, "excluded_lines": 0}, "missing_lines": [], "excluded_lines": []}, "UnifiedConfigManager._get_scraper_fallback_config": {"executed_lines": [198, 241], "summary": {"covered_lines": 2, "num_statements": 2, "percent_covered": 100.0, "percent_covered_display": "100", "missing_lines": 0, "excluded_lines": 0}, "missing_lines": [], "excluded_lines": []}, "UnifiedConfigManager.get_video_config": {"executed_lines": [245, 246, 247, 248, 249, 250], "summary": {"covered_lines": 6, "num_statements": 6, "percent_covered": 100.0, "percent_covered_display": "100", "missing_lines": 0, "excluded_lines": 0}, "missing_lines": [], "excluded_lines": []}, "UnifiedConfigManager.get_scraper_config": {"executed_lines": [256, 257, 258, 259, 260, 261], "summary": {"covered_lines": 6, "num_statements": 6, "percent_covered": 100.0, "percent_covered_display": "100", "missing_lines": 0, "excluded_lines": 0}, "missing_lines": [], "excluded_lines": []}, "UnifiedConfigManager.validate_config_structure": {"executed_lines": [265, 268, 277, 278, 279, 281], "summary": {"covered_lines": 6, "num_statements": 6, "percent_covered": 100.0, "percent_covered_display": "100", "missing_lines": 0, "excluded_lines": 0}, "missing_lines": [], "excluded_lines": []}, "get_unified_config_manager": {"executed_lines": [290], "summary": {"covered_lines": 1, "num_statements": 1, "percent_covered": 100.0, "percent_covered_display": "100", "missing_lines": 0, "excluded_lines": 0}, "missing_lines": [], "excluded_lines": []}, "validate_modular_config": {"executed_lines": [295, 296, 298, 299, 306, 307], "summary": {"covered_lines": 6, "num_statements": 9, "percent_covered": 66.66666666666667, "percent_covered_display": "67", "missing_lines": 3, "excluded_lines": 0}, "missing_lines": [300, 303, 304], "excluded_lines": []}, "get_config_value": {"executed_lines": [], "summary": {"covered_lines": 0, "num_statements": 7, "percent_covered": 0.0, "percent_covered_display": "0", "missing_lines": 7, "excluded_lines": 0}, "missing_lines": [331, 333, 335, 336, 337, 339, 341], "excluded_lines": []}, "": {"executed_lines": [2, 9, 10, 11, 13, 14, 17, 18, 20, 26, 53, 103, 131, 157, 194, 243, 252, 263, 285, 288, 293, 310, 318], "summary": {"covered_lines": 20, "num_statements": 20, "percent_covered": 100.0, "percent_covered_display": "100", "missing_lines": 0, "excluded_lines": 5}, "missing_lines": [], "excluded_lines": [310, 312, 313, 314, 315]}}, "classes": {"UnifiedConfigManager": {"executed_lines": [22, 23, 24, 42, 45, 48, 49, 51, 56, 96, 97, 98, 100, 101, 108, 119, 120, 121, 122, 123, 127, 128, 129, 133, 134, 137, 138, 139, 140, 143, 145, 146, 147, 148, 149, 150, 151, 152, 153, 155, 161, 192, 198, 241, 245, 246, 247, 248, 249, 250, 256, 257, 258, 259, 260, 261, 265, 268, 277, 278, 279, 281], "summary": {"covered_lines": 62, "num_statements": 62, "percent_covered": 100.0, "percent_covered_display": "100", "missing_lines": 0, "excluded_lines": 0}, "missing_lines": [], "excluded_lines": []}, "": {"executed_lines": [2, 9, 10, 11, 13, 14, 17, 18, 20, 26, 53, 103, 131, 157, 194, 243, 252, 263, 285, 288, 290, 293, 295, 296, 298, 299, 306, 307, 310, 318], "summary": {"covered_lines": 27, "num_statements": 37, "percent_covered": 72.97297297297297, "percent_covered_display": "73", "missing_lines": 10, "excluded_lines": 5}, "missing_lines": [300, 303, 304, 331, 333, 335, 336, 337, 339, 341], "excluded_lines": [310, 312, 313, 314, 315]}}}, "src/pipeline/__init__.py": {"executed_lines": [1, 29], "summary": {"covered_lines": 1, "num_statements": 1, "percent_covered": 100.0, "percent_covered_display": "100", "missing_lines": 0, "excluded_lines": 0}, "missing_lines": [], "excluded_lines": [], "functions": {"": {"executed_lines": [1, 29], "summary": {"covered_lines": 1, "num_statements": 1, "percent_covered": 100.0, "percent_covered_display": "100", "missing_lines": 0, "excluded_lines": 0}, "missing_lines": [], "excluded_lines": []}}, "classes": {"": {"executed_lines": [1, 29], "summary": {"covered_lines": 1, "num_statements": 1, "percent_covered": 100.0, "percent_covered_display": "100", "missing_lines": 0, "excluded_lines": 0}, "missing_lines": [], "excluded_lines": []}}}, "src/pipeline/__main__.py": {"executed_lines": [], "summary": {"covered_lines": 0, "num_statements": 2, "percent_covered": 0.0, "percent_covered_display": "0", "missing_lines": 2, "excluded_lines": 2}, "missing_lines": [7, 9], "excluded_lines": [11, 12], "functions": {"": {"executed_lines": [], "summary": {"covered_lines": 0, "num_statements": 2, "percent_covered": 0.0, "percent_covered_display": "0", "missing_lines": 2, "excluded_lines": 2}, "missing_lines": [7, 9], "excluded_lines": [11, 12]}}, "classes": {"": {"executed_lines": [], "summary": {"covered_lines": 0, "num_statements": 2, "percent_covered": 0.0, "percent_covered_display": "0", "missing_lines": 2, "excluded_lines": 2}, "missing_lines": [7, 9], "excluded_lines": [11, 12]}}}, "src/pipeline/config.py": {"executed_lines": [1, 20, 21, 22, 23, 25, 27, 28, 31, 32, 33, 53, 54, 55, 56, 59, 60, 61, 64, 65, 66, 69, 70, 71, 86, 87, 88, 89, 90, 91, 94, 95, 96, 113, 114, 115, 116, 117, 118, 119, 120, 123, 124, 125, 141, 142, 143, 144, 145, 146, 148, 156, 157, 169, 170, 174, 192, 198, 204, 205, 206, 207, 208, 213, 214, 216, 230, 233, 333], "summary": {"covered_lines": 64, "num_statements": 101, "percent_covered": 63.366336633663366, "percent_covered_display": "63", "missing_lines": 37, "excluded_lines": 0}, "missing_lines": [193, 199, 256, 257, 259, 260, 261, 262, 263, 267, 274, 279, 284, 285, 295, 297, 301, 308, 312, 315, 317, 319, 355, 356, 363, 364, 373, 374, 375, 380, 382, 383, 386, 389, 390, 391, 392], "excluded_lines": [], "functions": {"PipelineSummary.format": {"executed_lines": [156, 157, 169, 170, 174, 192, 198, 204, 205, 206, 207, 208, 213, 214, 216, 230], "summary": {"covered_lines": 16, "num_statements": 18, "percent_covered": 88.88888888888889, "percent_covered_display": "89", "missing_lines": 2, "excluded_lines": 0}, "missing_lines": [193, 199], "excluded_lines": []}, "load_global_batch_config": {"executed_lines": [], "summary": {"covered_lines": 0, "num_statements": 20, "percent_covered": 0.0, "percent_covered_display": "0", "missing_lines": 20, "excluded_lines": 0}, "missing_lines": [256, 257, 259, 260, 261, 262, 263, 267, 274, 279, 284, 285, 295, 297, 301, 308, 312, 315, 317, 319], "excluded_lines": []}, "validate_global_batch_config": {"executed_lines": [], "summary": {"covered_lines": 0, "num_statements": 15, "percent_covered": 0.0, "percent_covered_display": "0", "missing_lines": 15, "excluded_lines": 0}, "missing_lines": [355, 356, 363, 364, 373, 374, 375, 380, 382, 383, 386, 389, 390, 391, 392], "excluded_lines": []}, "": {"executed_lines": [1, 20, 21, 22, 23, 25, 27, 28, 31, 32, 33, 53, 54, 55, 56, 59, 60, 61, 64, 65, 66, 69, 70, 71, 86, 87, 88, 89, 90, 91, 94, 95, 96, 113, 114, 115, 116, 117, 118, 119, 120, 123, 124, 125, 141, 142, 143, 144, 145, 146, 148, 233, 333], "summary": {"covered_lines": 48, "num_statements": 48, "percent_covered": 100.0, "percent_covered_display": "100", "missing_lines": 0, "excluded_lines": 0}, "missing_lines": [], "excluded_lines": []}}, "classes": {"GlobalBatchConfig": {"executed_lines": [], "summary": {"covered_lines": 0, "num_statements": 0, "percent_covered": 100.0, "percent_covered_display": "100", "missing_lines": 0, "excluded_lines": 0}, "missing_lines": [], "excluded_lines": []}, "ScrapingPhaseSummary": {"executed_lines": [], "summary": {"covered_lines": 0, "num_statements": 0, "percent_covered": 100.0, "percent_covered_display": "100", "missing_lines": 0, "excluded_lines": 0}, "missing_lines": [], "excluded_lines": []}, "ProductionPhaseSummary": {"executed_lines": [], "summary": {"covered_lines": 0, "num_statements": 0, "percent_covered": 100.0, "percent_covered_display": "100", "missing_lines": 0, "excluded_lines": 0}, "missing_lines": [], "excluded_lines": []}, "PipelineSummary": {"executed_lines": [156, 157, 169, 170, 174, 192, 198, 204, 205, 206, 207, 208, 213, 214, 216, 230], "summary": {"covered_lines": 16, "num_statements": 18, "percent_covered": 88.88888888888889, "percent_covered_display": "89", "missing_lines": 2, "excluded_lines": 0}, "missing_lines": [193, 199], "excluded_lines": []}, "": {"executed_lines": [1, 20, 21, 22, 23, 25, 27, 28, 31, 32, 33, 53, 54, 55, 56, 59, 60, 61, 64, 65, 66, 69, 70, 71, 86, 87, 88, 89, 90, 91, 94, 95, 96, 113, 114, 115, 116, 117, 118, 119, 120, 123, 124, 125, 141, 142, 143, 144, 145, 146, 148, 233, 333], "summary": {"covered_lines": 48, "num_statements": 83, "percent_covered": 57.83132530120482, "percent_covered_display": "58", "missing_lines": 35, "excluded_lines": 0}, "missing_lines": [256, 257, 259, 260, 261, 262, 263, 267, 274, 279, 284, 285, 295, 297, 301, 308, 312, 315, 317, 319, 355, 356, 363, 364, 373, 374, 375, 380, 382, 383, 386, 389, 390, 391, 392], "excluded_lines": []}}}, "src/pipeline/global_batch.py": {"executed_lines": [1, 22, 23, 24, 26, 32, 33, 35, 38, 175, 176, 188, 196, 198, 211, 214, 215, 216, 217, 220, 223, 224, 226, 238, 239, 240, 241, 244, 245, 249, 251, 266, 268, 271, 272, 273, 274, 275, 277, 278, 281, 286, 287, 290, 291, 292, 293, 294, 297, 298, 300, 302, 306, 307, 309, 310, 311, 312, 313, 314, 318, 319, 320, 322, 326, 327, 328, 329, 333, 334, 335, 338, 339, 341, 346, 355, 366, 368, 371, 373, 382, 385, 386, 390, 392, 394, 411, 412, 414, 416, 417, 418, 423, 426, 429, 444, 445, 446, 449, 450, 451, 452, 453, 455, 456, 459, 460, 461, 464, 466, 467, 468, 473, 474, 480, 481, 482, 486, 488, 503, 504, 505, 511, 512, 513, 518, 519, 520, 521, 526, 530, 531, 532, 533, 539, 540, 541, 544, 545, 547, 552, 563, 591, 592, 593, 595, 605, 607, 610, 716], "summary": {"covered_lines": 147, "num_statements": 227, "percent_covered": 64.75770925110132, "percent_covered_display": "65", "missing_lines": 80, "excluded_lines": 3}, "missing_lines": [46, 48, 70, 71, 80, 86, 95, 96, 102, 108, 114, 121, 122, 131, 141, 153, 154, 159, 166, 172, 323, 324, 527, 528, 616, 617, 619, 623, 624, 627, 628, 631, 632, 634, 641, 642, 643, 644, 646, 648, 649, 652, 655, 656, 658, 659, 664, 665, 666, 667, 672, 674, 675, 678, 679, 682, 683, 684, 685, 688, 690, 691, 692, 693, 694, 695, 697, 699, 700, 701, 702, 703, 704, 706, 708, 709, 710, 711, 712, 713], "excluded_lines": [716, 717, 719], "functions": {"create_argument_parser": {"executed_lines": [], "summary": {"covered_lines": 0, "num_statements": 20, "percent_covered": 0.0, "percent_covered_display": "0", "missing_lines": 20, "excluded_lines": 0}, "missing_lines": [46, 48, 70, 71, 80, 86, 95, 96, 102, 108, 114, 121, 122, 131, 141, 153, 154, 159, 166, 172], "excluded_lines": []}, "GlobalPipelineOrchestrator.__init__": {"executed_lines": [196], "summary": {"covered_lines": 1, "num_statements": 1, "percent_covered": 100.0, "percent_covered_display": "100", "missing_lines": 0, "excluded_lines": 0}, "missing_lines": [], "excluded_lines": []}, "GlobalPipelineOrchestrator.run_pipeline": {"executed_lines": [211, 214, 215, 216, 217, 220, 223, 224, 226, 238, 239, 240, 241, 244, 245, 249], "summary": {"covered_lines": 16, "num_statements": 16, "percent_covered": 100.0, "percent_covered_display": "100", "missing_lines": 0, "excluded_lines": 0}, "missing_lines": [], "excluded_lines": []}, "GlobalPipelineOrchestrator._execute_scraping_phase": {"executed_lines": [266, 268, 271, 272, 273, 274, 275, 277, 278, 281, 286, 287, 290, 291, 292, 293, 294, 297, 298, 300, 302, 306, 307, 309, 310, 311, 312, 313, 314, 318, 319, 320, 322, 326, 327, 328, 329, 333, 334, 335, 338, 339, 341, 346], "summary": {"covered_lines": 44, "num_statements": 46, "percent_covered": 95.65217391304348, "percent_covered_display": "96", "missing_lines": 2, "excluded_lines": 0}, "missing_lines": [323, 324], "excluded_lines": []}, "GlobalPipelineOrchestrator._execute_handoff_phase": {"executed_lines": [366, 368, 371, 373, 382, 385, 386, 390, 392], "summary": {"covered_lines": 9, "num_statements": 9, "percent_covered": 100.0, "percent_covered_display": "100", "missing_lines": 0, "excluded_lines": 0}, "missing_lines": [], "excluded_lines": []}, "GlobalPipelineOrchestrator._execute_production_phase": {"executed_lines": [411, 412, 414, 416, 417, 418, 423, 426, 429, 444, 445, 446, 449, 450, 451, 452, 453, 455, 456, 459, 460, 461, 464, 466, 467, 468, 473, 474, 480, 481, 482, 486, 488, 503, 504, 505, 511, 512, 513, 518, 519, 520, 521, 526, 530, 531, 532, 533, 539, 540, 541, 544, 545, 547, 552], "summary": {"covered_lines": 55, "num_statements": 57, "percent_covered": 96.49122807017544, "percent_covered_display": "96", "missing_lines": 2, "excluded_lines": 0}, "missing_lines": [527, 528], "excluded_lines": []}, "GlobalPipelineOrchestrator._generate_final_summary": {"executed_lines": [591, 592, 593, 595, 605, 607], "summary": {"covered_lines": 6, "num_statements": 6, "percent_covered": 100.0, "percent_covered_display": "100", "missing_lines": 0, "excluded_lines": 0}, "missing_lines": [], "excluded_lines": []}, "main": {"executed_lines": [], "summary": {"covered_lines": 0, "num_statements": 56, "percent_covered": 0.0, "percent_covered_display": "0", "missing_lines": 56, "excluded_lines": 0}, "missing_lines": [616, 617, 619, 623, 624, 627, 628, 631, 632, 634, 641, 642, 643, 644, 646, 648, 649, 652, 655, 656, 658, 659, 664, 665, 666, 667, 672, 674, 675, 678, 679, 682, 683, 684, 685, 688, 690, 691, 692, 693, 694, 695, 697, 699, 700, 701, 702, 703, 704, 706, 708, 709, 710, 711, 712, 713], "excluded_lines": []}, "": {"executed_lines": [1, 22, 23, 24, 26, 32, 33, 35, 38, 175, 176, 188, 198, 251, 355, 394, 563, 610, 716], "summary": {"covered_lines": 16, "num_statements": 16, "percent_covered": 100.0, "percent_covered_display": "100", "missing_lines": 0, "excluded_lines": 3}, "missing_lines": [], "excluded_lines": [716, 717, 719]}}, "classes": {"GlobalPipelineOrchestrator": {"executed_lines": [196, 211, 214, 215, 216, 217, 220, 223, 224, 226, 238, 239, 240, 241, 244, 245, 249, 266, 268, 271, 272, 273, 274, 275, 277, 278, 281, 286, 287, 290, 291, 292, 293, 294, 297, 298, 300, 302, 306, 307, 309, 310, 311, 312, 313, 314, 318, 319, 320, 322, 326, 327, 328, 329, 333, 334, 335, 338, 339, 341, 346, 366, 368, 371, 373, 382, 385, 386, 390, 392, 411, 412, 414, 416, 417, 418, 423, 426, 429, 444, 445, 446, 449, 450, 451, 452, 453, 455, 456, 459, 460, 461, 464, 466, 467, 468, 473, 474, 480, 481, 482, 486, 488, 503, 504, 505, 511, 512, 513, 518, 519, 520, 521, 526, 530, 531, 532, 533, 539, 540, 541, 544, 545, 547, 552, 591, 592, 593, 595, 605, 607], "summary": {"covered_lines": 131, "num_statements": 135, "percent_covered": 97.03703703703704, "percent_covered_display": "97", "missing_lines": 4, "excluded_lines": 0}, "missing_lines": [323, 324, 527, 528], "excluded_lines": []}, "": {"executed_lines": [1, 22, 23, 24, 26, 32, 33, 35, 38, 175, 176, 188, 198, 251, 355, 394, 563, 610, 716], "summary": {"covered_lines": 16, "num_statements": 92, "percent_covered": 17.391304347826086, "percent_covered_display": "17", "missing_lines": 76, "excluded_lines": 3}, "missing_lines": [46, 48, 70, 71, 80, 86, 95, 96, 102, 108, 114, 121, 122, 131, 141, 153, 154, 159, 166, 172, 616, 617, 619, 623, 624, 627, 628, 631, 632, 634, 641, 642, 643, 644, 646, 648, 649, 652, 655, 656, 658, 659, 664, 665, 666, 667, 672, 674, 675, 678, 679, 682, 683, 684, 685, 688, 690, 691, 692, 693, 694, 695, 697, 699, 700, 701, 702, 703, 704, 706, 708, 709, 710, 711, 712, 713], "excluded_lines": [716, 717, 719]}}}, "src/publisher/__init__.py": {"executed_lines": [1, 26, 27, 36, 44, 50], "summary": {"covered_lines": 5, "num_statements": 5, "percent_covered": 100.0, "percent_covered_display": "100", "missing_lines": 0, "excluded_lines": 0}, "missing_lines": [], "excluded_lines": [], "functions": {"": {"executed_lines": [1, 26, 27, 36, 44, 50], "summary": {"covered_lines": 5, "num_statements": 5, "percent_covered": 100.0, "percent_covered_display": "100", "missing_lines": 0, "excluded_lines": 0}, "missing_lines": [], "excluded_lines": []}}, "classes": {"": {"executed_lines": [1, 26, 27, 36, 44, 50], "summary": {"covered_lines": 5, "num_statements": 5, "percent_covered": 100.0, "percent_covered_display": "100", "missing_lines": 0, "excluded_lines": 0}, "missing_lines": [], "excluded_lines": []}}}, "src/publisher/base.py": {"executed_lines": [1, 8, 9, 10, 11, 12, 13, 16, 17, 19, 20, 21, 22, 25, 26, 28, 31, 32, 34, 37, 38, 40, 43, 44, 46, 49, 50, 52, 55, 56, 69, 70, 71, 86, 87, 118, 119, 157, 158, 214, 215, 278, 279, 324, 325, 365, 366], "summary": {"covered_lines": 22, "num_statements": 22, "percent_covered": 100.0, "percent_covered_display": "100", "missing_lines": 0, "excluded_lines": 320}, "missing_lines": [], "excluded_lines": [69, 70, 71, 72, 73, 74, 75, 76, 77, 78, 79, 80, 81, 82, 83, 84, 86, 87, 88, 89, 90, 91, 92, 93, 94, 95, 96, 97, 98, 99, 100, 101, 102, 103, 104, 105, 106, 107, 108, 109, 110, 111, 112, 113, 114, 115, 116, 118, 119, 120, 121, 122, 123, 124, 125, 126, 127, 128, 129, 130, 131, 132, 133, 134, 135, 136, 137, 138, 139, 140, 141, 142, 143, 144, 145, 146, 147, 148, 149, 150, 151, 152, 153, 154, 155, 157, 158, 159, 160, 161, 162, 163, 164, 165, 166, 167, 168, 169, 170, 171, 172, 173, 174, 175, 176, 177, 178, 179, 180, 181, 182, 183, 184, 185, 186, 187, 188, 189, 190, 191, 192, 193, 194, 195, 196, 197, 198, 199, 200, 201, 202, 203, 204, 205, 206, 207, 208, 209, 210, 211, 212, 214, 215, 216, 217, 218, 219, 220, 221, 222, 223, 224, 225, 226, 227, 228, 229, 230, 231, 232, 233, 234, 235, 236, 237, 238, 239, 240, 241, 242, 243, 244, 245, 246, 247, 248, 249, 250, 251, 252, 253, 254, 255, 256, 257, 258, 259, 260, 261, 262, 263, 264, 265, 266, 267, 268, 269, 270, 271, 272, 273, 274, 275, 276, 278, 279, 280, 281, 282, 283, 284, 285, 286, 287, 288, 289, 290, 291, 292, 293, 294, 295, 296, 297, 298, 299, 300, 301, 302, 303, 304, 305, 306, 307, 308, 309, 310, 311, 312, 313, 314, 315, 316, 317, 318, 319, 320, 321, 322, 324, 325, 326, 327, 328, 329, 330, 331, 332, 333, 334, 335, 336, 337, 338, 339, 340, 341, 342, 343, 344, 345, 346, 347, 348, 349, 350, 351, 352, 353, 354, 355, 356, 357, 358, 359, 360, 361, 362, 363, 365, 366, 367, 368, 369, 370, 371, 372, 373, 374, 375, 376, 377, 378, 379, 380, 381, 382, 383, 384, 385, 386, 387, 388, 389, 390, 391, 392, 393, 394, 395], "functions": {"BasePublisher.provider": {"executed_lines": [], "summary": {"covered_lines": 0, "num_statements": 0, "percent_covered": 100.0, "percent_covered_display": "100", "missing_lines": 0, "excluded_lines": 13}, "missing_lines": [], "excluded_lines": [72, 73, 74, 75, 76, 77, 78, 79, 80, 81, 82, 83, 84]}, "BasePublisher.authenticate": {"executed_lines": [], "summary": {"covered_lines": 0, "num_statements": 0, "percent_covered": 100.0, "percent_covered_display": "100", "missing_lines": 0, "excluded_lines": 29}, "missing_lines": [], "excluded_lines": [88, 89, 90, 91, 92, 93, 94, 95, 96, 97, 98, 99, 100, 101, 102, 103, 104, 105, 106, 107, 108, 109, 110, 111, 112, 113, 114, 115, 116]}, "BasePublisher.get_accounts": {"executed_lines": [], "summary": {"covered_lines": 0, "num_statements": 0, "percent_covered": 100.0, "percent_covered_display": "100", "missing_lines": 0, "excluded_lines": 36}, "missing_lines": [], "excluded_lines": [120, 121, 122, 123, 124, 125, 126, 127, 128, 129, 130, 131, 132, 133, 134, 135, 136, 137, 138, 139, 140, 141, 142, 143, 144, 145, 146, 147, 148, 149, 150, 151, 152, 153, 154, 155]}, "BasePublisher.upload_media": {"executed_lines": [], "summary": {"covered_lines": 0, "num_statements": 0, "percent_covered": 100.0, "percent_covered_display": "100", "missing_lines": 0, "excluded_lines": 50}, "missing_lines": [], "excluded_lines": [163, 164, 165, 166, 167, 168, 169, 170, 171, 172, 173, 174, 175, 176, 177, 178, 179, 180, 181, 182, 183, 184, 185, 186, 187, 188, 189, 190, 191, 192, 193, 194, 195, 196, 197, 198, 199, 200, 201, 202, 203, 204, 205, 206, 207, 208, 209, 210, 211, 212]}, "BasePublisher.publish": {"executed_lines": [], "summary": {"covered_lines": 0, "num_statements": 0, "percent_covered": 100.0, "percent_covered_display": "100", "missing_lines": 0, "excluded_lines": 54}, "missing_lines": [], "excluded_lines": [223, 224, 225, 226, 227, 228, 229, 230, 231, 232, 233, 234, 235, 236, 237, 238, 239, 240, 241, 242, 243, 244, 245, 246, 247, 248, 249, 250, 251, 252, 253, 254, 255, 256, 257, 258, 259, 260, 261, 262, 263, 264, 265, 266, 267, 268, 269, 270, 271, 272, 273, 274, 275, 276]}, "BasePublisher.get_status": {"executed_lines": [], "summary": {"covered_lines": 0, "num_statements": 0, "percent_covered": 100.0, "percent_covered_display": "100", "missing_lines": 0, "excluded_lines": 43}, "missing_lines": [], "excluded_lines": [280, 281, 282, 283, 284, 285, 286, 287, 288, 289, 290, 291, 292, 293, 294, 295, 296, 297, 298, 299, 300, 301, 302, 303, 304, 305, 306, 307, 308, 309, 310, 311, 312, 313, 314, 315, 316, 317, 318, 319, 320, 321, 322]}, "BasePublisher.list_posts": {"executed_lines": [], "summary": {"covered_lines": 0, "num_statements": 0, "percent_covered": 100.0, "percent_covered_display": "100", "missing_lines": 0, "excluded_lines": 38}, "missing_lines": [], "excluded_lines": [326, 327, 328, 329, 330, 331, 332, 333, 334, 335, 336, 337, 338, 339, 340, 341, 342, 343, 344, 345, 346, 347, 348, 349, 350, 351, 352, 353, 354, 355, 356, 357, 358, 359, 360, 361, 362, 363]}, "BasePublisher.delete_post": {"executed_lines": [], "summary": {"covered_lines": 0, "num_statements": 0, "percent_covered": 100.0, "percent_covered_display": "100", "missing_lines": 0, "excluded_lines": 29}, "missing_lines": [], "excluded_lines": [367, 368, 369, 370, 371, 372, 373, 374, 375, 376, 377, 378, 379, 380, 381, 382, 383, 384, 385, 386, 387, 388, 389, 390, 391, 392, 393, 394, 395]}, "": {"executed_lines": [1, 8, 9, 10, 11, 12, 13, 16, 17, 19, 20, 21, 22, 25, 26, 28, 31, 32, 34, 37, 38, 40, 43, 44, 46, 49, 50, 52, 55, 56, 69, 70, 71, 86, 87, 118, 119, 157, 158, 214, 215, 278, 279, 324, 325, 365, 366], "summary": {"covered_lines": 22, "num_statements": 22, "percent_covered": 100.0, "percent_covered_display": "100", "missing_lines": 0, "excluded_lines": 28}, "missing_lines": [], "excluded_lines": [69, 70, 71, 86, 87, 118, 119, 157, 158, 159, 160, 161, 162, 214, 215, 216, 217, 218, 219, 220, 221, 222, 278, 279, 324, 325, 365, 366]}}, "classes": {"PublisherProvider": {"executed_lines": [], "summary": {"covered_lines": 0, "num_statements": 0, "percent_covered": 100.0, "percent_covered_display": "100", "missing_lines": 0, "excluded_lines": 0}, "missing_lines": [], "excluded_lines": []}, "PublisherError": {"executed_lines": [], "summary": {"covered_lines": 0, "num_statements": 0, "percent_covered": 100.0, "percent_covered_display": "100", "missing_lines": 0, "excluded_lines": 0}, "missing_lines": [], "excluded_lines": []}, "AuthenticationError": {"executed_lines": [], "summary": {"covered_lines": 0, "num_statements": 0, "percent_covered": 100.0, "percent_covered_display": "100", "missing_lines": 0, "excluded_lines": 0}, "missing_lines": [], "excluded_lines": []}, "UploadError": {"executed_lines": [], "summary": {"covered_lines": 0, "num_statements": 0, "percent_covered": 100.0, "percent_covered_display": "100", "missing_lines": 0, "excluded_lines": 0}, "missing_lines": [], "excluded_lines": []}, "PublishError": {"executed_lines": [], "summary": {"covered_lines": 0, "num_statements": 0, "percent_covered": 100.0, "percent_covered_display": "100", "missing_lines": 0, "excluded_lines": 0}, "missing_lines": [], "excluded_lines": []}, "ValidationError": {"executed_lines": [], "summary": {"covered_lines": 0, "num_statements": 0, "percent_covered": 100.0, "percent_covered_display": "100", "missing_lines": 0, "excluded_lines": 0}, "missing_lines": [], "excluded_lines": []}, "BasePublisher": {"executed_lines": [], "summary": {"covered_lines": 0, "num_statements": 0, "percent_covered": 100.0, "percent_covered_display": "100", "missing_lines": 0, "excluded_lines": 292}, "missing_lines": [], "excluded_lines": [72, 73, 74, 75, 76, 77, 78, 79, 80, 81, 82, 83, 84, 88, 89, 90, 91, 92, 93, 94, 95, 96, 97, 98, 99, 100, 101, 102, 103, 104, 105, 106, 107, 108, 109, 110, 111, 112, 113, 114, 115, 116, 120, 121, 122, 123, 124, 125, 126, 127, 128, 129, 130, 131, 132, 133, 134, 135, 136, 137, 138, 139, 140, 141, 142, 143, 144, 145, 146, 147, 148, 149, 150, 151, 152, 153, 154, 155, 163, 164, 165, 166, 167, 168, 169, 170, 171, 172, 173, 174, 175, 176, 177, 178, 179, 180, 181, 182, 183, 184, 185, 186, 187, 188, 189, 190, 191, 192, 193, 194, 195, 196, 197, 198, 199, 200, 201, 202, 203, 204, 205, 206, 207, 208, 209, 210, 211, 212, 223, 224, 225, 226, 227, 228, 229, 230, 231, 232, 233, 234, 235, 236, 237, 238, 239, 240, 241, 242, 243, 244, 245, 246, 247, 248, 249, 250, 251, 252, 253, 254, 255, 256, 257, 258, 259, 260, 261, 262, 263, 264, 265, 266, 267, 268, 269, 270, 271, 272, 273, 274, 275, 276, 280, 281, 282, 283, 284, 285, 286, 287, 288, 289, 290, 291, 292, 293, 294, 295, 296, 297, 298, 299, 300, 301, 302, 303, 304, 305, 306, 307, 308, 309, 310, 311, 312, 313, 314, 315, 316, 317, 318, 319, 320, 321, 322, 326, 327, 328, 329, 330, 331, 332, 333, 334, 335, 336, 337, 338, 339, 340, 341, 342, 343, 344, 345, 346, 347, 348, 349, 350, 351, 352, 353, 354, 355, 356, 357, 358, 359, 360, 361, 362, 363, 367, 368, 369, 370, 371, 372, 373, 374, 375, 376, 377, 378, 379, 380, 381, 382, 383, 384, 385, 386, 387, 388, 389, 390, 391, 392, 393, 394, 395]}, "": {"executed_lines": [1, 8, 9, 10, 11, 12, 13, 16, 17, 19, 20, 21, 22, 25, 26, 28, 31, 32, 34, 37, 38, 40, 43, 44, 46, 49, 50, 52, 55, 56, 69, 70, 71, 86, 87, 118, 119, 157, 158, 214, 215, 278, 279, 324, 325, 365, 366], "summary": {"covered_lines": 22, "num_statements": 22, "percent_covered": 100.0, "percent_covered_display": "100", "missing_lines": 0, "excluded_lines": 28}, "missing_lines": [], "excluded_lines": [69, 70, 71, 86, 87, 118, 119, 157, 158, 159, 160, 161, 162, 214, 215, 216, 217, 218, 219, 220, 221, 222, 278, 279, 324, 325, 365, 366]}}}, "src/publisher/batch.py": {"executed_lines": [1, 8, 9, 10, 11, 12, 14, 15, 16, 18, 21, 22, 39, 75, 76, 79, 84, 85, 86, 88, 89, 94, 119, 121, 122, 123, 126, 128, 129, 130, 138, 139, 142, 143, 144, 145, 146, 154, 155, 156, 158, 159, 160, 162, 164, 168, 169, 170, 172, 173, 174, 175, 176, 177, 181, 182, 183, 187, 188, 190, 191, 192, 206, 207, 210, 211, 212, 215, 217, 219, 229, 231, 232, 233, 235, 238, 239, 242, 245, 247, 248, 250, 251, 253, 274, 276, 277, 278, 281, 282, 287, 291, 292, 296, 302, 303, 312, 320, 323, 324, 336, 337, 339, 345, 346, 347, 351, 352, 355, 356, 357, 358, 363, 364, 384, 412, 414, 415, 416, 417, 419, 428, 429, 432, 434, 442, 443, 444, 447, 448, 449, 450, 451, 454, 455, 465, 468, 469, 470, 473, 474, 475, 476, 477, 478, 479, 481, 482, 483, 488, 495, 496, 497, 500, 501, 502, 504, 505, 506, 507, 510, 511, 512, 513, 514, 517, 521, 522, 523, 524, 525, 530, 531], "summary": {"covered_lines": 171, "num_statements": 203, "percent_covered": 84.23645320197045, "percent_covered_display": "84", "missing_lines": 32, "excluded_lines": 0}, "missing_lines": [194, 195, 196, 197, 198, 199, 201, 202, 203, 240, 313, 317, 369, 373, 374, 377, 379, 386, 387, 392, 394, 405, 410, 456, 457, 458, 459, 461, 462, 463, 515, 518], "excluded_lines": [], "functions": {"BatchPublisher.__init__": {"executed_lines": [75, 76, 79, 84, 85, 86, 88, 89], "summary": {"covered_lines": 8, "num_statements": 8, "percent_covered": 100.0, "percent_covered_display": "100", "missing_lines": 0, "excluded_lines": 0}, "missing_lines": [], "excluded_lines": []}, "BatchPublisher.publish_batch": {"executed_lines": [119, 121, 122, 123, 126, 128, 129, 130, 138, 139, 142, 143, 144, 145, 146, 154, 155, 156, 158, 159, 160, 162, 164, 168, 169, 170, 172, 173, 174, 175, 176, 177, 181, 182, 183, 187, 188, 190, 191, 192, 206, 207, 210, 211, 212, 215, 217], "summary": {"covered_lines": 47, "num_statements": 56, "percent_covered": 83.92857142857143, "percent_covered_display": "84", "missing_lines": 9, "excluded_lines": 0}, "missing_lines": [194, 195, 196, 197, 198, 199, 201, 202, 203], "excluded_lines": []}, "BatchPublisher._discover_videos": {"executed_lines": [229, 231, 232, 233, 235, 238, 239, 242, 245, 247, 248, 250, 251], "summary": {"covered_lines": 13, "num_statements": 14, "percent_covered": 92.85714285714286, "percent_covered_display": "93", "missing_lines": 1, "excluded_lines": 0}, "missing_lines": [240], "excluded_lines": []}, "BatchPublisher._publish_single_video": {"executed_lines": [274, 276, 277, 278, 281, 282, 287, 291, 292, 296, 302, 303, 312, 320, 323, 324, 336, 337, 339, 345, 346, 347, 351, 352, 355, 356, 357, 358, 363, 364, 384, 412, 414, 415, 416, 417], "summary": {"covered_lines": 36, "num_statements": 49, "percent_covered": 73.46938775510205, "percent_covered_display": "73", "missing_lines": 13, "excluded_lines": 0}, "missing_lines": [313, 317, 369, 373, 374, 377, 379, 386, 387, 392, 394, 405, 410], "excluded_lines": []}, "BatchPublisher._apply_staggered_delay": {"executed_lines": [428, 429, 432], "summary": {"covered_lines": 3, "num_statements": 3, "percent_covered": 100.0, "percent_covered_display": "100", "missing_lines": 0, "excluded_lines": 0}, "missing_lines": [], "excluded_lines": []}, "BatchPublisher._log_summary": {"executed_lines": [442, 443, 444, 447, 448, 449, 450, 451, 454, 455, 465, 468, 469, 470, 473, 474, 475, 476, 477, 478, 479, 481, 482, 483, 488, 495, 496, 497, 500, 501, 502, 504, 505, 506, 507, 510, 511, 512, 513, 514, 517, 521, 522, 523, 524, 525, 530, 531], "summary": {"covered_lines": 48, "num_statements": 57, "percent_covered": 84.21052631578948, "percent_covered_display": "84", "missing_lines": 9, "excluded_lines": 0}, "missing_lines": [456, 457, 458, 459, 461, 462, 463, 515, 518], "excluded_lines": []}, "": {"executed_lines": [1, 8, 9, 10, 11, 12, 14, 15, 16, 18, 21, 22, 39, 94, 219, 253, 419, 434], "summary": {"covered_lines": 16, "num_statements": 16, "percent_covered": 100.0, "percent_covered_display": "100", "missing_lines": 0, "excluded_lines": 0}, "missing_lines": [], "excluded_lines": []}}, "classes": {"BatchPublisher": {"executed_lines": [75, 76, 79, 84, 85, 86, 88, 89, 119, 121, 122, 123, 126, 128, 129, 130, 138, 139, 142, 143, 144, 145, 146, 154, 155, 156, 158, 159, 160, 162, 164, 168, 169, 170, 172, 173, 174, 175, 176, 177, 181, 182, 183, 187, 188, 190, 191, 192, 206, 207, 210, 211, 212, 215, 217, 229, 231, 232, 233, 235, 238, 239, 242, 245, 247, 248, 250, 251, 274, 276, 277, 2
[...]
lines": []}, "validate_ass_file": {"executed_lines": [156, 157, 158, 160, 161, 163, 164, 165, 168, 169, 170, 171, 172, 174, 175, 176, 179, 180, 181, 182, 184, 185, 189], "summary": {"covered_lines": 23, "num_statements": 26, "percent_covered": 88.46153846153847, "percent_covered_display": "88", "missing_lines": 3, "excluded_lines": 0}, "missing_lines": [191, 192, 193], "excluded_lines": []}, "": {"executed_lines": [1, 13, 14, 15, 17, 19, 22, 76, 143], "summary": {"covered_lines": 8, "num_statements": 8, "percent_covered": 100.0, "percent_covered_display": "100", "missing_lines": 0, "excluded_lines": 0}, "missing_lines": [], "excluded_lines": []}}, "classes": {"": {"executed_lines": [1, 13, 14, 15, 17, 19, 22, 38, 39, 40, 42, 43, 45, 46, 47, 50, 51, 52, 53, 54, 55, 56, 57, 58, 60, 61, 62, 64, 65, 69, 71, 72, 73, 76, 91, 92, 93, 95, 96, 98, 99, 103, 106, 107, 108, 111, 112, 114, 115, 116, 118, 122, 123, 126, 128, 130, 131, 132, 134, 135, 140, 143, 156, 157, 158, 160, 161, 163, 164, 165, 168, 169, 170, 171, 172, 174, 175, 176, 179, 180, 181, 182, 184, 185, 189], "summary": {"covered_lines": 84, "num_statements": 89, "percent_covered": 94.38202247191012, "percent_covered_display": "94", "missing_lines": 5, "excluded_lines": 0}, "missing_lines": [119, 120, 191, 192, 193], "excluded_lines": []}}}, "src/video/tts.py": {"executed_lines": [1, 22, 23, 24, 25, 26, 27, 28, 30, 31, 39, 42, 43, 44, 47, 48, 49, 50, 51, 52, 55, 56, 57, 62, 64, 65, 67, 68, 115, 116, 118, 126, 127, 129, 143, 144, 145, 146, 149, 179, 193, 217, 236, 312, 423, 424, 441, 450, 451, 453, 475, 478, 480, 481, 482, 483, 484, 487, 490, 491, 493, 496, 498, 505, 506, 507, 513, 515, 516, 518], "summary": {"covered_lines": 68, "num_statements": 254, "percent_covered": 26.771653543307085, "percent_covered_display": "27", "missing_lines": 186, "excluded_lines": 1}, "missing_lines": [69, 70, 77, 82, 83, 84, 86, 89, 91, 94, 96, 99, 101, 104, 107, 108, 109, 110, 111, 119, 120, 123, 124, 130, 131, 135, 137, 138, 139, 151, 152, 153, 154, 155, 156, 157, 159, 161, 166, 169, 170, 171, 175, 176, 182, 183, 184, 185, 186, 187, 188, 189, 190, 195, 196, 197, 198, 199, 200, 201, 202, 203, 204, 209, 210, 211, 214, 219, 220, 221, 222, 223, 224, 225, 226, 227, 228, 229, 230, 231, 232, 233, 239, 240, 241, 246, 247, 248, 249, 250, 254, 255, 260, 261, 262, 265, 266, 267, 268, 269, 270, 271, 272, 275, 276, 279, 281, 288, 289, 290, 291, 292, 293, 294, 295, 296, 298, 299, 301, 306, 309, 315, 316, 317, 318, 319, 320, 321, 322, 323, 324, 327, 328, 330, 331, 333, 339, 341, 342, 345, 346, 347, 348, 353, 355, 357, 362, 366, 372, 376, 377, 378, 379, 383, 384, 385, 386, 387, 388, 389, 396, 399, 403, 404, 405, 406, 407, 408, 409, 410, 411, 414, 415, 416, 418, 419, 420, 476, 477, 488, 489, 492, 497, 508, 509, 517], "excluded_lines": [140], "functions": {"_initialize_coqui_tts_model": {"executed_lines": [], "summary": {"covered_lines": 0, "num_statements": 15, "percent_covered": 0.0, "percent_covered_display": "0", "missing_lines": 15, "excluded_lines": 0}, "missing_lines": [151, 152, 153, 154, 155, 156, 157, 159, 161, 166, 169, 170, 171, 175, 176], "excluded_lines": []}, "_generate_coqui_speech_sync": {"executed_lines": [], "summary": {"covered_lines": 0, "num_statements": 9, "percent_covered": 0.0, "percent_covered_display": "0", "missing_lines": 9, "excluded_lines": 0}, "missing_lines": [182, 183, 184, 185, 186, 187, 188, 189, 190], "excluded_lines": []}, "_initialize_google_cloud_client": {"executed_lines": [], "summary": {"covered_lines": 0, "num_statements": 14, "percent_covered": 0.0, "percent_covered_display": "0", "missing_lines": 14, "excluded_lines": 0}, "missing_lines": [195, 196, 197, 198, 199, 200, 201, 202, 203, 204, 209, 210, 211, 214], "excluded_lines": []}, "_fetch_available_voices": {"executed_lines": [], "summary": {"covered_lines": 0, "num_statements": 15, "percent_covered": 0.0, "percent_covered_display": "0", "missing_lines": 15, "excluded_lines": 0}, "missing_lines": [219, 220, 221, 222, 223, 224, 225, 226, 227, 228, 229, 230, 231, 232, 233], "excluded_lines": []}, "_filter_and_select_voice": {"executed_lines": [], "summary": {"covered_lines": 0, "num_statements": 39, "percent_covered": 0.0, "percent_covered_display": "0", "missing_lines": 39, "excluded_lines": 0}, "missing_lines": [239, 240, 241, 246, 247, 248, 249, 250, 254, 255, 260, 261, 262, 265, 266, 267, 268, 269, 270, 271, 272, 275, 276, 279, 281, 288, 289, 290, 291, 292, 293, 294, 295, 296, 298, 299, 301, 306, 309], "excluded_lines": []}, "_generate_google_cloud_speech": {"executed_lines": [], "summary": {"covered_lines": 0, "num_statements": 56, "percent_covered": 0.0, "percent_covered_display": "0", "missing_lines": 56, "excluded_lines": 0}, "missing_lines": [315, 316, 317, 318, 319, 320, 321, 322, 323, 324, 327, 328, 330, 331, 333, 339, 341, 342, 345, 346, 347, 348, 353, 355, 357, 362, 366, 372, 376, 377, 378, 379, 383, 384, 385, 386, 387, 388, 389, 396, 399, 403, 404, 405, 406, 407, 408, 409, 410, 411, 414, 415, 416, 418, 419, 420], "excluded_lines": []}, "TTSManager.__init__": {"executed_lines": [450, 451], "summary": {"covered_lines": 2, "num_statements": 2, "percent_covered": 100.0, "percent_covered_display": "100", "missing_lines": 0, "excluded_lines": 0}, "missing_lines": [], "excluded_lines": []}, "TTSManager.generate_speech": {"executed_lines": [475, 478, 480, 481, 482, 483, 484, 487, 490, 491, 493, 496, 498, 505, 506, 507, 513, 515, 516, 518], "summary": {"covered_lines": 20, "num_statements": 29, "percent_covered": 68.96551724137932, "percent_covered_display": "69", "missing_lines": 9, "excluded_lines": 0}, "missing_lines": [476, 477, 488, 489, 492, 497, 508, 509, 517], "excluded_lines": []}, "": {"executed_lines": [1, 22, 23, 24, 25, 26, 27, 28, 30, 31, 39, 42, 43, 44, 47, 48, 49, 50, 51, 52, 55, 56, 57, 62, 64, 65, 67, 68, 115, 116, 118, 126, 127, 129, 143, 144, 145, 146, 149, 179, 193, 217, 236, 312, 423, 424, 441, 453], "summary": {"covered_lines": 46, "num_statements": 75, "percent_covered": 61.333333333333336, "percent_covered_display": "61", "missing_lines": 29, "excluded_lines": 1}, "missing_lines": [69, 70, 77, 82, 83, 84, 86, 89, 91, 94, 96, 99, 101, 104, 107, 108, 109, 110, 111, 119, 120, 123, 124, 130, 131, 135, 137, 138, 139], "excluded_lines": [140]}}, "classes": {"TTSManager": {"executed_lines": [450, 451, 475, 478, 480, 481, 482, 483, 484, 487, 490, 491, 493, 496, 498, 505, 506, 507, 513, 515, 516, 518], "summary": {"covered_lines": 22, "num_statements": 31, "percent_covered": 70.96774193548387, "percent_covered_display": "71", "missing_lines": 9, "excluded_lines": 0}, "missing_lines": [476, 477, 488, 489, 492, 497, 508, 509, 517], "excluded_lines": []}, "": {"executed_lines": [1, 22, 23, 24, 25, 26, 27, 28, 30, 31, 39, 42, 43, 44, 47, 48, 49, 50, 51, 52, 55, 56, 57, 62, 64, 65, 67, 68, 115, 116, 118, 126, 127, 129, 143, 144, 145, 146, 149, 179, 193, 217, 236, 312, 423, 424, 441, 453], "summary": {"covered_lines": 46, "num_statements": 223, "percent_covered": 20.62780269058296, "percent_covered_display": "21", "missing_lines": 177, "excluded_lines": 1}, "missing_lines": [69, 70, 77, 82, 83, 84, 86, 89, 91, 94, 96, 99, 101, 104, 107, 108, 109, 110, 111, 119, 120, 123, 124, 130, 131, 135, 137, 138, 139, 151, 152, 153, 154, 155, 156, 157, 159, 161, 166, 169, 170, 171, 175, 176, 182, 183, 184, 185, 186, 187, 188, 189, 190, 195, 196, 197, 198, 199, 200, 201, 202, 203, 204, 209, 210, 211, 214, 219, 220, 221, 222, 223, 224, 225, 226, 227, 228, 229, 230, 231, 232, 233, 239, 240, 241, 246, 247, 248, 249, 250, 254, 255, 260, 261, 262, 265, 266, 267, 268, 269, 270, 271, 272, 275, 276, 279, 281, 288, 289, 290, 291, 292, 293, 294, 295, 296, 298, 299, 301, 306, 309, 315, 316, 317, 318, 319, 320, 321, 322, 323, 324, 327, 328, 330, 331, 333, 339, 341, 342, 345, 346, 347, 348, 353, 355, 357, 362, 366, 372, 376, 377, 378, 379, 383, 384, 385, 386, 387, 388, 389, 396, 399, 403, 404, 405, 406, 407, 408, 409, 410, 411, 414, 415, 416, 418, 419, 420], "excluded_lines": [140]}}}, "src/video/unified_subtitle_generator.py": {"executed_lines": [1, 8, 9, 10, 11, 12, 14, 16, 17, 18, 19, 28, 34, 35, 37, 52, 53, 54, 55, 59, 61, 63, 78, 81, 85, 86, 89, 90, 92, 93, 94, 95, 96, 97, 98, 99, 101, 102, 104, 106, 128, 131, 132, 133, 135, 160, 161, 166, 167, 169, 171, 172, 182, 186, 196, 197, 201, 203, 204, 212, 219, 231, 256, 257, 264, 272, 274, 278, 279, 287, 292, 294, 295, 304, 324, 326, 327, 329, 330, 331, 332, 334, 336, 339, 340, 341, 343, 346, 358, 360, 368, 369, 370, 371, 373, 374, 375, 376, 378, 379, 382, 384, 385, 386, 389, 393, 394, 395, 399, 400, 407, 413, 415, 417, 418, 419, 422, 431, 434, 435, 444, 445, 446, 449, 450, 455, 456, 457, 459, 463, 465, 466, 468, 469, 477, 479, 487, 488, 489, 492, 498, 499, 502, 503, 509, 514, 517, 518, 520, 521, 523, 525, 528, 535, 539, 542, 543, 552, 553, 556, 557, 558, 563, 566, 569, 572, 583, 588, 590, 591, 592, 595, 598, 599, 606, 609, 610, 611, 613, 614, 617, 618, 621, 622, 623, 627, 628, 636, 638, 645, 646, 649, 651, 652, 653, 655, 658, 664, 666, 667, 668, 671, 673, 674, 676, 678, 679, 680, 682, 690, 691, 694, 695, 698, 707, 710, 713, 714, 717, 718, 721, 723, 728, 734, 740, 748, 750, 755, 766, 768, 770, 772, 774, 775, 777, 781, 782, 783, 784, 788, 789, 790, 791, 792, 804, 806, 808, 810, 812, 813, 816, 817, 818, 819, 820, 822, 852, 860, 861, 862, 867, 872, 874, 875, 877, 890, 891, 892, 895, 898, 899, 900, 901, 903, 906, 909, 910, 911, 912, 914, 916, 918, 926, 927, 928, 929, 932, 933, 936, 937, 940, 941, 944, 945, 946, 949, 954, 974, 999, 1013, 1037, 1038, 1041, 1042, 1043, 1049, 1050, 1051, 1052, 1057, 1058, 1060, 1063, 1066, 1071, 1078, 1080, 1081, 1082, 1083, 1084, 1086], "summary": {"covered_lines": 320, "num_statements": 391, "percent_covered": 81.84143222506394, "percent_covered_display": "82", "missing_lines": 71, "excluded_lines": 0}, "missing_lines": [129, 173, 178, 179, 187, 192, 193, 221, 222, 223, 229, 265, 288, 313, 314, 317, 335, 337, 344, 355, 356, 426, 428, 432, 564, 578, 579, 580, 584, 585, 586, 596, 656, 724, 730, 731, 732, 793, 795, 796, 801, 802, 955, 956, 959, 962, 966, 967, 975, 976, 979, 982, 985, 989, 990, 1000, 1001, 1005, 1006, 1007, 1014, 1015, 1020, 1026, 1029, 1030, 1031, 1073, 1074, 1075, 1076], "excluded_lines": [], "functions": {"UnifiedSubtitleGenerator.__init__": {"executed_lines": [52, 53, 54, 55, 59, 61], "summary": {"covered_lines": 6, "num_statements": 6, "percent_covered": 100.0, "percent_covered_display": "100", "missing_lines": 0, "excluded_lines": 0}, "missing_lines": [], "excluded_lines": []}, "UnifiedSubtitleGenerator.estimate_text_width_pixels": {"executed_lines": [78, 81, 85, 86, 89, 90, 92, 93, 94, 95, 96, 97, 98, 99, 101, 102, 104], "summary": {"covered_lines": 17, "num_statements": 17, "percent_covered": 100.0, "percent_covered_display": "100", "missing_lines": 0, "excluded_lines": 0}, "missing_lines": [], "excluded_lines": []}, "UnifiedSubtitleGenerator.fits_within_image_width": {"executed_lines": [128, 131, 132, 133], "summary": {"covered_lines": 4, "num_statements": 5, "percent_covered": 80.0, "percent_covered_display": "80", "missing_lines": 1, "excluded_lines": 0}, "missing_lines": [129], "excluded_lines": []}, "UnifiedSubtitleGenerator.generate_from_timings": {"executed_lines": [160, 161, 166, 167, 169, 171, 172, 182, 186, 196, 197, 201, 203, 204, 212, 219], "summary": {"covered_lines": 16, "num_statements": 26, "percent_covered": 61.53846153846154, "percent_covered_display": "62", "missing_lines": 10, "excluded_lines": 0}, "missing_lines": [173, 178, 179, 187, 192, 193, 221, 222, 223, 229], "excluded_lines": []}, "UnifiedSubtitleGenerator.generate_from_script": {"executed_lines": [256, 257, 264, 272, 274, 278, 279, 287, 292, 294, 295, 304], "summary": {"covered_lines": 12, "num_statements": 17, "percent_covered": 70.58823529411765, "percent_covered_display": "71", "missing_lines": 5, "excluded_lines": 0}, "missing_lines": [265, 288, 313, 314, 317], "excluded_lines": []}, "UnifiedSubtitleGenerator._clean_timings": {"executed_lines": [326, 327, 329, 330, 331, 332, 334, 336, 339, 340, 341, 343, 346, 358], "summary": {"covered_lines": 14, "num_statements": 19, "percent_covered": 73.6842105263158, "percent_covered_display": "74", "missing_lines": 5, "excluded_lines": 0}, "missing_lines": [335, 337, 344, 355, 356], "excluded_lines": []}, "UnifiedSubtitleGenerator._create_segments": {"executed_lines": [368, 369, 370, 371, 373, 374, 375, 376, 378, 379, 382, 384, 385, 386, 389, 393, 394, 395, 399, 400, 407, 413, 415, 417, 418, 419, 422, 431, 434, 435, 444, 445, 446, 449, 450, 455, 456, 457, 459, 463, 465, 466, 468, 469, 477], "summary": {"covered_lines": 45, "num_statements": 48, "percent_covered": 93.75, "percent_covered_display": "94", "missing_lines": 3, "excluded_lines": 0}, "missing_lines": [426, 428, 432], "excluded_lines": []}, "UnifiedSubtitleGenerator._create_script_segments": {"executed_lines": [487, 488, 489, 492, 498, 499, 502, 503, 509, 514, 517, 518, 520, 521, 523, 525, 528, 535, 539, 542, 543, 552, 553, 556, 557, 558, 563, 566, 569, 572, 583, 588, 590, 591, 592, 595, 598, 599, 606, 609, 610, 611, 613, 614, 617, 618, 621, 622, 623, 627, 628, 636], "summary": {"covered_lines": 52, "num_statements": 60, "percent_covered": 86.66666666666667, "percent_covered_display": "87", "missing_lines": 8, "excluded_lines": 0}, "missing_lines": [564, 578, 579, 580, 584, 585, 586, 596], "excluded_lines": []}, "UnifiedSubtitleGenerator._generate_srt": {"executed_lines": [645, 646, 649, 651, 652, 653, 655, 658, 664, 666, 667, 668, 671, 673, 674, 676, 678, 679, 680], "summary": {"covered_lines": 19, "num_statements": 20, "percent_covered": 95.0, "percent_covered_display": "95", "missing_lines": 1, "excluded_lines": 0}, "missing_lines": [656], "excluded_lines": []}, "UnifiedSubtitleGenerator._generate_ass": {"executed_lines": [690, 691, 694, 695, 698, 707, 710, 713, 714, 717, 718, 721, 723, 728], "summary": {"covered_lines": 14, "num_statements": 18, "percent_covered": 77.77777777777777, "percent_covered_display": "78", "missing_lines": 4, "excluded_lines": 0}, "missing_lines": [724, 730, 731, 732], "excluded_lines": []}, "UnifiedSubtitleGenerator._select_colors": {"executed_lines": [740, 748], "summary": {"covered_lines": 2, "num_statements": 2, "percent_covered": 100.0, "percent_covered_display": "100", "missing_lines": 0, "excluded_lines": 0}, "missing_lines": [], "excluded_lines": []}, "UnifiedSubtitleGenerator._select_effects": {"executed_lines": [755, 766, 768, 770, 772, 774, 775, 777, 781, 782, 783, 784, 788, 789, 790, 791, 792, 804], "summary": {"covered_lines": 18, "num_statements": 23, "percent_covered": 78.26086956521739, "percent_covered_display": "78", "missing_lines": 5, "excluded_lines": 0}, "missing_lines": [793, 795, 796, 801, 802], "excluded_lines": []}, "UnifiedSubtitleGenerator._get_colors": {"executed_lines": [808], "summary": {"covered_lines": 1, "num_statements": 1, "percent_covered": 100.0, "percent_covered_display": "100", "missing_lines": 0, "excluded_lines": 0}, "missing_lines": [], "excluded_lines": []}, "UnifiedSubtitleGenerator._create_ass_header": {"executed_lines": [812, 813, 816, 817, 818, 819, 820, 822], "summary": {"covered_lines": 8, "num_statements": 8, "percent_covered": 100.0, "percent_covered_display": "100", "missing_lines": 0, "excluded_lines": 0}, "missing_lines": [], "excluded_lines": []}, "UnifiedSubtitleGenerator._get_karaoke_colors": {"executed_lines": [860, 861, 862, 867, 872, 874, 875], "summary": {"covered_lines": 7, "num_statements": 7, "percent_covered": 100.0, "percent_covered_display": "100", "missing_lines": 0, "excluded_lines": 0}, "missing_lines": [], "excluded_lines": []}, "UnifiedSubtitleGenerator._create_karaoke_effects": {"executed_lines": [890, 891, 892, 895, 898, 899, 900, 901, 903, 906, 909, 910, 911, 912, 914, 916], "summary": {"covered_lines": 16, "num_statements": 16, "percent_covered": 100.0, "percent_covered_display": "100", "missing_lines": 0, "excluded_lines": 0}, "missing_lines": [], "excluded_lines": []}, "UnifiedSubtitleGenerator._create_dialogue_line": {"executed_lines": [926, 927, 928, 929, 932, 933, 936, 937, 940, 941, 944, 945, 946, 949, 954, 974, 999, 1013, 1037, 1038, 1041, 1042, 1043, 1049, 1050, 1051, 1052, 1057, 1058, 1060, 1063, 1066, 1071], "summary": {"covered_lines": 33, "num_statements": 62, "percent_covered": 53.225806451612904, "percent_covered_display": "53", "missing_lines": 29, "excluded_lines": 0}, "missing_lines": [955, 956, 959, 962, 966, 967, 975, 976, 979, 982, 985, 989, 990, 1000, 1001, 1005, 1006, 1007, 1014, 1015, 1020, 1026, 1029, 1030, 1031, 1073, 1074, 1075, 1076], "excluded_lines": []}, "UnifiedSubtitleGenerator._format_ass_time": {"executed_lines": [1080, 1081, 1082, 1083, 1084, 1086], "summary": {"covered_lines": 6, "num_statements": 6, "percent_covered": 100.0, "percent_covered_display": "100", "missing_lines": 0, "excluded_lines": 0}, "missing_lines": [], "excluded_lines": []}, "": {"executed_lines": [1, 8, 9, 10, 11, 12, 14, 16, 17, 18, 19, 28, 34, 35, 37, 63, 106, 135, 231, 324, 360, 479, 638, 682, 734, 750, 806, 810, 852, 877, 918, 1078], "summary": {"covered_lines": 30, "num_statements": 30, "percent_covered": 100.0, "percent_covered_display": "100", "missing_lines": 0, "excluded_lines": 0}, "missing_lines": [], "excluded_lines": []}}, "classes": {"UnifiedSubtitleGenerator": {"executed_lines": [52, 53, 54, 55, 59, 61, 78, 81, 85, 86, 89, 90, 92, 93, 94, 95, 96, 97, 98, 99, 101, 102, 104, 128, 131, 132, 133, 160, 161, 166, 167, 169, 171, 172, 182, 186, 196, 197, 201, 203, 204, 212, 219, 256, 257, 264, 272, 274, 278, 279, 287, 292, 294, 295, 304, 326, 327, 329, 330, 331, 332, 334, 336, 339, 340, 341, 343, 346, 358, 368, 369, 370, 371, 373, 374, 375, 376, 378, 379, 382, 384, 385, 386, 389, 393, 394, 395, 399, 400, 407, 413, 415, 417, 418, 419, 422, 431, 434, 435, 444, 445, 446, 449, 450, 455, 456, 457, 459, 463, 465, 466, 468, 469, 477, 487, 488, 489, 492, 498, 499, 502, 503, 509, 514, 517, 518, 520, 521, 523, 525, 528, 535, 539, 542, 543, 552, 553, 556, 557, 558, 563, 566, 569, 572, 583, 588, 590, 591, 592, 595, 598, 599, 606, 609, 610, 611, 613, 614, 617, 618, 621, 622, 623, 627, 628, 636, 645, 646, 649, 651, 652, 653, 655, 658, 664, 666, 667, 668, 671, 673, 674, 676, 678, 679, 680, 690, 691, 694, 695, 698, 707, 710, 713, 714, 717, 718, 721, 723, 728, 740, 748, 755, 766, 768, 770, 772, 774, 775, 777, 781, 782, 783, 784, 788, 789, 790, 791, 792, 804, 808, 812, 813, 816, 817, 818, 819, 820, 822, 860, 861, 862, 867, 872, 874, 875, 890, 891, 892, 895, 898, 899, 900, 901, 903, 906, 909, 910, 911, 912, 914, 916, 926, 927, 928, 929, 932, 933, 936, 937, 940, 941, 944, 945, 946, 949, 954, 974, 999, 1013, 1037, 1038, 1041, 1042, 1043, 1049, 1050, 1051, 1052, 1057, 1058, 1060, 1063, 1066, 1071, 1080, 1081, 1082, 1083, 1084, 1086], "summary": {"covered_lines": 290, "num_statements": 361, "percent_covered": 80.33240997229917, "percent_covered_display": "80", "missing_lines": 71, "excluded_lines": 0}, "missing_lines": [129, 173, 178, 179, 187, 192, 193, 221, 222, 223, 229, 265, 288, 313, 314, 317, 335, 337, 344, 355, 356, 426, 428, 432, 564, 578, 579, 580, 584, 585, 586, 596, 656, 724, 730, 731, 732, 793, 795, 796, 801, 802, 955, 956, 959, 962, 966, 967, 975, 976, 979, 982, 985, 989, 990, 1000, 1001, 1005, 1006, 1007, 1014, 1015, 1020, 1026, 1029, 1030, 1031, 1073, 1074, 1075, 1076], "excluded_lines": []}, "": {"executed_lines": [1, 8, 9, 10, 11, 12, 14, 16, 17, 18, 19, 28, 34, 35, 37, 63, 106, 135, 231, 324, 360, 479, 638, 682, 734, 750, 806, 810, 852, 877, 918, 1078], "summary": {"covered_lines": 30, "num_statements": 30, "percent_covered": 100.0, "percent_covered_display": "100", "missing_lines": 0, "excluded_lines": 0}, "missing_lines": [], "excluded_lines": []}}}}, "totals": {"covered_lines": 7114, "num_statements": 15613, "percent_covered": 45.56459360789086, "percent_covered_display": "46", "missing_lines": 8499, "excluded_lines": 559}}